#
# There is insufficient memory for the Java Runtime Environment to continue.
# Native memory allocation (mmap) failed to map 63963136 bytes for committing reserved memory.
# Possible reasons:
#   The system is out of physical RAM or swap space
#   In 32 bit mode, the process size limit was hit
# Possible solutions:
#   Reduce memory load on the system
#   Increase physical memory or swap space
#   Check if swap backing store is full
#   Use 64 bit Java on a 64 bit OS
#   Decrease Java heap size (-Xmx/-Xms)
#   Decrease number of Java threads
#   Decrease Java thread stack sizes (-Xss)
#   Set larger code cache with -XX:ReservedCodeCacheSize=
# This output file may be truncated or incomplete.
#
#  Out of Memory Error (os_linux.cpp:2640), pid=16427, tid=0x00007fddc50f0700
#
# JRE version: OpenJDK Runtime Environment (8.0_152) (build 1.8.0_152-release-1343-b16-5323222)
# Java VM: OpenJDK 64-Bit Server VM (25.152-b16-5323222 mixed mode linux-amd64 compressed oops)
# Failed to write core dump. Core dumps have been disabled. To enable core dumping, try "ulimit -c unlimited" before starting Java again
#

---------------  T H R E A D  ---------------

Current thread (0x00007fdddc079000):  VMThread [stack: 0x00007fddc4ff1000,0x00007fddc50f1000] [id=16436]

Stack: [0x00007fddc4ff1000,0x00007fddc50f1000],  sp=0x00007fddc50ef4e0,  free space=1017k
Native frames: (J=compiled Java code, j=interpreted, Vv=VM code, C=native code)
V  [libjvm.so+0x9ffc88]  VMError::report_and_die()+0x148
V  [libjvm.so+0x4ce9aa]  report_vm_out_of_memory(char const*, int, unsigned long, VMErrorType, char const*)+0x8a
V  [libjvm.so+0x8673d8]  os::pd_commit_memory(char*, unsigned long, unsigned long, bool)+0xd8
V  [libjvm.so+0x86201f]  os::commit_memory(char*, unsigned long, unsigned long, bool)+0x1f
V  [libjvm.so+0x8d839b]  PSVirtualSpace::expand_by(unsigned long)+0x5b
V  [libjvm.so+0x8d8ff0]  PSYoungGen::resize_generation(unsigned long, unsigned long)+0xb0
V  [libjvm.so+0x8d930b]  PSYoungGen::resize(unsigned long, unsigned long)+0x1b
V  [libjvm.so+0x8d5a3e]  PSScavenge::invoke_no_policy()+0xdce
V  [libjvm.so+0x8d61f8]  PSScavenge::invoke()+0x38
V  [libjvm.so+0x88a7e3]  ParallelScavengeHeap::failed_mem_allocate(unsigned long)+0x63
V  [libjvm.so+0xa01754]  VM_ParallelGCFailedAllocation::doit()+0x84
V  [libjvm.so+0xa05bf7]  VM_Operation::evaluate()+0x47
V  [libjvm.so+0xa04658]  VMThread::evaluate_operation(VM_Operation*)+0x2c8
V  [libjvm.so+0xa04ab1]  VMThread::loop()+0x1f1
V  [libjvm.so+0xa04ee2]  VMThread::run()+0x72
V  [libjvm.so+0x864822]  java_start(Thread*)+0xf2

VM_Operation (0x00007fdd8f3ee6e0): ParallelGCFailedAllocation, mode: safepoint, requested by thread 0x00007fdd70017800


---------------  P R O C E S S  ---------------

Java Threads: ( => current thread )
  0x00007fdd7010c000 JavaThread "Cache worker for journal cache (/home/myworldsoftware-u/.gradle/caches/journal-1)" [_thread_blocked, id=16458, stack(0x00007fdd8edec000,0x00007fdd8eeed000)]
  0x00007fdd70109000 JavaThread "File lock request listener" [_thread_in_native, id=16457, stack(0x00007fdd8eeed000,0x00007fdd8efee000)]
  0x00007fdd70101800 JavaThread "Cache worker for file hash cache (/home/myworldsoftware-u/.gradle/caches/5.1.1/fileHashes)" [_thread_blocked, id=16456, stack(0x00007fdd8efee000,0x00007fdd8f0ef000)]
  0x00007fdd70017800 JavaThread "Thread-8" [_thread_blocked, id=16455, stack(0x00007fdd8f2ef000,0x00007fdd8f3f0000)]
  0x00007fdd7000e800 JavaThread "Stdin handler" [_thread_blocked, id=16454, stack(0x00007fdd8f3f0000,0x00007fdd8f4f1000)]
  0x00007fdd7000d000 JavaThread "Asynchronous log dispatcher for DefaultDaemonConnection: socket connection from /127.0.0.1:43179 to /127.0.0.1:44070" [_thread_blocked, id=16453, stack(0x00007fdd8f4f1000,0x00007fdd8f5f2000)]
  0x00007fdd84008000 JavaThread "Daemon worker" [_thread_blocked, id=16450, stack(0x00007fdd8f5f2000,0x00007fdd8f6f3000)]
  0x00007fdd84006000 JavaThread "Cancel handler" [_thread_blocked, id=16449, stack(0x00007fdd8f6f3000,0x00007fdd8f7f4000)]
  0x00007fdd84004000 JavaThread "Handler for socket connection from /127.0.0.1:43179 to /127.0.0.1:44070" [_thread_in_native, id=16448, stack(0x00007fdd8f7f4000,0x00007fdd8f8f5000)]
  0x00007fdd8802c000 JavaThread "Daemon" [_thread_blocked, id=16447, stack(0x00007fdd8f8f5000,0x00007fdd8f9f6000)]
  0x00007fdddcf68000 JavaThread "Daemon periodic checks" [_thread_blocked, id=16446, stack(0x00007fdd8f9f6000,0x00007fdd8faf7000)]
  0x00007fdddcf44000 JavaThread "Incoming local TCP Connector on port 43179" [_thread_in_native, id=16445, stack(0x00007fdd8fafe000,0x00007fdd8fbff000)]
  0x00007fdddc0db800 JavaThread "Service Thread" daemon [_thread_blocked, id=16443, stack(0x00007fddbfcfd000,0x00007fddbfdfe000)]
  0x00007fdddc0be800 JavaThread "C1 CompilerThread2" daemon [_thread_blocked, id=16442, stack(0x00007fddbfdff000,0x00007fddbfeff000)]
  0x00007fdddc0bd000 JavaThread "C2 CompilerThread1" daemon [_thread_blocked, id=16441, stack(0x00007fddbff00000,0x00007fddc0000000)]
  0x00007fdddc0ba000 JavaThread "C2 CompilerThread0" daemon [_thread_in_native, id=16440, stack(0x00007fddc40bb000,0x00007fddc41bb000)]
  0x00007fdddc0b6000 JavaThread "Signal Dispatcher" daemon [_thread_blocked, id=16439, stack(0x00007fddc41bb000,0x00007fddc42bc000)]
  0x00007fdddc085800 JavaThread "Finalizer" daemon [_thread_blocked, id=16438, stack(0x00007fddc4dee000,0x00007fddc4eef000)]
  0x00007fdddc081000 JavaThread "Reference Handler" daemon [_thread_blocked, id=16437, stack(0x00007fddc4eef000,0x00007fddc4ff0000)]
  0x00007fdddc00b800 JavaThread "main" [_thread_blocked, id=16431, stack(0x00007fdde2d29000,0x00007fdde2e29000)]

Other Threads:
=>0x00007fdddc079000 VMThread [stack: 0x00007fddc4ff1000,0x00007fddc50f1000] [id=16436]
  0x00007fdddc0de000 WatcherThread [stack: 0x00007fddbfbfd000,0x00007fddbfcfd000] [id=16444]

VM state:at safepoint (normal execution)

VM Mutex/Monitor currently owned by a thread:  ([mutex/lock_event])
[0x00007fdddc007ee0] Threads_lock - owner thread: 0x00007fdddc079000
[0x00007fdddc0083e0] Heap_lock - owner thread: 0x00007fdd70017800

Heap:
 PSYoungGen      total 67584K, used 5104K [0x00000000eab00000, 0x00000000ef200000, 0x0000000100000000)
  eden space 62464K, 0% used [0x00000000eab00000,0x00000000eab00000,0x00000000ee800000)
  from space 5120K, 99% used [0x00000000ee800000,0x00000000eecfc040,0x00000000eed00000)
  to   space 5120K, 0% used [0x00000000eed00000,0x00000000eed00000,0x00000000ef200000)
 ParOldGen       total 83456K, used 4994K [0x00000000c0000000, 0x00000000c5180000, 0x00000000eab00000)
  object space 83456K, 5% used [0x00000000c0000000,0x00000000c04e0bb0,0x00000000c5180000)
 Metaspace       used 15095K, capacity 15496K, committed 15616K, reserved 1062912K
  class space    used 2155K, capacity 2296K, committed 2304K, reserved 1048576K

Card table byte_map: [0x00007fdde034c000,0x00007fdde054d000] byte_map_base: 0x00007fdddfd4c000

Marking Bits: (ParMarkBitMap*) 0x00007fdde23f1f00
 Begin Bits: [0x00007fddc6000000, 0x00007fddc7000000)
 End Bits:   [0x00007fddc7000000, 0x00007fddc8000000)

Polling page: 0x00007fdde2e4a000

CodeCache: size=245760Kb used=4538Kb max_used=4538Kb free=241221Kb
 bounds [0x00007fddcd000000, 0x00007fddcd480000, 0x00007fdddc000000]
 total_blobs=1735 nmethods=1360 adapters=290
 compilation: enabled

Compilation events (10 events):
Event: 3,243 Thread 0x00007fdddc0be800 1359       3       com.google.common.base.Splitter$1::iterator (7 bytes)
Event: 3,243 Thread 0x00007fdddc0be800 nmethod 1359 0x00007fddcd46f4d0 code [0x00007fddcd46f660, 0x00007fddcd46f9c8]
Event: 3,243 Thread 0x00007fdddc0be800 1360       3       com.google.common.base.Splitter$1::iterator (11 bytes)
Event: 3,243 Thread 0x00007fdddc0be800 nmethod 1360 0x00007fddcd46fb50 code [0x00007fddcd46fcc0, 0x00007fddcd46ff48]
Event: 3,243 Thread 0x00007fdddc0be800 1361       3       com.google.common.base.Splitter$1$1::<init> (12 bytes)
Event: 3,243 Thread 0x00007fdddc0be800 nmethod 1361 0x00007fddcd470050 code [0x00007fddcd4701c0, 0x00007fddcd470368]
Event: 3,243 Thread 0x00007fdddc0be800 1364       3       com.google.common.base.AbstractIterator::<init> (12 bytes)
Event: 3,243 Thread 0x00007fdddc0be800 nmethod 1364 0x00007fddcd470410 code [0x00007fddcd470580, 0x00007fddcd470750]
Event: 3,243 Thread 0x00007fdddc0be800 1349       1       java.nio.Buffer::capacity (5 bytes)
Event: 3,244 Thread 0x00007fdddc0be800 nmethod 1349 0x00007fddcd470810 code [0x00007fddcd470960, 0x00007fddcd470a70]

GC Heap History (5 events):
Event: 1,035 GC heap before
{Heap before GC invocations=1 (full 0):
 PSYoungGen      total 36352K, used 31232K [0x00000000eab00000, 0x00000000ed380000, 0x0000000100000000)
  eden space 31232K, 100% used [0x00000000eab00000,0x00000000ec980000,0x00000000ec980000)
  from space 5120K, 0% used [0x00000000ece80000,0x00000000ece80000,0x00000000ed380000)
  to   space 5120K, 0% used [0x00000000ec980000,0x00000000ec980000,0x00000000ece80000)
 ParOldGen       total 83456K, used 0K [0x00000000c0000000, 0x00000000c5180000, 0x00000000eab00000)
  object space 83456K, 0% used [0x00000000c0000000,0x00000000c0000000,0x00000000c5180000)
 Metaspace       used 6807K, capacity 6968K, committed 7040K, reserved 1056768K
  class space    used 839K, capacity 877K, committed 896K, reserved 1048576K
Event: 1,047 GC heap after
Heap after GC invocations=1 (full 0):
 PSYoungGen      total 36352K, used 4142K [0x00000000eab00000, 0x00000000ef200000, 0x0000000100000000)
  eden space 31232K, 0% used [0x00000000eab00000,0x00000000eab00000,0x00000000ec980000)
  from space 5120K, 80% used [0x00000000ec980000,0x00000000ecd8b9d0,0x00000000ece80000)
  to   space 5120K, 0% used [0x00000000eed00000,0x00000000eed00000,0x00000000ef200000)
 ParOldGen       total 83456K, used 8K [0x00000000c0000000, 0x00000000c5180000, 0x00000000eab00000)
  object space 83456K, 0% used [0x00000000c0000000,0x00000000c0002000,0x00000000c5180000)
 Metaspace       used 6807K, capacity 6968K, committed 7040K, reserved 1056768K
  class space    used 839K, capacity 877K, committed 896K, reserved 1048576K
}
Event: 1,713 GC heap before
{Heap before GC invocations=2 (full 0):
 PSYoungGen      total 36352K, used 35374K [0x00000000eab00000, 0x00000000ef200000, 0x0000000100000000)
  eden space 31232K, 100% used [0x00000000eab00000,0x00000000ec980000,0x00000000ec980000)
  from space 5120K, 80% used [0x00000000ec980000,0x00000000ecd8b9d0,0x00000000ece80000)
  to   space 5120K, 0% used [0x00000000eed00000,0x00000000eed00000,0x00000000ef200000)
 ParOldGen       total 83456K, used 8K [0x00000000c0000000, 0x00000000c5180000, 0x00000000eab00000)
  object space 83456K, 0% used [0x00000000c0000000,0x00000000c0002000,0x00000000c5180000)
 Metaspace       used 8679K, capacity 8888K, committed 8960K, reserved 1056768K
  class space    used 1132K, capacity 1210K, committed 1280K, reserved 1048576K
Event: 1,726 GC heap after
Heap after GC invocations=2 (full 0):
 PSYoungGen      total 67584K, used 4324K [0x00000000eab00000, 0x00000000ef200000, 0x0000000100000000)
  eden space 62464K, 0% used [0x00000000eab00000,0x00000000eab00000,0x00000000ee800000)
  from space 5120K, 84% used [0x00000000eed00000,0x00000000ef1390d8,0x00000000ef200000)
  to   space 5120K, 0% used [0x00000000ee800000,0x00000000ee800000,0x00000000eed00000)
 ParOldGen       total 83456K, used 16K [0x00000000c0000000, 0x00000000c5180000, 0x00000000eab00000)
  object space 83456K, 0% used [0x00000000c0000000,0x00000000c0004000,0x00000000c5180000)
 Metaspace       used 8679K, capacity 8888K, committed 8960K, reserved 1056768K
  class space    used 1132K, capacity 1210K, committed 1280K, reserved 1048576K
}
Event: 3,276 GC heap before
{Heap before GC invocations=3 (full 0):
 PSYoungGen      total 67584K, used 66788K [0x00000000eab00000, 0x00000000ef200000, 0x0000000100000000)
  eden space 62464K, 100% used [0x00000000eab00000,0x00000000ee800000,0x00000000ee800000)
  from space 5120K, 84% used [0x00000000eed00000,0x00000000ef1390d8,0x00000000ef200000)
  to   space 5120K, 0% used [0x00000000ee800000,0x00000000ee800000,0x00000000eed00000)
 ParOldGen       total 83456K, used 16K [0x00000000c0000000, 0x00000000c5180000, 0x00000000eab00000)
  object space 83456K, 0% used [0x00000000c0000000,0x00000000c0004000,0x00000000c5180000)
 Metaspace       used 15095K, capacity 15496K, committed 15616K, reserved 1062912K
  class space    used 2155K, capacity 2296K, committed 2304K, reserved 1048576K

Deoptimization events (10 events):
Event: 2,085 Thread 0x00007fdd84004000 Uncommon trap: reason=unstable_if action=reinterpret pc=0x00007fddcd3827e8 method=java.util.concurrent.ConcurrentHashMap.putVal(Ljava/lang/Object;Ljava/lang/Object;Z)Ljava/lang/Object; @ 206
Event: 2,197 Thread 0x00007fdd84008000 Uncommon trap: reason=bimorphic action=maybe_recompile pc=0x00007fddcd24d78c method=java.util.HashMap.putVal(ILjava/lang/Object;Ljava/lang/Object;ZZ)Ljava/lang/Object; @ 203
Event: 2,197 Thread 0x00007fdd84008000 Uncommon trap: reason=bimorphic action=maybe_recompile pc=0x00007fddcd24d78c method=java.util.HashMap.putVal(ILjava/lang/Object;Ljava/lang/Object;ZZ)Ljava/lang/Object; @ 203
Event: 2,197 Thread 0x00007fdd84008000 Uncommon trap: reason=bimorphic action=maybe_recompile pc=0x00007fddcd24d78c method=java.util.HashMap.putVal(ILjava/lang/Object;Ljava/lang/Object;ZZ)Ljava/lang/Object; @ 203
Event: 2,197 Thread 0x00007fdd84008000 Uncommon trap: reason=bimorphic action=maybe_recompile pc=0x00007fddcd254f04 method=java.util.HashMap.putVal(ILjava/lang/Object;Ljava/lang/Object;ZZ)Ljava/lang/Object; @ 203
Event: 2,537 Thread 0x00007fdd84008000 Uncommon trap: reason=class_check action=maybe_recompile pc=0x00007fddcd291970 method=java.util.regex.Matcher.match(II)Z @ 86
Event: 2,554 Thread 0x00007fdd84008000 Uncommon trap: reason=class_check action=maybe_recompile pc=0x00007fddcd291970 method=java.util.regex.Matcher.match(II)Z @ 86
Event: 2,555 Thread 0x00007fdd84008000 Uncommon trap: reason=class_check action=maybe_recompile pc=0x00007fddcd291970 method=java.util.regex.Matcher.match(II)Z @ 86
Event: 2,555 Thread 0x00007fdd84008000 Uncommon trap: reason=class_check action=maybe_recompile pc=0x00007fddcd25ecdc method=java.util.regex.Matcher.match(II)Z @ 86
Event: 3,156 Thread 0x00007fdd84008000 Uncommon trap: reason=unstable_if action=reinterpret pc=0x00007fddcd381394 method=java.lang.String.lastIndexOf([CII[CIII)I @ 66

Classes redefined (0 events):
No events

Internal exceptions (10 events):
Event: 2,089 Thread 0x00007fdd84004000 Exception <a 'java/lang/NoSuchMethodError': <clinit>> (0x00000000eb55c1b8) thrown at [/buildbot/src/googleplex-android/openjdk/out/hotspot/src/share/vm/prims/jni.cpp, line 1613]
Event: 2,091 Thread 0x00007fdd84004000 Exception <a 'java/lang/NoSuchMethodError': <clinit>> (0x00000000eb570f20) thrown at [/buildbot/src/googleplex-android/openjdk/out/hotspot/src/share/vm/prims/jni.cpp, line 1613]
Event: 2,097 Thread 0x00007fdd84004000 Exception <a 'java/lang/NoSuchMethodError': <clinit>> (0x00000000eb583fd8) thrown at [/buildbot/src/googleplex-android/openjdk/out/hotspot/src/share/vm/prims/jni.cpp, line 1613]
Event: 2,102 Thread 0x00007fdd84004000 Exception <a 'java/lang/NoSuchMethodError': <clinit>> (0x00000000eb5ab2e0) thrown at [/buildbot/src/googleplex-android/openjdk/out/hotspot/src/share/vm/prims/jni.cpp, line 1613]
Event: 2,110 Thread 0x00007fdd84004000 Exception <a 'java/lang/NoSuchMethodError': <clinit>> (0x00000000eb5c2f90) thrown at [/buildbot/src/googleplex-android/openjdk/out/hotspot/src/share/vm/prims/jni.cpp, line 1613]
Event: 2,111 Thread 0x00007fdd84004000 Exception <a 'java/lang/NoSuchMethodError': <clinit>> (0x00000000eb5cba58) thrown at [/buildbot/src/googleplex-android/openjdk/out/hotspot/src/share/vm/prims/jni.cpp, line 1613]
Event: 2,113 Thread 0x00007fdd84004000 Exception <a 'java/lang/NoSuchMethodError': <clinit>> (0x00000000eb5e1c58) thrown at [/buildbot/src/googleplex-android/openjdk/out/hotspot/src/share/vm/prims/jni.cpp, line 1613]
Event: 2,134 Thread 0x00007fdd84004000 Exception <a 'java/lang/NoSuchMethodError': <clinit>> (0x00000000eb644db0) thrown at [/buildbot/src/googleplex-android/openjdk/out/hotspot/src/share/vm/prims/jni.cpp, line 1613]
Event: 2,139 Thread 0x00007fdd84004000 Exception <a 'java/lang/NoSuchMethodError': <clinit>> (0x00000000eb670d98) thrown at [/buildbot/src/googleplex-android/openjdk/out/hotspot/src/share/vm/prims/jni.cpp, line 1613]
Event: 2,141 Thread 0x00007fdd84004000 Exception <a 'java/lang/NoSuchMethodError': <clinit>> (0x00000000eb68aed0) thrown at [/buildbot/src/googleplex-android/openjdk/out/hotspot/src/share/vm/prims/jni.cpp, line 1613]

Events (10 events):
Event: 3,243 loading class org/gradle/api/resources/MissingResourceException done
Event: 3,247 loading class org/gradle/api/resources/ResourceException
Event: 3,247 loading class org/gradle/api/resources/ResourceException done
Event: 3,248 loading class org/gradle/initialization/layout/BuildLayoutConfiguration
Event: 3,248 loading class org/gradle/initialization/layout/BuildLayoutConfiguration done
Event: 3,253 loading class org/gradle/internal/scripts/DefaultScriptFileResolver
Event: 3,253 loading class org/gradle/internal/scripts/DefaultScriptFileResolver done
Event: 3,266 Executing VM operation: ParallelGCFailedAllocation
Event: 3,266 loading class org/gradle/internal/scripts/ScriptFileResolver
Event: 3,266 loading class org/gradle/internal/scripts/ScriptFileResolver done


Dynamic libraries:
00400000-00401000 r-xp 00000000 08:04 4327150                            /home/myworldsoftware-u/İndirilenler/android-studio/jre/bin/java
00401000-00402000 rw-p 00000000 08:04 4327150                            /home/myworldsoftware-u/İndirilenler/android-studio/jre/bin/java
00b93000-00bb4000 rw-p 00000000 00:00 0                                  [heap]
c0000000-c5180000 rw-p 00000000 00:00 0 
c5180000-eab00000 ---p 00000000 00:00 0 
eab00000-ef200000 rw-p 00000000 00:00 0 
f2f00000-100000000 ---p 00000000 00:00 0 
100000000-100240000 rw-p 00000000 00:00 0 
100240000-140000000 ---p 00000000 00:00 0 
7fdd58000000-7fdd58021000 rw-p 00000000 00:00 0 
7fdd58021000-7fdd5c000000 ---p 00000000 00:00 0 
7fdd60000000-7fdd60021000 rw-p 00000000 00:00 0 
7fdd60021000-7fdd64000000 ---p 00000000 00:00 0 
7fdd64000000-7fdd64021000 rw-p 00000000 00:00 0 
7fdd64021000-7fdd68000000 ---p 00000000 00:00 0 
7fdd68000000-7fdd68021000 rw-p 00000000 00:00 0 
7fdd68021000-7fdd6c000000 ---p 00000000 00:00 0 
7fdd6c000000-7fdd6c021000 rw-p 00000000 00:00 0 
7fdd6c021000-7fdd70000000 ---p 00000000 00:00 0 
7fdd70000000-7fdd70514000 rw-p 00000000 00:00 0 
7fdd70514000-7fdd74000000 ---p 00000000 00:00 0 
7fdd74000000-7fdd74021000 rw-p 00000000 00:00 0 
7fdd74021000-7fdd78000000 ---p 00000000 00:00 0 
7fdd78000000-7fdd78021000 rw-p 00000000 00:00 0 
7fdd78021000-7fdd7c000000 ---p 00000000 00:00 0 
7fdd7c000000-7fdd7c021000 rw-p 00000000 00:00 0 
7fdd7c021000-7fdd80000000 ---p 00000000 00:00 0 
7fdd80000000-7fdd80021000 rw-p 00000000 00:00 0 
7fdd80021000-7fdd84000000 ---p 00000000 00:00 0 
7fdd84000000-7fdd84021000 rw-p 00000000 00:00 0 
7fdd84021000-7fdd88000000 ---p 00000000 00:00 0 
7fdd88000000-7fdd8806b000 rw-p 00000000 00:00 0 
7fdd8806b000-7fdd8c000000 ---p 00000000 00:00 0 
7fdd8e960000-7fdd8e97e000 r--p 00000000 08:04 2362274                    /usr/share/locale-langpack/tr/LC_MESSAGES/libc.mo
7fdd8ebec000-7fdd8ecec000 rw-p 00000000 00:00 0 
7fdd8ecec000-7fdd8edec000 ---p 00000000 00:00 0 
7fdd8edec000-7fdd8edef000 ---p 00000000 00:00 0 
7fdd8edef000-7fdd8eeed000 rw-p 00000000 00:00 0 
7fdd8eeed000-7fdd8eef0000 ---p 00000000 00:00 0 
7fdd8eef0000-7fdd8efee000 rw-p 00000000 00:00 0 
7fdd8efee000-7fdd8eff1000 ---p 00000000 00:00 0 
7fdd8eff1000-7fdd8f2ef000 rw-p 00000000 00:00 0 
7fdd8f2ef000-7fdd8f2f2000 ---p 00000000 00:00 0 
7fdd8f2f2000-7fdd8f3f0000 rw-p 00000000 00:00 0 
7fdd8f3f0000-7fdd8f3f3000 ---p 00000000 00:00 0 
7fdd8f3f3000-7fdd8f4f1000 rw-p 00000000 00:00 0 
7fdd8f4f1000-7fdd8f4f4000 ---p 00000000 00:00 0 
7fdd8f4f4000-7fdd8f5f2000 rw-p 00000000 00:00 0 
7fdd8f5f2000-7fdd8f5f5000 ---p 00000000 00:00 0 
7fdd8f5f5000-7fdd8f6f3000 rw-p 00000000 00:00 0 
7fdd8f6f3000-7fdd8f6f6000 ---p 00000000 00:00 0 
7fdd8f6f6000-7fdd8f7f4000 rw-p 00000000 00:00 0 
7fdd8f7f4000-7fdd8f7f7000 ---p 00000000 00:00 0 
7fdd8f7f7000-7fdd8f8f5000 rw-p 00000000 00:00 0 
7fdd8f8f5000-7fdd8f8f8000 ---p 00000000 00:00 0 
7fdd8f8f8000-7fdd8f9f6000 rw-p 00000000 00:00 0 
7fdd8f9f6000-7fdd8f9f9000 ---p 00000000 00:00 0 
7fdd8f9f9000-7fdd8faf7000 rw-p 00000000 00:00 0 
7fdd8faf7000-7fdd8fafe000 r--s 00000000 08:04 1836838                    /usr/lib/x86_64-linux-gnu/gconv/gconv-modules.cache
7fdd8fafe000-7fdd8fb01000 ---p 00000000 00:00 0 
7fdd8fb01000-7fdd8fbff000 rw-p 00000000 00:00 0 
7fdd8fbff000-7fdd8fc04000 r--s 0009a000 08:04 4327065                    /home/myworldsoftware-u/İndirilenler/android-studio/jre/jre/lib/jsse.jar
7fdd8fc04000-7fdd8fe04000 rw-p 00000000 00:00 0 
7fdd8fe04000-7fdd8fe0c000 r-xp 00000000 08:04 4326707                    /home/myworldsoftware-u/İndirilenler/android-studio/jre/jre/lib/amd64/libmanagement.so
7fdd8fe0c000-7fdd8fe0d000 rw-p 00007000 08:04 4326707                    /home/myworldsoftware-u/İndirilenler/android-studio/jre/jre/lib/amd64/libmanagement.so
7fdd8fe0d000-7fdd8fe10000 r--s 0000e000 08:04 1054344                    /home/myworldsoftware-u/.gradle/wrapper/dists/gradle-5.1.1-all/97z1ksx6lirer3kbvdnh7jtjg/gradle-5.1.1/lib/plugins/gradle-tooling-api-builders-5.1.1.jar
7fdd8fe10000-7fdd8fe11000 r--s 00005000 08:04 1054365                    /home/myworldsoftware-u/.gradle/wrapper/dists/gradle-5.1.1-all/97z1ksx6lirer3kbvdnh7jtjg/gradle-5.1.1/lib/plugins/gradle-build-profile-5.1.1.jar
7fdd8fe11000-7fdd8fe13000 r--s 00003000 08:04 1054324                    /home/myworldsoftware-u/.gradle/wrapper/dists/gradle-5.1.1-all/97z1ksx6lirer3kbvdnh7jtjg/gradle-5.1.1/lib/plugins/gradle-tooling-native-5.1.1.jar
7fdd8fe13000-7fdd8fe18000 r--s 0001d000 08:04 1054326                    /home/myworldsoftware-u/.gradle/wrapper/dists/gradle-5.1.1-all/97z1ksx6lirer3kbvdnh7jtjg/gradle-5.1.1/lib/plugins/gradle-testing-native-5.1.1.jar
7fdd8fe18000-7fdd8fe1a000 r--s 0000f000 08:04 1054421                    /home/myworldsoftware-u/.gradle/wrapper/dists/gradle-5.1.1-all/97z1ksx6lirer3kbvdnh7jtjg/gradle-5.1.1/lib/plugins/jcommander-1.72.jar
7fdd8fe1a000-7fdd8fe23000 r--s 00089000 08:04 1054397                    /home/myworldsoftware-u/.gradle/wrapper/dists/gradle-5.1.1-all/97z1ksx6lirer3kbvdnh7jtjg/gradle-5.1.1/lib/plugins/testng-6.3.1.jar
7fdd8fe23000-7fdd8fe28000 r--s 0005a000 08:04 1054401                    /home/myworldsoftware-u/.gradle/wrapper/dists/gradle-5.1.1-all/97z1ksx6lirer3kbvdnh7jtjg/gradle-5.1.1/lib/plugins/bsh-2.0b6.jar
7fdd8fe28000-7fdd8fe2c000 r--s 0001c000 08:04 1054345                    /home/myworldsoftware-u/.gradle/wrapper/dists/gradle-5.1.1-all/97z1ksx6lirer3kbvdnh7jtjg/gradle-5.1.1/lib/plugins/gradle-testing-jvm-5.1.1.jar
7fdd8fe2c000-7fdd8fe2f000 r--s 00011000 08:04 1054439                    /home/myworldsoftware-u/.gradle/wrapper/dists/gradle-5.1.1-all/97z1ksx6lirer3kbvdnh7jtjg/gradle-5.1.1/lib/plugins/junit-platform-commons-1.3.1.jar
7fdd8fe2f000-7fdd8fe30000 r--s 00001000 08:04 1054441                    /home/myworldsoftware-u/.gradle/wrapper/dists/gradle-5.1.1-all/97z1ksx6lirer3kbvdnh7jtjg/gradle-5.1.1/lib/plugins/opentest4j-1.1.1.jar
7fdd8fe30000-7fdd8fe34000 r--s 0001d000 08:04 1054438                    /home/myworldsoftware-u/.gradle/wrapper/dists/gradle-5.1.1-all/97z1ksx6lirer3kbvdnh7jtjg/gradle-5.1.1/lib/plugins/junit-platform-engine-1.3.1.jar
7fdd8fe34000-7fdd8fe35000 r--s 00000000 08:04 1054440                    /home/myworldsoftware-u/.gradle/wrapper/dists/gradle-5.1.1-all/97z1ksx6lirer3kbvdnh7jtjg/gradle-5.1.1/lib/plugins/apiguardian-api-1.0.0.jar
7fdd8fe35000-7fdd8fe38000 r--s 00015000 08:04 1054402                    /home/myworldsoftware-u/.gradle/wrapper/dists/gradle-5.1.1-all/97z1ksx6lirer3kbvdnh7jtjg/gradle-5.1.1/lib/plugins/junit-platform-launcher-1.3.1.jar
7fdd8fe38000-7fdd8fe3a000 r--s 00009000 08:04 1054419                    /home/myworldsoftware-u/.gradle/wrapper/dists/gradle-5.1.1-all/97z1ksx6lirer3kbvdnh7jtjg/gradle-5.1.1/lib/plugins/hamcrest-core-1.3.jar
7fdd8fe3a000-7fdd8fe42000 r--s 00045000 08:04 1054400                    /home/myworldsoftware-u/.gradle/wrapper/dists/gradle-5.1.1-all/97z1ksx6lirer3kbvdnh7jtjg/gradle-5.1.1/lib/plugins/junit-4.12.jar
7fdd8fe42000-7fdd8fe43000 r--s 00003000 08:04 1054343                    /home/myworldsoftware-u/.gradle/wrapper/dists/gradle-5.1.1-all/97z1ksx6lirer3kbvdnh7jtjg/gradle-5.1.1/lib/plugins/gradle-testing-junit-platform-5.1.1.jar
7fdd8fe43000-7fdd8fe4b000 r--s 00034000 08:04 1054353                    /home/myworldsoftware-u/.gradle/wrapper/dists/gradle-5.1.1-all/97z1ksx6lirer3kbvdnh7jtjg/gradle-5.1.1/lib/plugins/gradle-testing-base-5.1.1.jar
7fdd8fe4b000-7fdd8fe53000 r--s 00047000 08:04 1054391                    /home/myworldsoftware-u/.gradle/wrapper/dists/gradle-5.1.1-all/97z1ksx6lirer3kbvdnh7jtjg/gradle-5.1.1/lib/plugins/bcpg-jdk15on-1.60.jar
7fdd8fe53000-7fdd8fe55000 r--s 0000e000 08:04 1054323                    /home/myworldsoftware-u/.gradle/wrapper/dists/gradle-5.1.1-all/97z1ksx6lirer3kbvdnh7jtjg/gradle-5.1.1/lib/plugins/gradle-signing-5.1.1.jar
7fdd8fe55000-7fdd8fe57000 r--s 00009000 08:04 1054332                    /home/myworldsoftware-u/.gradle/wrapper/dists/gradle-5.1.1-all/97z1ksx6lirer3kbvdnh7jtjg/gradle-5.1.1/lib/plugins/gradle-scala-5.1.1.jar
7fdd8fe57000-7fdd8fe58000 r--s 00004000 08:04 1054364                    /home/myworldsoftware-u/.gradle/wrapper/dists/gradle-5.1.1-all/97z1ksx6lirer3kbvdnh7jtjg/gradle-5.1.1/lib/plugins/gradle-resources-sftp-5.1.1.jar
7fdd8fe58000-7fdd8fe61000 r--s 0005b000 08:04 1054368                    /home/myworldsoftware-u/.gradle/wrapper/dists/gradle-5.1.1-all/97z1ksx6lirer3kbvdnh7jtjg/gradle-5.1.1/lib/plugins/aws-java-sdk-kms-1.11.407.jar
7fdd8fe61000-7fdd8fe63000 r--s 00005000 08:04 1054408                    /home/myworldsoftware-u/.gradle/wrapper/dists/gradle-5.1.1-all/97z1ksx6lirer3kbvdnh7jtjg/gradle-5.1.1/lib/plugins/jmespath-java-1.11.407.jar
7fdd8fe63000-7fdd8fe76000 r--s 000ca000 08:04 1054367                    /home/myworldsoftware-u/.gradle/wrapper/dists/gradle-5.1.1-all/97z1ksx6lirer3kbvdnh7jtjg/gradle-5.1.1/lib/plugins/aws-java-sdk-s3-1.11.407.jar
7fdd8fe76000-7fdd8fe80000 r--s 00081000 08:04 1054437                    /home/myworldsoftware-u/.gradle/wrapper/dists/gradle-5.1.1-all/97z1ksx6lirer3kbvdnh7jtjg/gradle-5.1.1/lib/plugins/ion-java-1.0.2.jar
7fdd8fe80000-7fdd8fe96000 r--s 000ca000 08:04 1054369                    /home/myworldsoftware-u/.gradle/wrapper/dists/gradle-5.1.1-all/97z1ksx6lirer3kbvdnh7jtjg/gradle-5.1.1/lib/plugins/aws-java-sdk-core-1.11.407.jar
7fdd8fe96000-7fdd8fe98000 r--s 00004000 08:04 1054360                    /home/myworldsoftware-u/.gradle/wrapper/dists/gradle-5.1.1-all/97z1ksx6lirer3kbvdnh7jtjg/gradle-5.1.1/lib/plugins/gradle-resources-s3-5.1.1.jar
7fdd8fe98000-7fdd8fea9000 r--s 0008c000 08:04 1054412                    /home/myworldsoftware-u/.gradle/wrapper/dists/gradle-5.1.1-all/97z1ksx6lirer3kbvdnh7jtjg/gradle-5.1.1/lib/plugins/joda-time-2.10.jar
7fdd8fea9000-7fdd8febc000 r--s 00137000 08:04 1054409                    /home/myworldsoftware-u/.gradle/wrapper/dists/gradle-5.1.1-all/97z1ksx6lirer3kbvdnh7jtjg/gradle-5.1.1/lib/plugins/jackson-databind-2.9.6.jar
7fdd8febc000-7fdd8febf000 r--s 0000e000 08:04 1054411                    /home/myworldsoftware-u/.gradle/wrapper/dists/gradle-5.1.1-all/97z1ksx6lirer3kbvdnh7jtjg/gradle-5.1.1/lib/plugins/jackson-annotations-2.9.6.jar
7fdd8febf000-7fdd8fec4000 r--s 0004b000 08:04 1054410                    /home/myworldsoftware-u/.gradle/wrapper/dists/gradle-5.1.1-all/97z1ksx6lirer3kbvdnh7jtjg/gradle-5.1.1/lib/plugins/jackson-core-2.9.6.jar
7fdd8fec4000-7fdd8fec5000 r--s 00001000 08:04 1054376                    /home/myworldsoftware-u/.gradle/wrapper/dists/gradle-5.1.1-all/97z1ksx6lirer3kbvdnh7jtjg/gradle-5.1.1/lib/plugins/google-http-client-jackson2-1.25.0.jar
7fdd8fec5000-7fdd8fecf000 r--s 00056000 08:04 1054377                    /home/myworldsoftware-u/.gradle/wrapper/dists/gradle-5.1.1-all/97z1ksx6lirer3kbvdnh7jtjg/gradle-5.1.1/lib/plugins/google-http-client-1.25.0.jar
7fdd8fecf000-7fdd8fed2000 r--s 0000d000 08:04 1054375                    /home/myworldsoftware-u/.gradle/wrapper/dists/gradle-5.1.1-all/97z1ksx6lirer3kbvdnh7jtjg/gradle-5.1.1/lib/plugins/google-oauth-client-1.25.0.jar
7fdd8fed2000-7fdd8fed7000 r--s 0002d000 08:04 1054374                    /home/myworldsoftware-u/.gradle/wrapper/dists/gradle-5.1.1-all/97z1ksx6lirer3kbvdnh7jtjg/gradle-5.1.1/lib/plugins/google-api-client-1.25.0.jar
7fdd8fed7000-7fdd8fedb000 r--s 0001d000 08:04 1054373                    /home/myworldsoftware-u/.gradle/wrapper/dists/gradle-5.1.1-all/97z1ksx6lirer3kbvdnh7jtjg/gradle-5.1.1/lib/plugins/google-api-services-storage-v1-rev136-1.25.0.jar
7fdd8fedb000-7fdd8fedd000 r--s 00003000 08:04 1054361                    /home/myworldsoftware-u/.gradle/wrapper/dists/gradle-5.1.1-all/97z1ksx6lirer3kbvdnh7jtjg/gradle-5.1.1/lib/plugins/gradle-resources-gcs-5.1.1.jar
7fdd8fedd000-7fdd8fedf000 r--s 00010000 08:04 1054359                    /home/myworldsoftware-u/.gradle/wrapper/dists/gradle-5.1.1-all/97z1ksx6lirer3kbvdnh7jtjg/gradle-5.1.1/lib/plugins/gradle-reporting-5.1.1.jar
7fdd8fedf000-7fdd8fee1000 r--s 00007000 08:04 1054352                    /home/myworldsoftware-u/.gradle/wrapper/dists/gradle-5.1.1-all/97z1ksx6lirer3kbvdnh7jtjg/gradle-5.1.1/lib/plugins/gradle-publish-5.1.1.jar
7fdd8fee1000-7fdd8fee3000 r--s 0000c000 08:04 1054381                    /home/myworldsoftware-u/.gradle/wrapper/dists/gradle-5.1.1-all/97z1ksx6lirer3kbvdnh7jtjg/gradle-5.1.1/lib/plugins/commons-cli-1.4.jar
7fdd8fee3000-7fdd8feea000 r--s 0003e000 08:04 1054340                    /home/myworldsoftware-u/.gradle/wrapper/dists/gradle-5.1.1-all/97z1ksx6lirer3kbvdnh7jtjg/gradle-5.1.1/lib/plugins/gradle-plugins-5.1.1.jar
7fdd8feea000-7fdd8feec000 r--s 0000c000 08:04 1054328                    /home/myworldsoftware-u/.gradle/wrapper/dists/gradle-5.1.1-all/97z1ksx6lirer3kbvdnh7jtjg/gradle-5.1.1/lib/plugins/gradle-plugin-development-5.1.1.jar
7fdd8feec000-7fdd8fef2000 r--s 00030000 08:04 1054335                    /home/myworldsoftware-u/.gradle/wrapper/dists/gradle-5.1.1-all/97z1ksx6lirer3kbvdnh7jtjg/gradle-5.1.1/lib/plugins/gradle-platform-play-5.1.1.jar
7fdd8fef2000-7fdd8fef8000 r--s 0003d000 08:04 1054398                    /home/myworldsoftware-u/.gradle/wrapper/dists/gradle-5.1.1-all/97z1ksx6lirer3kbvdnh7jtjg/gradle-5.1.1/lib/plugins/snakeyaml-1.17.jar
7fdd8fef8000-7fdd8ff09000 r--s 00076000 08:04 1054350                    /home/myworldsoftware-u/.gradle/wrapper/dists/gradle-5.1.1-all/97z1ksx6lirer3kbvdnh7jtjg/gradle-5.1.1/lib/plugins/gradle-platform-native-5.1.1.jar
7fdd8ff09000-7fdd8ff0d000 r--s 0001b000 08:04 1054349                    /home/myworldsoftware-u/.gradle/wrapper/dists/gradle-5.1.1-all/97z1ksx6lirer3kbvdnh7jtjg/gradle-5.1.1/lib/plugins/gradle-platform-jvm-5.1.1.jar
7fdd8ff0d000-7fdd8ff14000 r--s 00029000 08:04 1054354                    /home/myworldsoftware-u/.gradle/wrapper/dists/gradle-5.1.1-all/97z1ksx6lirer3kbvdnh7jtjg/gradle-5.1.1/lib/plugins/gradle-platform-base-5.1.1.jar
7fdd8ff14000-7fdd8ff41000 r--s 0025e000 08:04 1054382                    /home/myworldsoftware-u/.gradle/wrapper/dists/gradle-5.1.1-all/97z1ksx6lirer3kbvdnh7jtjg/gradle-5.1.1/lib/plugins/biz.aQute.bndlib-4.0.0.jar
7fdd8ff41000-7fdd8ff42000 r--s 00004000 08:04 1054322                    /home/myworldsoftware-u/.gradle/wrapper/dists/gradle-5.1.1-all/97z1ksx6lirer3kbvdnh7jtjg/gradle-5.1.1/lib/plugins/gradle-osgi-5.1.1.jar
7fdd8ff42000-7fdd8ff45000 r--s 0000c000 08:04 1054387                    /home/myworldsoftware-u/.gradle/wrapper/dists/gradle-5.1.1-all/97z1ksx6lirer3kbvdnh7jtjg/gradle-5.1.1/lib/plugins/pmaven-groovy-0.8-20100325.jar
7fdd8ff45000-7fdd8ff46000 r--s 00004000 08:04 1054386                    /home/myworldsoftware-u/.gradle/wrapper/dists/gradle-5.1.1-all/97z1ksx6lirer3kbvdnh7jtjg/gradle-5.1.1/lib/plugins/pmaven-common-0.8-20100325.jar
7fdd8ff46000-7fdd8ff47000 r--s 00008000 08:04 1054372                    /home/myworldsoftware-u/.gradle/wrapper/dists/gradle-5.1.1-all/97z1ksx6lirer3kbvdnh7jtjg/gradle-5.1.1/lib/plugins/wagon-http-shared-3.0.0.jar
7fdd8ff47000-7fdd8ff48000 r--s 00002000 08:04 1054371                    /home/myworldsoftware-u/.gradle/wrapper/dists/gradle-5.1.1-all/97z1ksx6lirer3kbvdnh7jtjg/gradle-5.1.1/lib/plugins/wagon-http-3.0.0.jar
7fdd8ff48000-7fdd8ff49000 r--s 00002000 08:04 1054388                    /home/myworldsoftware-u/.gradle/wrapper/dists/gradle-5.1.1-all/97z1ksx6lirer3kbvdnh7jtjg/gradle-5.1.1/lib/plugins/wagon-file-3.0.0.jar
7fdd8ff49000-7fdd8ff4b000 r--s 00006000 08:04 1054390                    /home/myworldsoftware-u/.gradle/wrapper/dists/gradle-5.1.1-all/97z1ksx6lirer3kbvdnh7jtjg/gradle-5.1.1/lib/plugins/aether-connector-wagon-1.13.1.jar
7fdd8ff4b000-7fdd8ff51000 r--s 0002e000 08:04 1054329                    /home/myworldsoftware-u/.gradle/wrapper/dists/gradle-5.1.1-all/97z1ksx6lirer3kbvdnh7jtjg/gradle-5.1.1/lib/plugins/gradle-maven-5.1.1.jar
7fdd8ff51000-7fdd8ff54000 r--s 0000b000 08:04 1054342                    /home/myworldsoftware-u/.gradle/wrapper/dists/gradle-5.1.1-all/97z1ksx6lirer3kbvdnh7jtjg/gradle-5.1.1/lib/plugins/gradle-language-scala-5.1.1.jar
7fdd8ff54000-7fdd8ff60000 r--s 00059000 08:04 1054327                    /home/myworldsoftware-u/.gradle/wrapper/dists/gradle-5.1.1-all/97z1ksx6lirer3kbvdnh7jtjg/gradle-5.1.1/lib/plugins/gradle-language-native-5.1.1.jar
7fdd8ff60000-7fdd8ff63000 r--s 00004000 08:04 1054348                    /home/myworldsoftware-u/.gradle/wrapper/dists/gradle-5.1.1-all/97z1ksx6lirer3kbvdnh7jtjg/gradle-5.1.1/lib/plugins/gradle-language-jvm-5.1.1.jar
7fdd8ff63000-7fdd8ff6c000 r--s 00040000 08:04 1054346                    /home/myworldsoftware-u/.gradle/wrapper/dists/gradle-5.1.1-all/97z1ksx6lirer3kbvdnh7jtjg/gradle-5.1.1/lib/plugins/gradle-language-java-5.1.1.jar
7fdd8ff6c000-7fdd8ff6e000 r--s 0000b000 08:04 1054341                    /home/myworldsoftware-u/.gradle/wrapper/dists/gradle-5.1.1-all/97z1ksx6lirer3kbvdnh7jtjg/gradle-5.1.1/lib/plugins/gradle-language-groovy-5.1.1.jar
7fdd8ff6e000-7fdd8ff75000 r--s 00035000 08:04 1054394                    /home/myworldsoftware-u/.gradle/wrapper/dists/gradle-5.1.1-all/97z1ksx6lirer3kbvdnh7jtjg/gradle-5.1.1/lib/plugins/simple-4.1.21.jar
7fdd8ff75000-7fdd8ff82000 r--s 00125000 08:04 1054392                    /home/myworldsoftware-u/.gradle/wrapper/dists/gradle-5.1.1-all/97z1ksx6lirer3kbvdnh7jtjg/gradle-5.1.1/lib/plugins/rhino-1.7.10.jar
7fdd8ff82000-7fdd8ff86000 r--s 00012000 08:04 1054336                    /home/myworldsoftware-u/.gradle/wrapper/dists/gradle-5.1.1-all/97z1ksx6lirer3kbvdnh7jtjg/gradle-5.1.1/lib/plugins/gradle-javascript-5.1.1.jar
7fdd8ff86000-7fdd8ff89000 r--s 00011000 08:04 1054338                    /home/myworldsoftware-u/.gradle/wrapper/dists/gradle-5.1.1-all/97z1ksx6lirer3kbvdnh7jtjg/gradle-5.1.1/lib/plugins/gradle-jacoco-5.1.1.jar
7fdd8ff89000-7fdd8ff8c000 r--s 00013000 08:04 1054337                    /home/myworldsoftware-u/.gradle/wrapper/dists/gradle-5.1.1-all/97z1ksx6lirer3kbvdnh7jtjg/gradle-5.1.1/lib/plugins/gradle-ivy-5.1.1.jar
7fdd8ff8c000-7fdd8ff8d000 r--s 00002000 08:04 1054330                    /home/myworldsoftware-u/.gradle/wrapper/dists/gradle-5.1.1-all/97z1ksx6lirer3kbvdnh7jtjg/gradle-5.1.1/lib/plugins/gradle-ide-play-5.1.1.jar
7fdd8ff8d000-7fdd8ff8f000 r--s 00011000 08:04 1054399                    /home/myworldsoftware-u/.gradle/wrapper/dists/gradle-5.1.1-all/97z1ksx6lirer3kbvdnh7jtjg/gradle-5.1.1/lib/plugins/dd-plist-1.21.jar
7fdd8ff8f000-7fdd8ff96000 r--s 00033000 08:04 1054325                    /home/myworldsoftware-u/.gradle/wrapper/dists/gradle-5.1.1-all/97z1ksx6lirer3kbvdnh7jtjg/gradle-5.1.1/lib/plugins/gradle-ide-native-5.1.1.jar
7fdd8ff96000-7fdd8ffa0000 r--s 0005e000 08:04 1054331                    /home/myworldsoftware-u/.gradle/wrapper/dists/gradle-5.1.1-all/97z1ksx6lirer3kbvdnh7jtjg/gradle-5.1.1/lib/plugins/gradle-ide-5.1.1.jar
7fdd8ffa0000-7fdd8ffa2000 r--s 00008000 08:04 1054334                    /home/myworldsoftware-u/.gradle/wrapper/dists/gradle-5.1.1-all/97z1ksx6lirer3kbvdnh7jtjg/gradle-5.1.1/lib/plugins/gradle-ear-5.1.1.jar
7fdd8ffa2000-7fdd8ffa4000 r--s 00006000 08:04 1054395                    /home/myworldsoftware-u/.gradle/wrapper/dists/gradle-5.1.1-all/97z1ksx6lirer3kbvdnh7jtjg/gradle-5.1.1/lib/plugins/jatl-0.2.3.jar
7fdd8ffa4000-7fdd8ffab000 r--s 0003d000 08:04 1054351                    /home/myworldsoftware-u/.gradle/wrapper/dists/gradle-5.1.1-all/97z1ksx6lirer3kbvdnh7jtjg/gradle-5.1.1/lib/plugins/gradle-diagnostics-5.1.1.jar
7fdd8ffab000-7fdd8ffb0000 r--s 00028000 08:04 1054321                    /home/myworldsoftware-u/.gradle/wrapper/dists/gradle-5.1.1-all/97z1ksx6lirer3kbvdnh7jtjg/gradle-5.1.1/lib/plugins/gradle-code-quality-5.1.1.jar
7fdd8ffb0000-7fdd8ffb2000 r--s 0000b000 08:04 1054396                    /home/myworldsoftware-u/.gradle/wrapper/dists/gradle-5.1.1-all/97z1ksx6lirer3kbvdnh7jtjg/gradle-5.1.1/lib/plugins/maven-plugin-api-3.0.4.jar
7fdd8ffb2000-7fdd8ffb4000 r--s 0000c000 08:04 1054434                    /home/myworldsoftware-u/.gradle/wrapper/dists/gradle-5.1.1-all/97z1ksx6lirer3kbvdnh7jtjg/gradle-5.1.1/lib/plugins/wagon-provider-api-3.0.0.jar
7fdd8ffb4000-7fdd8ffba000 r--s 0003f000 08:04 1054384                    /home/myworldsoftware-u/.gradle/wrapper/dists/gradle-5.1.1-all/97z1ksx6lirer3kbvdnh7jtjg/gradle-5.1.1/lib/plugins/maven-compat-3.0.4.jar
7fdd8ffba000-7fdd8ffbd000 r--s 0000a000 08:04 1054431                    /home/myworldsoftware-u/.gradle/wrapper/dists/gradle-5.1.1-all/97z1ksx6lirer3kbvdnh7jtjg/gradle-5.1.1/lib/plugins/plexus-classworlds-2.5.1.jar
7fdd8ffbd000-7fdd8ffc1000 r--s 00021000 08:04 1054436                    /home/myworldsoftware-u/.gradle/wrapper/dists/gradle-5.1.1-all/97z1ksx6lirer3kbvdnh7jtjg/gradle-5.1.1/lib/plugins/xbean-reflect-3.7.jar
7fdd8ffc1000-7fdd8ffc8000 r--s 00032000 08:04 1054389                    /home/myworldsoftware-u/.gradle/wrapper/dists/gradle-5.1.1-all/97z1ksx6lirer3kbvdnh7jtjg/gradle-5.1.1/lib/plugins/plexus-container-default-1.7.1.jar
7fdd8ffc8000-7fdd8ffce000 r--s 0002e000 08:04 1054339                    /home/myworldsoftware-u/.gradle/wrapper/dists/gradle-5.1.1-all/97z1ksx6lirer3kbvdnh7jtjg/gradle-5.1.1/lib/plugins/gradle-build-init-5.1.1.jar
7fdd8ffce000-7fdd8ffd4000 r--s 0002e000 08:04 1054333                    /home/myworldsoftware-u/.gradle/wrapper/dists/gradle-5.1.1-all/97z1ksx6lirer3kbvdnh7jtjg/gradle-5.1.1/lib/plugins/gradle-build-comparison-5.1.1.jar
7fdd8ffd4000-7fdd8ffd5000 r--s 00002000 08:04 1054362                    /home/myworldsoftware-u/.gradle/wrapper/dists/gradle-5.1.1-all/97z1ksx6lirer3kbvdnh7jtjg/gradle-5.1.1/lib/plugins/gradle-build-cache-http-5.1.1.jar
7fdd8ffd5000-7fdd8ffd7000 r--s 00009000 08:04 1054320                    /home/myworldsoftware-u/.gradle/wrapper/dists/gradle-5.1.1-all/97z1ksx6lirer3kbvdnh7jtjg/gradle-5.1.1/lib/plugins/gradle-antlr-5.1.1.jar
7fdd8ffd7000-7fdd8ffd8000 r--s 00005000 08:04 1054319                    /home/myworldsoftware-u/.gradle/wrapper/dists/gradle-5.1.1-all/97z1ksx6lirer3kbvdnh7jtjg/gradle-5.1.1/lib/plugins/gradle-announce-5.1.1.jar
7fdd8ffd8000-7fdd8ffdb000 r--s 00016000 08:04 1054240                    /home/myworldsoftware-u/.gradle/wrapper/dists/gradle-5.1.1-all/97z1ksx6lirer3kbvdnh7jtjg/gradle-5.1.1/lib/gradle-kotlin-dsl-tooling-builders-1.1.1.jar
7fdd8ffdb000-7fdd90000000 r--s 00265000 08:04 1054370                    /home/myworldsoftware-u/.gradle/wrapper/dists/gradle-5.1.1-all/97z1ksx6lirer3kbvdnh7jtjg/gradle-5.1.1/lib/plugins/org.eclipse.jgit-5.0.3.201809091024-r.jar
7fdd90000000-7fdd90021000 rw-p 00000000 00:00 0 
7fdd90021000-7fdd94000000 ---p 00000000 00:00 0 
7fdd94000000-7fdd94021000 rw-p 00000000 00:00 0 
7fdd94021000-7fdd98000000 ---p 00000000 00:00 0 
7fdd98000000-7fdd98921000 rw-p 00000000 00:00 0 
7fdd98921000-7fdd9c000000 ---p 00000000 00:00 0 
7fdd9c000000-7fdd9c327000 rw-p 00000000 00:00 0 
7fdd9c327000-7fdda0000000 ---p 00000000 00:00 0 
7fdda0000000-7fdda0021000 rw-p 00000000 00:00 0 
7fdda0021000-7fdda4000000 ---p 00000000 00:00 0 
7fdda4000000-7fdda5ef6000 rw-p 00000000 00:00 0 
7fdda5ef6000-7fdda8000000 ---p 00000000 00:00 0 
7fdda8000000-7fdda8021000 rw-p 00000000 00:00 0 
7fdda8021000-7fddac000000 ---p 00000000 00:00 0 
7fddac000000-7fddac021000 rw-p 00000000 00:00 0 
7fddac021000-7fddb0000000 ---p 00000000 00:00 0 
7fddb0000000-7fddb0021000 rw-p 00000000 00:00 0 
7fddb0021000-7fddb4000000 ---p 00000000 00:00 0 
7fddb4000000-7fddb42c9000 rw-p 00000000 00:00 0 
7fddb42c9000-7fddb8000000 ---p 00000000 00:00 0 
7fddb8000000-7fddb8021000 rw-p 00000000 00:00 0 
7fddb8021000-7fddbc000000 ---p 00000000 00:00 0 
7fddbc000000-7fddbc002000 r--s 00006000 08:04 1054239                    /home/myworldsoftware-u/.gradle/wrapper/dists/gradle-5.1.1-all/97z1ksx6lirer3kbvdnh7jtjg/gradle-5.1.1/lib/gradle-kotlin-dsl-provider-plugins-1.1.1.jar
7fddbc002000-7fddbc003000 r--s 00000000 08:04 1054253                    /home/myworldsoftware-u/.gradle/wrapper/dists/gradle-5.1.1-all/97z1ksx6lirer3kbvdnh7jtjg/gradle-5.1.1/lib/gradle-runtime-api-info-5.1.1.jar
7fddbc003000-7fddbc008000 r--s 00040000 08:04 1054406                    /home/myworldsoftware-u/.gradle/wrapper/dists/gradle-5.1.1-all/97z1ksx6lirer3kbvdnh7jtjg/gradle-5.1.1/lib/plugins/jsch-0.1.54.jar
7fddbc008000-7fddbc00a000 r--s 00010000 08:04 1054422                    /home/myworldsoftware-u/.gradle/wrapper/dists/gradle-5.1.1-all/97z1ksx6lirer3kbvdnh7jtjg/gradle-5.1.1/lib/plugins/jzlib-1.1.3.jar
7fddbc00a000-7fddbc00c000 r--s 0000c000 08:04 1054356                    /home/myworldsoftware-u/.gradle/wrapper/dists/gradle-5.1.1-all/97z1ksx6lirer3kbvdnh7jtjg/gradle-5.1.1/lib/plugins/gradle-version-control-5.1.1.jar
7fddbc00c000-7fddbc025000 r--s 0013a000 08:04 1054405                    /home/myworldsoftware-u/.gradle/wrapper/dists/gradle-5.1.1-all/97z1ksx6lirer3kbvdnh7jtjg/gradle-5.1.1/lib/plugins/xercesImpl-2.12.0.jar
7fddbc025000-7fddbc027000 r--s 0001d000 08:04 1054404                    /home/myworldsoftware-u/.gradle/wrapper/dists/gradle-5.1.1-all/97z1ksx6lirer3kbvdnh7jtjg/gradle-5.1.1/lib/plugins/nekohtml-1.9.22.jar
7fddbc027000-7fddbc02d000 r--s 0005b000 08:04 1054403                    /home/myworldsoftware-u/.gradle/wrapper/dists/gradle-5.1.1-all/97z1ksx6lirer3kbvdnh7jtjg/gradle-5.1.1/lib/plugins/jcifs-1.3.17.jar
7fddbc02d000-7fddbc034000 r--s 0004b000 08:04 1054379                    /home/myworldsoftware-u/.gradle/wrapper/dists/gradle-5.1.1-all/97z1ksx6lirer3kbvdnh7jtjg/gradle-5.1.1/lib/plugins/commons-codec-1.11.jar
7fddbc034000-7fddbc03b000 r--s 00049000 08:04 1054420                    /home/myworldsoftware-u/.gradle/wrapper/dists/gradle-5.1.1-all/97z1ksx6lirer3kbvdnh7jtjg/gradle-5.1.1/lib/plugins/httpcore-4.4.10.jar
7fddbc03b000-7fddbc048000 r--s 000af000 08:04 1054378                    /home/myworldsoftware-u/.gradle/wrapper/dists/gradle-5.1.1-all/97z1ksx6lirer3kbvdnh7jtjg/gradle-5.1.1/lib/plugins/httpclient-4.5.6.jar
7fddbc048000-7fddbc04a000 r--s 0000e000 08:04 1054363                    /home/myworldsoftware-u/.gradle/wrapper/dists/gradle-5.1.1-all/97z1ksx6lirer3kbvdnh7jtjg/gradle-5.1.1/lib/plugins/gradle-resources-http-5.1.1.jar
7fddbc04a000-7fddbc04d000 r--s 0000c000 08:04 1054355                    /home/myworldsoftware-u/.gradle/wrapper/dists/gradle-5.1.1-all/97z1ksx6lirer3kbvdnh7jtjg/gradle-5.1.1/lib/plugins/gradle-plugin-use-5.1.1.jar
7fddbc04d000-7fddbc050000 r--s 0000d000 08:04 1054358                    /home/myworldsoftware-u/.gradle/wrapper/dists/gradle-5.1.1-all/97z1ksx6lirer3kbvdnh7jtjg/gradle-5.1.1/lib/plugins/gradle-composite-builds-5.1.1.jar
7fddbc050000-7fddbc051000 r--s 00000000 08:04 1054256                    /home/myworldsoftware-u/.gradle/wrapper/dists/gradle-5.1.1-all/97z1ksx6lirer3kbvdnh7jtjg/gradle-5.1.1/lib/gradle-installation-beacon-5.1.1.jar
7fddbc051000-7fddbc053000 r--s 00006000 08:04 1054426                    /home/myworldsoftware-u/.gradle/wrapper/dists/gradle-5.1.1-all/97z1ksx6lirer3kbvdnh7jtjg/gradle-5.1.1/lib/plugins/maven-repository-metadata-3.0.4.jar
7fddbc053000-7fddbc055000 r--s 0000c000 08:04 1054414                    /home/myworldsoftware-u/.gradle/wrapper/dists/gradle-5.1.1-all/97z1ksx6lirer3kbvdnh7jtjg/gradle-5.1.1/lib/plugins/maven-aether-provider-3.0.4.jar
7fddbc055000-7fddbc056000 r--s 00003000 08:04 1054416                    /home/myworldsoftware-u/.gradle/wrapper/dists/gradle-5.1.1-all/97z1ksx6lirer3kbvdnh7jtjg/gradle-5.1.1/lib/plugins/aether-spi-1.13.1.jar
7fddbc056000-7fddbc059000 r--s 0001d000 08:04 1054415                    /home/myworldsoftware-u/.gradle/wrapper/dists/gradle-5.1.1-all/97z1ksx6lirer3kbvdnh7jtjg/gradle-5.1.1/lib/plugins/aether-impl-1.13.1.jar
7fddbc059000-7fddbc05d000 r--s 0001c000 08:04 1054417                    /home/myworldsoftware-u/.gradle/wrapper/dists/gradle-5.1.1-all/97z1ksx6lirer3kbvdnh7jtjg/gradle-5.1.1/lib/plugins/aether-util-1.13.1.jar
7fddbc05d000-7fddbc060000 r--s 00013000 08:04 1054418                    /home/myworldsoftware-u/.gradle/wrapper/dists/gradle-5.1.1-all/97z1ksx6lirer3kbvdnh7jtjg/gradle-5.1.1/lib/plugins/aether-api-1.13.1.jar
7fddbc060000-7fddbc062000 r--s 0000b000 08:04 1054423                    /home/myworldsoftware-u/.gradle/wrapper/dists/gradle-5.1.1-all/97z1ksx6lirer3kbvdnh7jtjg/gradle-5.1.1/lib/plugins/maven-artifact-3.0.4.jar
7fddbc062000-7fddbc066000 r--s 00021000 08:04 1054424                    /home/myworldsoftware-u/.gradle/wrapper/dists/gradle-5.1.1-all/97z1ksx6lirer3kbvdnh7jtjg/gradle-5.1.1/lib/plugins/maven-model-builder-3.0.4.jar
7fddbc066000-7fddbc068000 r--s 00026000 08:04 1054425                    /home/myworldsoftware-u/.gradle/wrapper/dists/gradle-5.1.1-all/97z1ksx6lirer3kbvdnh7jtjg/gradle-5.1.1/lib/plugins/maven-model-3.0.4.jar
7fddbc068000-7fddbc06a000 r--s 0000a000 08:04 1054428                    /home/myworldsoftware-u/.gradle/wrapper/dists/gradle-5.1.1-all/97z1ksx6lirer3kbvdnh7jtjg/gradle-5.1.1/lib/plugins/maven-settings-3.0.4.jar
7fddbc06a000-7fddbc06c000 r--s 00002000 08:04 1054430                    /home/myworldsoftware-u/.gradle/wrapper/dists/gradle-5.1.1-all/97z1ksx6lirer3kbvdnh7jtjg/gradle-5.1.1/lib/plugins/plexus-cipher-1.7.jar
7fddbc06c000-7fddbc06d000 r--s 00006000 08:04 1054429                    /home/myworldsoftware-u/.gradle/wrapper/dists/gradle-5.1.1-all/97z1ksx6lirer3kbvdnh7jtjg/gradle-5.1.1/lib/plugins/plexus-sec-dispatcher-1.3.jar
7fddbc06d000-7fddbc06f000 r--s 00000000 08:04 1054432                    /home/myworldsoftware-u/.gradle/wrapper/dists/gradle-5.1.1-all/97z1ksx6lirer3kbvdnh7jtjg/gradle-5.1.1/lib/plugins/plexus-component-annotations-1.5.5.jar
7fddbc06f000-7fddbc073000 r--s 0003c000 08:04 1054435                    /home/myworldsoftware-u/.gradle/wrapper/dists/gradle-5.1.1-all/97z1ksx6lirer3kbvdnh7jtjg/gradle-5.1.1/lib/plugins/plexus-utils-3.1.0.jar
7fddbc073000-7fddbc088000 r--s 00116000 08:04 1054383                    /home/myworldsoftware-u/.gradle/wrapper/dists/gradle-5.1.1-all/97z1ksx6lirer3kbvdnh7jtjg/gradle-5.1.1/lib/plugins/ivy-2.3.0.jar
7fddbc088000-7fddbc0e0000 r--s 003a7000 08:04 1054413                    /home/myworldsoftware-u/.gradle/wrapper/dists/gradle-5.1.1-all/97z1ksx6lirer3kbvdnh7jtjg/gradle-5.1.1/lib/plugins/bcprov-jdk15on-1.60.jar
7fddbc0e0000-7fddbc112000 r--s 001a9000 08:04 1054357                    /home/myworldsoftware-u/.gradle/wrapper/dists/gradle-5.1.1-all/97z1ksx6lirer3kbvdnh7jtjg/gradle-5.1.1/lib/plugins/gradle-dependency-management-5.1.1.jar
7fddbc112000-7fddbc129000 r-xp 00000000 08:04 4073109                    /lib/x86_64-linux-gnu/libgcc_s.so.1
7fddbc129000-7fddbc328000 ---p 00017000 08:04 4073109                    /lib/x86_64-linux-gnu/libgcc_s.so.1
7fddbc328000-7fddbc329000 r--p 00016000 08:04 4073109                    /lib/x86_64-linux-gnu/libgcc_s.so.1
7fddbc329000-7fddbc32a000 rw-p 00017000 08:04 4073109                    /lib/x86_64-linux-gnu/libgcc_s.so.1
7fddbc32a000-7fddbc4a3000 r-xp 00000000 08:04 1573143                    /usr/lib/x86_64-linux-gnu/libstdc++.so.6.0.25
7fddbc4a3000-7fddbc6a3000 ---p 00179000 08:04 1573143                    /usr/lib/x86_64-linux-gnu/libstdc++.so.6.0.25
7fddbc6a3000-7fddbc6ad000 r--p 00179000 08:04 1573143                    /usr/lib/x86_64-linux-gnu/libstdc++.so.6.0.25
7fddbc6ad000-7fddbc6af000 rw-p 00183000 08:04 1573143                    /usr/lib/x86_64-linux-gnu/libstdc++.so.6.0.25
7fddbc6af000-7fddbc6b3000 rw-p 00000000 00:00 0 
7fddbc6b3000-7fddbc6b5000 r--s 0000d000 08:04 1054433                    /home/myworldsoftware-u/.gradle/wrapper/dists/gradle-5.1.1-all/97z1ksx6lirer3kbvdnh7jtjg/gradle-5.1.1/lib/plugins/plexus-interpolation-1.14.jar
7fddbc6b5000-7fddbc6b8000 r--s 00008000 08:04 1054427                    /home/myworldsoftware-u/.gradle/wrapper/dists/gradle-5.1.1-all/97z1ksx6lirer3kbvdnh7jtjg/gradle-5.1.1/lib/plugins/maven-settings-builder-3.0.4.jar
7fddbc6b8000-7fddbc6c4000 r--s 0007d000 08:04 1054385                    /home/myworldsoftware-u/.gradle/wrapper/dists/gradle-5.1.1-all/97z1ksx6lirer3kbvdnh7jtjg/gradle-5.1.1/lib/plugins/maven-core-3.0.4.jar
7fddbc6c4000-7fddbc6c9000 r--s 00036000 08:04 1054393                    /home/myworldsoftware-u/.gradle/wrapper/dists/gradle-5.1.1-all/97z1ksx6lirer3kbvdnh7jtjg/gradle-5.1.1/lib/plugins/gson-2.8.5.jar
7fddbc6c9000-7fddbc6ca000 r--s 00013000 08:04 1054380                    /home/myworldsoftware-u/.gradle/wrapper/dists/gradle-5.1.1-all/97z1ksx6lirer3kbvdnh7jtjg/gradle-5.1.1/lib/plugins/asm-util-7.0.jar
7fddbc6ca000-7fddbc6cc000 r--s 0000f000 08:04 1054366                    /home/myworldsoftware-u/.gradle/wrapper/dists/gradle-5.1.1-all/97z1ksx6lirer3kbvdnh7jtjg/gradle-5.1.1/lib/plugins/gradle-workers-5.1.1.jar
7fddbc6cc000-7fddbc6d1000 r-xp 00000000 08:04 4339578                    /home/myworldsoftware-u/.gradle/native/25/linux-amd64/libnative-platform.so
7fddbc6d1000-7fddbc8d0000 ---p 00005000 08:04 4339578                    /home/myworldsoftware-u/.gradle/native/25/linux-amd64/libnative-platform.so
7fddbc8d0000-7fddbc8d1000 rw-p 00004000 08:04 4339578                    /home/myworldsoftware-u/.gradle/native/25/linux-amd64/libnative-platform.so
7fddbc8d1000-7fddbc8e1000 r-xp 00000000 08:04 4327036                    /home/myworldsoftware-u/İndirilenler/android-studio/jre/jre/lib/amd64/libnio.so
7fddbc8e1000-7fddbc8e2000 rw-p 00010000 08:04 4327036                    /home/myworldsoftware-u/İndirilenler/android-studio/jre/jre/lib/amd64/libnio.so
7fddbc8e2000-7fddbf8e3000 rw-p 00000000 00:00 0 
7fddbf8e3000-7fddbf8f9000 r-xp 00000000 08:04 4327045                    /home/myworldsoftware-u/İndirilenler/android-studio/jre/jre/lib/amd64/libnet.so
7fddbf8f9000-7fddbf8fa000 rw-p 00016000 08:04 4327045                    /home/myworldsoftware-u/İndirilenler/android-studio/jre/jre/lib/amd64/libnet.so
7fddbf8fa000-7fddbf904000 r--s 00116000 08:04 4327076                    /home/myworldsoftware-u/İndirilenler/android-studio/jre/jre/lib/ext/localedata.jar
7fddbf904000-7fddbf905000 r--s 00006000 08:04 1054255                    /home/myworldsoftware-u/.gradle/wrapper/dists/gradle-5.1.1-all/97z1ksx6lirer3kbvdnh7jtjg/gradle-5.1.1/lib/gradle-wrapper-5.1.1.jar
7fddbf905000-7fddbf914000 r--s 0004b000 08:04 1054254                    /home/myworldsoftware-u/.gradle/wrapper/dists/gradle-5.1.1-all/97z1ksx6lirer3kbvdnh7jtjg/gradle-5.1.1/lib/gradle-tooling-api-5.1.1.jar
7fddbf914000-7fddbf923000 r--s 00231000 08:04 1054250                    /home/myworldsoftware-u/.gradle/wrapper/dists/gradle-5.1.1-all/97z1ksx6lirer3kbvdnh7jtjg/gradle-5.1.1/lib/kotlinx-metadata-jvm-0.0.4.jar
7fddbf923000-7fddbf925000 r--s 00002000 08:04 1054249                    /home/myworldsoftware-u/.gradle/wrapper/dists/gradle-5.1.1-all/97z1ksx6lirer3kbvdnh7jtjg/gradle-5.1.1/lib/kotlin-stdlib-jdk8-1.3.11.jar
7fddbf925000-7fddbf926000 r--s 00000000 08:04 1054248                    /home/myworldsoftware-u/.gradle/wrapper/dists/gradle-5.1.1-all/97z1ksx6lirer3kbvdnh7jtjg/gradle-5.1.1/lib/kotlin-stdlib-jdk7-1.3.11.jar
7fddbf926000-7fddbf92d000 r--s 0001e000 08:04 1054247                    /home/myworldsoftware-u/.gradle/wrapper/dists/gradle-5.1.1-all/97z1ksx6lirer3kbvdnh7jtjg/gradle-5.1.1/lib/kotlin-stdlib-common-1.3.11.jar
7fddbf92d000-7fddbf940000 r--s 0010e000 08:04 1054246                    /home/myworldsoftware-u/.gradle/wrapper/dists/gradle-5.1.1-all/97z1ksx6lirer3kbvdnh7jtjg/gradle-5.1.1/lib/kotlin-stdlib-1.3.11.jar
7fddbf940000-7fddbf942000 r--s 00009000 08:04 1054245                    /home/myworldsoftware-u/.gradle/wrapper/dists/gradle-5.1.1-all/97z1ksx6lirer3kbvdnh7jtjg/gradle-5.1.1/lib/kotlin-script-runtime-1.3.11.jar
7fddbf942000-7fddbf943000 r--s 00002000 08:04 1054244                    /home/myworldsoftware-u/.gradle/wrapper/dists/gradle-5.1.1-all/97z1ksx6lirer3kbvdnh7jtjg/gradle-5.1.1/lib/kotlin-sam-with-receiver-compiler-plugin-1.3.11.jar
7fddbf943000-7fddbf979000 r--s 00250000 08:04 1054243                    /home/myworldsoftware-u/.gradle/wrapper/dists/gradle-5.1.1-all/97z1ksx6lirer3kbvdnh7jtjg/gradle-5.1.1/lib/kotlin-reflect-1.3.11.jar
7fddbf979000-7fddbfb52000 r--s 01b06000 08:04 1054242                    /home/myworldsoftware-u/.gradle/wrapper/dists/gradle-5.1.1-all/97z1ksx6lirer3kbvdnh7jtjg/gradle-5.1.1/lib/kotlin-compiler-embeddable-1.3.11.jar
7fddbfb52000-7fddbfb54000 r--s 00003000 08:04 1054237                    /home/myworldsoftware-u/.gradle/wrapper/dists/gradle-5.1.1-all/97z1ksx6lirer3kbvdnh7jtjg/gradle-5.1.1/lib/annotations-13.0.jar
7fddbfb54000-7fddbfb6e000 r--s 0014e000 08:04 1054238                    /home/myworldsoftware-u/.gradle/wrapper/dists/gradle-5.1.1-all/97z1ksx6lirer3kbvdnh7jtjg/gradle-5.1.1/lib/gradle-kotlin-dsl-1.1.1.jar
7fddbfb6e000-7fddbfb70000 r--s 00007000 08:04 1054260                    /home/myworldsoftware-u/.gradle/wrapper/dists/gradle-5.1.1-all/97z1ksx6lirer3kbvdnh7jtjg/gradle-5.1.1/lib/gradle-build-cache-packaging-5.1.1.jar
7fddbfb70000-7fddbfb73000 r--s 00010000 08:04 1054259                    /home/myworldsoftware-u/.gradle/wrapper/dists/gradle-5.1.1-all/97z1ksx6lirer3kbvdnh7jtjg/gradle-5.1.1/lib/gradle-execution-5.1.1.jar
7fddbfb73000-7fddbfb77000 r--s 0001a000 08:04 1054262                    /home/myworldsoftware-u/.gradle/wrapper/dists/gradle-5.1.1-all/97z1ksx6lirer3kbvdnh7jtjg/gradle-5.1.1/lib/gradle-files-5.1.1.jar
7fddbfb77000-7fddbfbfc000 r--s 007a7000 08:04 1054292                    /home/myworldsoftware-u/.gradle/wrapper/dists/gradle-5.1.1-all/97z1ksx6lirer3kbvdnh7jtjg/gradle-5.1.1/lib/groovy-all-1.0-2.5.4.jar
7fddbfbfc000-7fddbfbfd000 ---p 00000000 00:00 0 
7fddbfbfd000-7fddbfcfd000 rw-p 00000000 00:00 0 
7fddbfcfd000-7fddbfd00000 ---p 00000000 00:00 0 
7fddbfd00000-7fddbfdfe000 rw-p 00000000 00:00 0 
7fddbfdfe000-7fddbfdff000 ---p 00000000 00:00 0 
7fddbfdff000-7fddbfe02000 ---p 00000000 00:00 0 
7fddbfe02000-7fddbfeff000 rw-p 00000000 00:00 0 
7fddbfeff000-7fddbff00000 ---p 00000000 00:00 0 
7fddbff00000-7fddbff03000 ---p 00000000 00:00 0 
7fddbff03000-7fddc0000000 rw-p 00000000 00:00 0 
7fddc0000000-7fddc0021000 rw-p 00000000 00:00 0 
7fddc0021000-7fddc4000000 ---p 00000000 00:00 0 
7fddc4000000-7fddc4001000 r--s 00001000 08:04 1054241                    /home/myworldsoftware-u/.gradle/wrapper/dists/gradle-5.1.1-all/97z1ksx6lirer3kbvdnh7jtjg/gradle-5.1.1/lib/gradle-kotlin-dsl-tooling-models-1.1.1.jar
7fddc4001000-7fddc4006000 r--s 00022000 08:04 1054261                    /home/myworldsoftware-u/.gradle/wrapper/dists/gradle-5.1.1-all/97z1ksx6lirer3kbvdnh7jtjg/gradle-5.1.1/lib/gradle-snapshots-5.1.1.jar
7fddc4006000-7fddc4007000 r--s 00003000 08:04 1054275                    /home/myworldsoftware-u/.gradle/wrapper/dists/gradle-5.1.1-all/97z1ksx6lirer3kbvdnh7jtjg/gradle-5.1.1/lib/gradle-build-option-5.1.1.jar
7fddc4007000-7fddc4009000 r--s 00005000 08:04 1054276                    /home/myworldsoftware-u/.gradle/wrapper/dists/gradle-5.1.1-all/97z1ksx6lirer3kbvdnh7jtjg/gradle-5.1.1/lib/gradle-cli-5.1.1.jar
7fddc4009000-7fddc400b000 r--s 00004000 08:04 1054286                    /home/myworldsoftware-u/.gradle/wrapper/dists/gradle-5.1.1-all/97z1ksx6lirer3kbvdnh7jtjg/gradle-5.1.1/lib/log4j-over-slf4j-1.7.25.jar
7fddc400b000-7fddc400d000 r--s 00000000 08:04 1054285                    /home/myworldsoftware-u/.gradle/wrapper/dists/gradle-5.1.1-all/97z1ksx6lirer3kbvdnh7jtjg/gradle-5.1.1/lib/jul-to-slf4j-1.7.25.jar
7fddc400d000-7fddc400f000 r--s 00003000 08:04 1054284                    /home/myworldsoftware-u/.gradle/wrapper/dists/gradle-5.1.1-all/97z1ksx6lirer3kbvdnh7jtjg/gradle-5.1.1/lib/jcl-over-slf4j-1.7.25.jar
7fddc400f000-7fddc4017000 r--s 00035000 08:04 1054268                    /home/myworldsoftware-u/.gradle/wrapper/dists/gradle-5.1.1-all/97z1ksx6lirer3kbvdnh7jtjg/gradle-5.1.1/lib/gradle-logging-5.1.1.jar
7fddc4017000-7fddc401c000 r--s 00015000 08:04 1054270                    /home/myworldsoftware-u/.gradle/wrapper/dists/gradle-5.1.1-all/97z1ksx6lirer3kbvdnh7jtjg/gradle-5.1.1/lib/gradle-resources-5.1.1.jar
7fddc401c000-7fddc4023000 r--s 00036000 08:04 1054267                    /home/myworldsoftware-u/.gradle/wrapper/dists/gradle-5.1.1-all/97z1ksx6lirer3kbvdnh7jtjg/gradle-5.1.1/lib/gradle-persistent-cache-5.1.1.jar
7fddc4023000-7fddc4028000 r--s 00014000 08:04 1054266                    /home/myworldsoftware-u/.gradle/wrapper/dists/gradle-5.1.1-all/97z1ksx6lirer3kbvdnh7jtjg/gradle-5.1.1/lib/gradle-build-cache-5.1.1.jar
7fddc4028000-7fddc4039000 r--s 00092000 08:04 1054264                    /home/myworldsoftware-u/.gradle/wrapper/dists/gradle-5.1.1-all/97z1ksx6lirer3kbvdnh7jtjg/gradle-5.1.1/lib/gradle-model-core-5.1.1.jar
7fddc4039000-7fddc403b000 r--s 0000d000 08:04 1054272                    /home/myworldsoftware-u/.gradle/wrapper/dists/gradle-5.1.1-all/97z1ksx6lirer3kbvdnh7jtjg/gradle-5.1.1/lib/gradle-base-services-groovy-5.1.1.jar
7fddc403b000-7fddc403d000 r--s 00007000 08:04 1054263                    /home/myworldsoftware-u/.gradle/wrapper/dists/gradle-5.1.1-all/97z1ksx6lirer3kbvdnh7jtjg/gradle-5.1.1/lib/gradle-model-groovy-5.1.1.jar
7fddc403d000-7fddc403f000 r--s 00006000 08:04 1054277                    /home/myworldsoftware-u/.gradle/wrapper/dists/gradle-5.1.1-all/97z1ksx6lirer3kbvdnh7jtjg/gradle-5.1.1/lib/gradle-docs-5.1.1.jar
7fddc403f000-7fddc4048000 r--s 0002d000 08:04 1054298                    /home/myworldsoftware-u/.gradle/wrapper/dists/gradle-5.1.1-all/97z1ksx6lirer3kbvdnh7jtjg/gradle-5.1.1/lib/xml-apis-1.4.01.jar
7fddc4048000-7fddc4049000 r--s 00000000 08:04 1054294                    /home/myworldsoftware-u/.gradle/wrapper/dists/gradle-5.1.1-all/97z1ksx6lirer3kbvdnh7jtjg/gradle-5.1.1/lib/javax.inject-1.jar
7fddc4049000-7fddc4054000 r--s 00086000 08:04 1054297                    /home/myworldsoftware-u/.gradle/wrapper/dists/gradle-5.1.1-all/97z1ksx6lirer3kbvdnh7jtjg/gradle-5.1.1/lib/commons-compress-1.18.jar
7fddc4054000-7fddc4061000 r--s 00083000 08:04 1054295                    /home/myworldsoftware-u/.gradle/wrapper/dists/gradle-5.1.1-all/97z1ksx6lirer3kbvdnh7jtjg/gradle-5.1.1/lib/commons-collections-3.2.2.jar
7fddc4061000-7fddc4063000 r--s 00007000 08:04 1054279                    /home/myworldsoftware-u/.gradle/wrapper/dists/gradle-5.1.1-all/97z1ksx6lirer3kbvdnh7jtjg/gradle-5.1.1/lib/asm-analysis-7.0.jar
7fddc4063000-7fddc4065000 r--s 0000b000 08:04 1054280                    /home/myworldsoftware-u/.gradle/wrapper/dists/gradle-5.1.1-all/97z1ksx6lirer3kbvdnh7jtjg/gradle-5.1.1/lib/asm-tree-7.0.jar
7fddc4065000-7fddc4067000 r--s 00012000 08:04 1054278                    /home/myworldsoftware-u/.gradle/wrapper/dists/gradle-5.1.1-all/97z1ksx6lirer3kbvdnh7jtjg/gradle-5.1.1/lib/asm-commons-7.0.jar
7fddc4067000-7fddc4068000 r--s 00004000 08:04 1054304                    /home/myworldsoftware-u/.gradle/wrapper/dists/gradle-5.1.1-all/97z1ksx6lirer3kbvdnh7jtjg/gradle-5.1.1/lib/native-platform-freebsd-amd64-libcpp-0.14.jar
7fddc4068000-7fddc4069000 r--s 00004000 08:04 1054305                    /home/myworldsoftware-u/.gradle/wrapper/dists/gradle-5.1.1-all/97z1ksx6lirer3kbvdnh7jtjg/gradle-5.1.1/lib/native-platform-freebsd-amd64-libstdcpp-0.14.jar
7fddc4069000-7fddc406a000 r--s 00004000 08:04 1054306                    /home/myworldsoftware-u/.gradle/wrapper/dists/gradle-5.1.1-all/97z1ksx6lirer3kbvdnh7jtjg/gradle-5.1.1/lib/native-platform-freebsd-i386-libcpp-0.14.jar
7fddc406a000-7fddc406b000 r--s 00003000 08:04 1054307                    /home/myworldsoftware-u/.gradle/wrapper/dists/gradle-5.1.1-all/97z1ksx6lirer3kbvdnh7jtjg/gradle-5.1.1/lib/native-platform-freebsd-i386-libstdcpp-0.14.jar
7fddc406b000-7fddc406c000 r--s 00002000 08:04 1054308                    /home/myworldsoftware-u/.gradle/wrapper/dists/gradle-5.1.1-all/97z1ksx6lirer3kbvdnh7jtjg/gradle-5.1.1/lib/native-platform-linux-amd64-0.14.jar
7fddc406c000-7fddc406d000 r--s 00002000 08:04 1054309                    /home/myworldsoftware-u/.gradle/wrapper/dists/gradle-5.1.1-all/97z1ksx6lirer3kbvdnh7jtjg/gradle-5.1.1/lib/native-platform-linux-i386-0.14.jar
7fddc406d000-7fddc406f000 r--s 00002000 08:04 1054310                    /home/myworldsoftware-u/.gradle/wrapper/dists/gradle-5.1.1-all/97z1ksx6lirer3kbvdnh7jtjg/gradle-5.1.1/lib/native-platform-osx-amd64-0.14.jar
7fddc406f000-7fddc4070000 r--s 00003000 08:04 1054311                    /home/myworldsoftware-u/.gradle/wrapper/dists/gradle-5.1.1-all/97z1ksx6lirer3kbvdnh7jtjg/gradle-5.1.1/lib/native-platform-osx-i386-0.14.jar
7fddc4070000-7fddc4072000 r--s 0000b000 08:04 1054312                    /home/myworldsoftware-u/.gradle/wrapper/dists/gradle-5.1.1-all/97z1ksx6lirer3kbvdnh7jtjg/gradle-5.1.1/lib/native-platform-windows-amd64-0.14.jar
7fddc4072000-7fddc4073000 r--s 0000b000 08:04 1054313                    /home/myworldsoftware-u/.gradle/wrapper/dists/gradle-5.1.1-all/97z1ksx6lirer3kbvdnh7jtjg/gradle-5.1.1/lib/native-platform-windows-i386-0.14.jar
7fddc4073000-7fddc4074000 r--s 00001000 08:04 1054314                    /home/myworldsoftware-u/.gradle/wrapper/dists/gradle-5.1.1-all/97z1ksx6lirer3kbvdnh7jtjg/gradle-5.1.1/lib/native-platform-linux-amd64-ncurses5-0.14.jar
7fddc4074000-7fddc4075000 r--s 00001000 08:04 1054315                    /home/myworldsoftware-u/.gradle/wrapper/dists/gradle-5.1.1-all/97z1ksx6lirer3kbvdnh7jtjg/gradle-5.1.1/lib/native-platform-linux-amd64-ncurses6-0.14.jar
7fddc4075000-7fddc4076000 r--s 00001000 08:04 1054316                    /home/myworldsoftware-u/.gradle/wrapper/dists/gradle-5.1.1-all/97z1ksx6lirer3kbvdnh7jtjg/gradle-5.1.1/lib/native-platform-linux-i386-ncurses5-0.14.jar
7fddc4076000-7fddc4077000 r--s 00001000 08:04 1054317                    /home/myworldsoftware-u/.gradle/wrapper/dists/gradle-5.1.1-all/97z1ksx6lirer3kbvdnh7jtjg/gradle-5.1.1/lib/native-platform-linux-i386-ncurses6-0.14.jar
7fddc4077000-7fddc407b000 r--s 00012000 08:04 1054296                    /home/myworldsoftware-u/.gradle/wrapper/dists/gradle-5.1.1-all/97z1ksx6lirer3kbvdnh7jtjg/gradle-5.1.1/lib/native-platform-0.14.jar
7fddc407b000-7fddc407f000 r--s 00042000 08:04 1054299                    /home/myworldsoftware-u/.gradle/wrapper/dists/gradle-5.1.1-all/97z1ksx6lirer3kbvdnh7jtjg/gradle-5.1.1/lib/jansi-1.17.1.jar
7fddc407f000-7fddc4082000 r--s 0000c000 08:04 1054271                    /home/myworldsoftware-u/.gradle/wrapper/dists/gradle-5.1.1-all/97z1ksx6lirer3kbvdnh7jtjg/gradle-5.1.1/lib/gradle-native-5.1.1.jar
7fddc4082000-7fddc4084000 r--s 0000c000 08:04 1054301                    /home/myworldsoftware-u/.gradle/wrapper/dists/gradle-5.1.1-all/97z1ksx6lirer3kbvdnh7jtjg/gradle-5.1.1/lib/objenesis-2.6.jar
7fddc4084000-7fddc408a000 r--s 0004d000 08:04 1054300                    /home/myworldsoftware-u/.gradle/wrapper/dists/gradle-5.1.1-all/97z1ksx6lirer3kbvdnh7jtjg/gradle-5.1.1/lib/kryo-2.24.0.jar
7fddc408a000-7fddc40ba000 r--s 0024b000 08:04 1054288                    /home/myworldsoftware-u/.gradle/wrapper/dists/gradle-5.1.1-all/97z1ksx6lirer3kbvdnh7jtjg/gradle-5.1.1/lib/guava-26.0-android.jar
7fddc40ba000-7fddc40bb000 ---p 00000000 00:00 0 
7fddc40bb000-7fddc40be000 ---p 00000000 00:00 0 
7fddc40be000-7fddc41bb000 rw-p 00000000 00:00 0 
7fddc41bb000-7fddc41be000 ---p 00000000 00:00 0 
7fddc41be000-7fddc42bc000 rw-p 00000000 00:00 0 
7fddc42bc000-7fddc4dee000 r--p 00000000 08:04 1579718                    /usr/lib/locale/locale-archive
7fddc4dee000-7fddc4df1000 ---p 00000000 00:00 0 
7fddc4df1000-7fddc4eef000 rw-p 00000000 00:00 0 
7fddc4eef000-7fddc4ef2000 ---p 00000000 00:00 0 
7fddc4ef2000-7fddc4ff0000 rw-p 00000000 00:00 0 
7fddc4ff0000-7fddc4ff1000 ---p 00000000 00:00 0 
7fddc4ff1000-7fddc8000000 rw-p 00000000 00:00 0 
7fddc8000000-7fddc8021000 rw-p 00000000 00:00 0 
7fddc8021000-7fddcc000000 ---p 00000000 00:00 0 
7fddcc000000-7fddcc002000 r--s 00000000 08:04 1054303                    /home/myworldsoftware-u/.gradle/wrapper/dists/gradle-5.1.1-all/97z1ksx6lirer3kbvdnh7jtjg/gradle-5.1.1/lib/minlog-1.2.jar
7fddcc002000-7fddcc009000 r--s 00030000 08:04 1054273                    /home/myworldsoftware-u/.gradle/wrapper/dists/gradle-5.1.1-all/97z1ksx6lirer3kbvdnh7jtjg/gradle-5.1.1/lib/gradle-messaging-5.1.1.jar
7fddcc009000-7fddcc00b000 r--s 00006000 08:04 1054269                    /home/myworldsoftware-u/.gradle/wrapper/dists/gradle-5.1.1-all/97z1ksx6lirer3kbvdnh7jtjg/gradle-5.1.1/lib/gradle-process-services-5.1.1.jar
7fddcc00b000-7fddcc00d000 r--s 00000000 08:04 1054258                    /home/myworldsoftware-u/.gradle/wrapper/dists/gradle-5.1.1-all/97z1ksx6lirer3kbvdnh7jtjg/gradle-5.1.1/lib/gradle-jvm-services-5.1.1.jar
7fddcc00d000-7fddcc00f000 r--s 00003000 08:04 1054289                    /home/myworldsoftware-u/.gradle/wrapper/dists/gradle-5.1.1-all/97z1ksx6lirer3kbvdnh7jtjg/gradle-5.1.1/lib/jsr305-3.0.2.jar
7fddcc00f000-7fddcc014000 r--s 00041000 08:04 1054283                    /home/myworldsoftware-u/.gradle/wrapper/dists/gradle-5.1.1-all/97z1ksx6lirer3kbvdnh7jtjg/gradle-5.1.1/lib/commons-lang-2.6.jar
7fddcc014000-7fddcc018000 r--s 00031000 08:04 1054282                    /home/myworldsoftware-u/.gradle/wrapper/dists/gradle-5.1.1-all/97z1ksx6lirer3kbvdnh7jtjg/gradle-5.1.1/lib/commons-io-2.6.jar
7fddcc018000-7fddcc037000 r--s 001da000 08:04 1054293                    /home/myworldsoftware-u/.gradle/wrapper/dists/gradle-5.1.1-all/97z1ksx6lirer3kbvdnh7jtjg/gradle-5.1.1/lib/ant-1.9.13.jar
7fddcc037000-7fddcc074000 r--s 0020d000 08:04 1054257                    /home/myworldsoftware-u/.gradle/wrapper/dists/gradle-5.1.1-all/97z1ksx6lirer3kbvdnh7jtjg/gradle-5.1.1/lib/gradle-core-5.1.1.jar
7fddcc074000-7fddcc082000 r--s 0003c000 08:04 1054265                    /home/myworldsoftware-u/.gradle/wrapper/dists/gradle-5.1.1-all/97z1ksx6lirer3kbvdnh7jtjg/gradle-5.1.1/lib/gradle-core-api-5.1.1.jar
7fddcc082000-7fddcc08f000 r--s 0006c000 08:04 1054274                    /home/myworldsoftware-u/.gradle/wrapper/dists/gradle-5.1.1-all/97z1ksx6lirer3kbvdnh7jtjg/gradle-5.1.1/lib/gradle-base-services-5.1.1.jar
7fddcc08f000-7fddcc09c000 r--s 0006d000 08:04 1054252                    /home/myworldsoftware-u/.gradle/wrapper/dists/gradle-5.1.1-all/97z1ksx6lirer3kbvdnh7jtjg/gradle-5.1.1/lib/gradle-launcher-5.1.1.jar
7fddcc09c000-7fddcc12c000 rw-p 00000000 00:00 0 
7fddcc12c000-7fddcc2fd000 r--s 03c8a000 08:04 4326703                    /home/myworldsoftware-u/İndirilenler/android-studio/jre/jre/lib/rt.jar
7fddcc2fd000-7fddcccfd000 rw-p 00000000 00:00 0 
7fddcccfd000-7fddcccfe000 ---p 00000000 00:00 0 
7fddcccfe000-7fddccdfe000 rw-p 00000000 00:00 0 
7fddccdfe000-7fddccdff000 ---p 00000000 00:00 0 
7fddccdff000-7fddcceff000 rw-p 00000000 00:00 0 
7fddcceff000-7fddccf00000 ---p 00000000 00:00 0 
7fddccf00000-7fddcd000000 rw-p 00000000 00:00 0 
7fddcd000000-7fddcd480000 rwxp 00000000 00:00 0 
7fddcd480000-7fdddc000000 ---p 00000000 00:00 0 
7fdddc000000-7fdddcf6a000 rw-p 00000000 00:00 0 
7fdddcf6a000-7fdde0000000 ---p 00000000 00:00 0 
7fdde0000000-7fdde0003000 r--s 0001c000 08:04 1054290                    /home/myworldsoftware-u/.gradle/wrapper/dists/gradle-5.1.1-all/97z1ksx6lirer3kbvdnh7jtjg/gradle-5.1.1/lib/fastutil-8.2.1-min.jar
7fdde0003000-7fdde00f5000 rw-p 00000000 00:00 0 
7fdde00f5000-7fdde00f6000 ---p 00000000 00:00 0 
7fdde00f6000-7fdde021f000 rw-p 00000000 00:00 0 
7fdde021f000-7fdde034c000 ---p 00000000 00:00 0 
7fdde034c000-7fdde0375000 rw-p 00000000 00:00 0 
7fdde0375000-7fdde04a1000 ---p 00000000 00:00 0 
7fdde04a1000-7fdde04c5000 rw-p 00000000 00:00 0 
7fdde04c5000-7fdde054c000 ---p 00000000 00:00 0 
7fdde054c000-7fdde055f000 rw-p 00000000 00:00 0 
7fdde055f000-7fdde090d000 ---p 00000000 00:00 0 
7fdde090d000-7fdde0918000 r-xp 00000000 08:04 4068566                    /lib/x86_64-linux-gnu/libnss_files-2.27.so
7fdde0918000-7fdde0b17000 ---p 0000b000 08:04 4068566                    /lib/x86_64-linux-gnu/libnss_files-2.27.so
7fdde0b17000-7fdde0b18000 r--p 0000a000 08:04 4068566                    /lib/x86_64-linux-gnu/libnss_files-2.27.so
7fdde0b18000-7fdde0b19000 rw-p 0000b000 08:04 4068566                    /lib/x86_64-linux-gnu/libnss_files-2.27.so
7fdde0b19000-7fdde0b1f000 rw-p 00000000 00:00 0 
7fdde0b1f000-7fdde0b36000 r-xp 00000000 08:04 4068560                    /lib/x86_64-linux-gnu/libnsl-2.27.so
7fdde0b36000-7fdde0d35000 ---p 00017000 08:04 4068560                    /lib/x86_64-linux-gnu/libnsl-2.27.so
7fdde0d35000-7fdde0d36000 r--p 00016000 08:04 4068560                    /lib/x86_64-linux-gnu/libnsl-2.27.so
7fdde0d36000-7fdde0d37000 rw-p 00017000 08:04 4068560                    /lib/x86_64-linux-gnu/libnsl-2.27.so
7fdde0d37000-7fdde0d39000 rw-p 00000000 00:00 0 
7fdde0d39000-7fdde0d44000 r-xp 00000000 08:04 4068577                    /lib/x86_64-linux-gnu/libnss_nis-2.27.so
7fdde0d44000-7fdde0f43000 ---p 0000b000 08:04 4068577                    /lib/x86_64-linux-gnu/libnss_nis-2.27.so
7fdde0f43000-7fdde0f44000 r--p 0000a000 08:04 4068577                    /lib/x86_64-linux-gnu/libnss_nis-2.27.so
7fdde0f44000-7fdde0f45000 rw-p 0000b000 08:04 4068577                    /lib/x86_64-linux-gnu/libnss_nis-2.27.so
7fdde0f45000-7fdde0f4d000 r-xp 00000000 08:04 4068562                    /lib/x86_64-linux-gnu/libnss_compat-2.27.so
7fdde0f4d000-7fdde114d000 ---p 00008000 08:04 4068562                    /lib/x86_64-linux-gnu/libnss_compat-2.27.so
7fdde114d000-7fdde114e000 r--p 00008000 08:04 4068562                    /lib/x86_64-linux-gnu/libnss_compat-2.27.so
7fdde114e000-7fdde114f000 rw-p 00009000 08:04 4068562                    /lib/x86_64-linux-gnu/libnss_compat-2.27.so
7fdde114f000-7fdde1156000 r-xp 00000000 08:04 4068617                    /lib/x86_64-linux-gnu/librt-2.27.so
7fdde1156000-7fdde1355000 ---p 00007000 08:04 4068617                    /lib/x86_64-linux-gnu/librt-2.27.so
7fdde1355000-7fdde1356000 r--p 00006000 08:04 4068617                    /lib/x86_64-linux-gnu/librt-2.27.so
7fdde1356000-7fdde1357000 rw-p 00007000 08:04 4068617                    /lib/x86_64-linux-gnu/librt-2.27.so
7fdde1357000-7fdde14f4000 r-xp 00000000 08:04 4068539                    /lib/x86_64-linux-gnu/libm-2.27.so
7fdde14f4000-7fdde16f3000 ---p 0019d000 08:04 4068539                    /lib/x86_64-linux-gnu/libm-2.27.so
7fdde16f3000-7fdde16f4000 r--p 0019c000 08:04 4068539                    /lib/x86_64-linux-gnu/libm-2.27.so
7fdde16f4000-7fdde16f5000 rw-p 0019d000 08:04 4068539                    /lib/x86_64-linux-gnu/libm-2.27.so
7fdde16f5000-7fdde230d000 r-xp 00000000 08:04 4326713                    /home/myworldsoftware-u/İndirilenler/android-studio/jre/jre/lib/amd64/server/libjvm.so
7fdde230d000-7fdde23dc000 rw-p 00c18000 08:04 4326713                    /home/myworldsoftware-u/İndirilenler/android-studio/jre/jre/lib/amd64/server/libjvm.so
7fdde23dc000-7fdde2421000 rw-p 00000000 00:00 0 
7fdde2421000-7fdde2608000 r-xp 00000000 08:04 4068476                    /lib/x86_64-linux-gnu/libc-2.27.so
7fdde2608000-7fdde2808000 ---p 001e7000 08:04 4068476                    /lib/x86_64-linux-gnu/libc-2.27.so
7fdde2808000-7fdde280c000 r--p 001e7000 08:04 4068476                    /lib/x86_64-linux-gnu/libc-2.27.so
7fdde280c000-7fdde280e000 rw-p 001eb000 08:04 4068476                    /lib/x86_64-linux-gnu/libc-2.27.so
7fdde280e000-7fdde2812000 rw-p 00000000 00:00 0 
7fdde2812000-7fdde2815000 r-xp 00000000 08:04 4068499                    /lib/x86_64-linux-gnu/libdl-2.27.so
7fdde2815000-7fdde2a14000 ---p 00003000 08:04 4068499                    /lib/x86_64-linux-gnu/libdl-2.27.so
7fdde2a14000-7fdde2a15000 r--p 00002000 08:04 4068499                    /lib/x86_64-linux-gnu/libdl-2.27.so
7fdde2a15000-7fdde2a16000 rw-p 00003000 08:04 4068499                    /lib/x86_64-linux-gnu/libdl-2.27.so
7fdde2a16000-7fdde2a30000 r-xp 00000000 08:04 4068609                    /lib/x86_64-linux-gnu/libpthread-2.27.so
7fdde2a30000-7fdde2c2f000 ---p 0001a000 08:04 4068609                    /lib/x86_64-linux-gnu/libpthread-2.27.so
7fdde2c2f000-7fdde2c30000 r--p 00019000 08:04 4068609                    /lib/x86_64-linux-gnu/libpthread-2.27.so
7fdde2c30000-7fdde2c31000 rw-p 0001a000 08:04 4068609                    /lib/x86_64-linux-gnu/libpthread-2.27.so
7fdde2c31000-7fdde2c35000 rw-p 00000000 00:00 0 
7fdde2c35000-7fdde2c5c000 r-xp 00000000 08:04 4068448                    /lib/x86_64-linux-gnu/ld-2.27.so
7fdde2c5c000-7fdde2c5d000 r--s 00000000 08:04 1054291                    /home/myworldsoftware-u/.gradle/wrapper/dists/gradle-5.1.1-all/97z1ksx6lirer3kbvdnh7jtjg/gradle-5.1.1/lib/jcip-annotations-1.0.jar
7fdde2c5d000-7fdde2c5f000 r--s 0001a000 08:04 1054281                    /home/myworldsoftware-u/.gradle/wrapper/dists/gradle-5.1.1-all/97z1ksx6lirer3kbvdnh7jtjg/gradle-5.1.1/lib/asm-7.0.jar
7fdde2c5f000-7fdde2c61000 r--s 00009000 08:04 1054287                    /home/myworldsoftware-u/.gradle/wrapper/dists/gradle-5.1.1-all/97z1ksx6lirer3kbvdnh7jtjg/gradle-5.1.1/lib/slf4j-api-1.7.25.jar
7fdde2c61000-7fdde2c62000 r--s 00004000 08:04 1054302                    /home/myworldsoftware-u/.gradle/wrapper/dists/gradle-5.1.1-all/97z1ksx6lirer3kbvdnh7jtjg/gradle-5.1.1/lib/ant-launcher-1.9.13.jar
7fdde2c62000-7fdde2ce0000 rw-p 00000000 00:00 0 
7fdde2ce0000-7fdde2cfa000 r-xp 00000000 08:04 4327044                    /home/myworldsoftware-u/İndirilenler/android-studio/jre/jre/lib/amd64/libzip.so
7fdde2cfa000-7fdde2cfb000 rw-p 00019000 08:04 4327044                    /home/myworldsoftware-u/İndirilenler/android-studio/jre/jre/lib/amd64/libzip.so
7fdde2cfb000-7fdde2d26000 r-xp 00000000 08:04 4327043                    /home/myworldsoftware-u/İndirilenler/android-studio/jre/jre/lib/amd64/libjava.so
7fdde2d26000-7fdde2d28000 rw-p 0002b000 08:04 4327043                    /home/myworldsoftware-u/İndirilenler/android-studio/jre/jre/lib/amd64/libjava.so
7fdde2d28000-7fdde2d29000 ---p 00000000 00:00 0 
7fdde2d29000-7fdde2d2c000 ---p 00000000 00:00 0 
7fdde2d2c000-7fdde2e2b000 rw-p 00000000 00:00 0 
7fdde2e2b000-7fdde2e40000 r-xp 00000000 08:04 4327121                    /home/myworldsoftware-u/İndirilenler/android-studio/jre/lib/amd64/jli/libjli.so
7fdde2e40000-7fdde2e41000 rw-p 00015000 08:04 4327121                    /home/myworldsoftware-u/İndirilenler/android-studio/jre/lib/amd64/jli/libjli.so
7fdde2e41000-7fdde2e49000 rw-s 00000000 08:04 1860975                    /tmp/hsperfdata_myworldsoftware-u/16427
7fdde2e49000-7fdde2e4a000 rw-p 00000000 00:00 0 
7fdde2e4a000-7fdde2e4b000 ---p 00000000 00:00 0 
7fdde2e4b000-7fdde2e58000 r-xp 00000000 08:04 4326913                    /home/myworldsoftware-u/İndirilenler/android-studio/jre/jre/lib/amd64/libverify.so
7fdde2e58000-7fdde2e5a000 rw-p 0000c000 08:04 4326913                    /home/myworldsoftware-u/İndirilenler/android-studio/jre/jre/lib/amd64/libverify.so
7fdde2e5a000-7fdde2e5c000 rw-p 00000000 00:00 0 
7fdde2e5c000-7fdde2e5d000 r--p 00027000 08:04 4068448                    /lib/x86_64-linux-gnu/ld-2.27.so
7fdde2e5d000-7fdde2e5e000 rw-p 00028000 08:04 4068448                    /lib/x86_64-linux-gnu/ld-2.27.so
7fdde2e5e000-7fdde2e5f000 rw-p 00000000 00:00 0 
7ffed0fc6000-7ffed0fe7000 rw-p 00000000 00:00 0                          [stack]
7ffed0ff6000-7ffed0ff9000 r--p 00000000 00:00 0                          [vvar]
7ffed0ff9000-7ffed0ffb000 r-xp 00000000 00:00 0                          [vdso]
ffffffffff600000-ffffffffff601000 r-xp 00000000 00:00 0                  [vsyscall]

VM Arguments:
jvm_args: -Xmx1024m -Dfile.encoding=UTF-8 -Duser.country=TR -Duser.language=tr -Duser.variant 
java_command: org.gradle.launcher.daemon.bootstrap.GradleDaemon 5.1.1
java_class_path (initial): /home/myworldsoftware-u/.gradle/wrapper/dists/gradle-5.1.1-all/97z1ksx6lirer3kbvdnh7jtjg/gradle-5.1.1/lib/gradle-launcher-5.1.1.jar
Launcher Type: SUN_STANDARD

Environment Variables:
PATH=/usr/local/sbin:/usr/local/bin:/usr/sbin:/usr/bin:/sbin:/bin:/usr/games:/usr/local/games:/snap/bin
USERNAME=myworldsoftware-u
SHELL=/bin/bash
DISPLAY=:0

Signal Handlers:
SIGSEGV: [libjvm.so+0xa00760], sa_mask[0]=11111111011111111101111111111110, sa_flags=SA_RESTART|SA_SIGINFO
SIGBUS: [libjvm.so+0xa00760], sa_mask[0]=11111111011111111101111111111110, sa_flags=SA_RESTART|SA_SIGINFO
SIGFPE: [libjvm.so+0x863090], sa_mask[0]=11111111011111111101111111111110, sa_flags=SA_RESTART|SA_SIGINFO
SIGPIPE: [libjvm.so+0x863090], sa_mask[0]=11111111011111111101111111111110, sa_flags=SA_RESTART|SA_SIGINFO
SIGXFSZ: [libjvm.so+0x863090], sa_mask[0]=11111111011111111101111111111110, sa_flags=SA_RESTART|SA_SIGINFO
SIGILL: [libjvm.so+0x863090], sa_mask[0]=11111111011111111101111111111110, sa_flags=SA_RESTART|SA_SIGINFO
SIGUSR1: SIG_DFL, sa_mask[0]=00000000000000000000000000000000, sa_flags=none
SIGUSR2: [libjvm.so+0x862f60], sa_mask[0]=00100000000000000000000000000000, sa_flags=SA_RESTART|SA_SIGINFO
SIGHUP: [libjvm.so+0x863150], sa_mask[0]=11111111011111111101111111111110, sa_flags=SA_RESTART|SA_SIGINFO
SIGINT: [libjvm.so+0x863150], sa_mask[0]=11111111011111111101111111111110, sa_flags=SA_RESTART|SA_SIGINFO
SIGTERM: [libjvm.so+0x863150], sa_mask[0]=11111111011111111101111111111110, sa_flags=SA_RESTART|SA_SIGINFO
SIGQUIT: [libjvm.so+0x863150], sa_mask[0]=11111111011111111101111111111110, sa_flags=SA_RESTART|SA_SIGINFO


---------------  S Y S T E M  ---------------

OS:DISTRIB_ID=Ubuntu
DISTRIB_RELEASE=18.04
DISTRIB_CODENAME=bionic
DISTRIB_DESCRIPTION="Ubuntu 18.04.2 LTS"

uname:Linux 4.18.0-20-generic #21~18.04.1-Ubuntu SMP Wed May 8 08:43:37 UTC 2019 x86_64
libc:glibc 2.27 NPTL 2.27 
rlimit: STACK 8192k, CORE 0k, NPROC 30346, NOFILE 1048576, AS infinity
load average:3,79 2,45 1,99

/proc/meminfo:
MemTotal:        7878968 kB
MemFree:          106960 kB
MemAvailable:       5028 kB
Buffers:            1512 kB
Cached:           440144 kB
SwapCached:         4584 kB
Active:          6476648 kB
Inactive:         928972 kB
Active(anon):    6467440 kB
Inactive(anon):   917648 kB
Active(file):       9208 kB
Inactive(file):    11324 kB
Unevictable:          48 kB
Mlocked:              48 kB
SwapTotal:       2097148 kB
SwapFree:              0 kB
Dirty:               248 kB
Writeback:           176 kB
AnonPages:       6962396 kB
Mapped:           185628 kB
Shmem:            421068 kB
Slab:             145516 kB
SReclaimable:      57724 kB
SUnreclaim:        87792 kB
KernelStack:       18016 kB
PageTables:        86924 kB
NFS_Unstable:          0 kB
Bounce:                0 kB
WritebackTmp:          0 kB
CommitLimit:     6036632 kB
Committed_AS:   17371884 kB
VmallocTotal:   34359738367 kB
VmallocUsed:           0 kB
VmallocChunk:          0 kB
HardwareCorrupted:     0 kB
AnonHugePages:         0 kB
ShmemHugePages:        0 kB
ShmemPmdMapped:        0 kB
CmaTotal:              0 kB
CmaFree:               0 kB
HugePages_Total:       0
HugePages_Free:        0
HugePages_Rsvd:        0
HugePages_Surp:        0
Hugepagesize:       2048 kB
Hugetlb:               0 kB
DirectMap4k:      313756 kB
DirectMap2M:     6735872 kB
DirectMap1G:     2097152 kB


CPU:total 4 (initial active 4) (2 cores per cpu, 2 threads per core) family 6 model 142 stepping 9, cmov, cx8, fxsr, mmx, sse, sse2, sse3, ssse3, sse4.1, sse4.2, popcnt, avx, avx2, aes, clmul, erms, 3dnowpref, lzcnt, ht, tsc, tscinvbit, bmi1, bmi2, adx

/proc/cpuinfo:
processor	: 0
vendor_id	: GenuineIntel
cpu family	: 6
model		: 142
model name	: Intel(R) Core(TM) i7-7500U CPU @ 2.70GHz
stepping	: 9
microcode	: 0xb4
cpu MHz		: 3499.998
cache size	: 4096 KB
physical id	: 0
siblings	: 4
core id		: 0
cpu cores	: 2
apicid		: 0
initial apicid	: 0
fpu		: yes
fpu_exception	: yes
cpuid level	: 22
wp		: yes
flags		: fpu vme de pse tsc msr pae mce cx8 apic sep mtrr pge mca cmov pat pse36 clflush dts acpi mmx fxsr sse sse2 ss ht tm pbe syscall nx pdpe1gb rdtscp lm constant_tsc art arch_perfmon pebs bts rep_good nopl xtopology nonstop_tsc cpuid aperfmperf tsc_known_freq pni pclmulqdq dtes64 monitor ds_cpl vmx est tm2 ssse3 sdbg fma cx16 xtpr pdcm pcid sse4_1 sse4_2 x2apic movbe popcnt tsc_deadline_timer aes xsave avx f16c rdrand lahf_lm abm 3dnowprefetch cpuid_fault epb invpcid_single pti ssbd ibrs ibpb stibp tpr_shadow vnmi flexpriority ept vpid fsgsbase tsc_adjust bmi1 avx2 smep bmi2 erms invpcid mpx rdseed adx smap clflushopt intel_pt xsaveopt xsavec xgetbv1 xsaves dtherm ida arat pln pts hwp hwp_notify hwp_act_window hwp_epp md_clear flush_l1d
bugs		: cpu_meltdown spectre_v1 spectre_v2 spec_store_bypass l1tf mds
bogomips	: 5808.00
clflush size	: 64
cache_alignment	: 64
address sizes	: 39 bits physical, 48 bits virtual
power management:

processor	: 1
vendor_id	: GenuineIntel
cpu family	: 6
model		: 142
model name	: Intel(R) Core(TM) i7-7500U CPU @ 2.70GHz
stepping	: 9
microcode	: 0xb4
cpu MHz		: 3499.997
cache size	: 4096 KB
physical id	: 0
siblings	: 4
core id		: 1
cpu cores	: 2
apicid		: 2
initial apicid	: 2
fpu		: yes
fpu_exception	: yes
cpuid level	: 22
wp		: yes
flags		: fpu vme de pse tsc msr pae mce cx8 apic sep mtrr pge mca cmov pat pse36 clflush dts acpi mmx fxsr sse sse2 ss ht tm pbe syscall nx pdpe1gb rdtscp lm constant_tsc art arch_perfmon pebs bts rep_good nopl xtopology nonstop_tsc cpuid aperfmperf tsc_known_freq pni pclmulqdq dtes64 monitor ds_cpl vmx est tm2 ssse3 sdbg fma cx16 xtpr pdcm pcid sse4_1 sse4_2 x2apic movbe popcnt tsc_deadline_timer aes xsave avx f16c rdrand lahf_lm abm 3dnowprefetch cpuid_fault epb invpcid_single pti ssbd ibrs ibpb stibp tpr_shadow vnmi flexpriority ept vpid fsgsbase tsc_adjust bmi1 avx2 smep bmi2 erms invpcid mpx rdseed adx smap clflushopt intel_pt xsaveopt xsavec xgetbv1 xsaves dtherm ida arat pln pts hwp hwp_notify hwp_act_window hwp_epp md_clear flush_l1d
bugs		: cpu_meltdown spectre_v1 spectre_v2 spec_store_bypass l1tf mds
bogomips	: 5808.00
clflush size	: 64
cache_alignment	: 64
address sizes	: 39 bits physical, 48 bits virtual
power management:

processor	: 2
vendor_id	: GenuineIntel
cpu family	: 6
model		: 142
model name	: Intel(R) Core(TM) i7-7500U CPU @ 2.70GHz
stepping	: 9
microcode	: 0xb4
cpu MHz		: 3499.999
cache size	: 4096 KB
physical id	: 0
siblings	: 4
core id		: 0
cpu cores	: 2
apicid		: 1
initial apicid	: 1
fpu		: yes
fpu_exception	: yes
cpuid level	: 22
wp		: yes
flags		: fpu vme de pse tsc msr pae mce cx8 apic sep mtrr pge mca cmov pat pse36 clflush dts acpi mmx fxsr sse sse2 ss ht tm pbe syscall nx pdpe1gb rdtscp lm constant_tsc art arch_perfmon pebs bts rep_good nopl xtopology nonstop_tsc cpuid aperfmperf tsc_known_freq pni pclmulqdq dtes64 monitor ds_cpl vmx est tm2 ssse3 sdbg fma cx16 xtpr pdcm pcid sse4_1 sse4_2 x2apic movbe popcnt tsc_deadline_timer aes xsave avx f16c rdrand lahf_lm abm 3dnowprefetch cpuid_fault epb invpcid_single pti ssbd ibrs ibpb stibp tpr_shadow vnmi flexpriority ept vpid fsgsbase tsc_adjust bmi1 avx2 smep bmi2 erms invpcid mpx rdseed adx smap clflushopt intel_pt xsaveopt xsavec xgetbv1 xsaves dtherm ida arat pln pts hwp hwp_notify hwp_act_window hwp_epp md_clear flush_l1d
bugs		: cpu_meltdown spectre_v1 spectre_v2 spec_store_bypass l1tf mds
bogomips	: 5808.00
clflush size	: 64
cache_alignment	: 64
address sizes	: 39 bits physical, 48 bits virtual
power management:

processor	: 3
vendor_id	: GenuineIntel
cpu family	: 6
model		: 142
model name	: Intel(R) Core(TM) i7-7500U CPU @ 2.70GHz
stepping	: 9
microcode	: 0xb4
cpu MHz		: 3500.001
cache size	: 4096 KB
physical id	: 0
siblings	: 4
core id		: 1
cpu cores	: 2
apicid		: 3
initial apicid	: 3
fpu		: yes
fpu_exception	: yes
cpuid level	: 22
wp		: yes
flags		: fpu vme de pse tsc msr pae mce cx8 apic sep mtrr pge mca cmov pat pse36 clflush dts acpi mmx fxsr sse sse2 ss ht tm pbe syscall nx pdpe1gb rdtscp lm constant_tsc art arch_perfmon pebs bts rep_good nopl xtopology nonstop_tsc cpuid aperfmperf tsc_known_freq pni pclmulqdq dtes64 monitor ds_cpl vmx est tm2 ssse3 sdbg fma cx16 xtpr pdcm pcid sse4_1 sse4_2 x2apic movbe popcnt tsc_deadline_timer aes xsave avx f16c rdrand lahf_lm abm 3dnowprefetch cpuid_fault epb invpcid_single pti ssbd ibrs ibpb stibp tpr_shadow vnmi flexpriority ept vpid fsgsbase tsc_adjust bmi1 avx2 smep bmi2 erms invpcid mpx rdseed adx smap clflushopt intel_pt xsaveopt xsavec xgetbv1 xsaves dtherm ida arat pln pts hwp hwp_notify hwp_act_window hwp_epp md_clear flush_l1d
bugs		: cpu_meltdown spectre_v1 spectre_v2 spec_store_bypass l1tf mds
bogomips	: 5808.00
clflush size	: 64
cache_alignment	: 64
address sizes	: 39 bits physical, 48 bits virtual
power management:



Memory: 4k page, physical 7878968k(107472k free), swap 2097148k(0k free)

vm_info: OpenJDK 64-Bit Server VM (25.152-b16-5323222) for linux-amd64 JRE (1.8.0_152-release-1343-b16-5323222), built by "android-build" with gcc 4.8

time: Wed Sep 11 14:16:40 2019
elapsed time: 4 seconds (0d 0h 0m 4s)

