#
# There is insufficient memory for the Java Runtime Environment to continue.
# Native memory allocation (mmap) failed to map 78643200 bytes for committing reserved memory.
# Possible reasons:
#   The system is out of physical RAM or swap space
#   In 32 bit mode, the process size limit was hit
# Possible solutions:
#   Reduce memory load on the system
#   Increase physical memory or swap space
#   Check if swap backing store is full
#   Use 64 bit Java on a 64 bit OS
#   Decrease Java heap size (-Xmx/-Xms)
#   Decrease number of Java threads
#   Decrease Java thread stack sizes (-Xss)
#   Set larger code cache with -XX:ReservedCodeCacheSize=
# This output file may be truncated or incomplete.
#
#  Out of Memory Error (os_linux.cpp:2640), pid=16111, tid=0x00007f328b18e700
#
# JRE version: OpenJDK Runtime Environment (8.0_152) (build 1.8.0_152-release-1343-b16-5323222)
# Java VM: OpenJDK 64-Bit Server VM (25.152-b16-5323222 mixed mode linux-amd64 compressed oops)
# Failed to write core dump. Core dumps have been disabled. To enable core dumping, try "ulimit -c unlimited" before starting Java again
#

---------------  T H R E A D  ---------------

Current thread (0x00007f32a4079000):  VMThread [stack: 0x00007f328b08f000,0x00007f328b18f000] [id=16119]

Stack: [0x00007f328b08f000,0x00007f328b18f000],  sp=0x00007f328b18d4c0,  free space=1017k
Native frames: (J=compiled Java code, j=interpreted, Vv=VM code, C=native code)
V  [libjvm.so+0x9ffc88]  VMError::report_and_die()+0x148
V  [libjvm.so+0x4ce9aa]  report_vm_out_of_memory(char const*, int, unsigned long, VMErrorType, char const*)+0x8a
V  [libjvm.so+0x8673d8]  os::pd_commit_memory(char*, unsigned long, unsigned long, bool)+0xd8
V  [libjvm.so+0x86201f]  os::commit_memory(char*, unsigned long, unsigned long, bool)+0x1f
V  [libjvm.so+0x8d839b]  PSVirtualSpace::expand_by(unsigned long)+0x5b
V  [libjvm.so+0x8d8ff0]  PSYoungGen::resize_generation(unsigned long, unsigned long)+0xb0
V  [libjvm.so+0x8d930b]  PSYoungGen::resize(unsigned long, unsigned long)+0x1b
V  [libjvm.so+0x8d5a3e]  PSScavenge::invoke_no_policy()+0xdce
V  [libjvm.so+0x8cf560]  PSParallelCompact::invoke(bool)+0x40
V  [libjvm.so+0x45e9e3]  CollectedHeap::collect_as_vm_thread(GCCause::Cause)+0x143
V  [libjvm.so+0xa010a1]  VM_CollectForMetadataAllocation::doit()+0x141
V  [libjvm.so+0xa05bf7]  VM_Operation::evaluate()+0x47
V  [libjvm.so+0xa04658]  VMThread::evaluate_operation(VM_Operation*)+0x2c8
V  [libjvm.so+0xa04ab1]  VMThread::loop()+0x1f1
V  [libjvm.so+0xa04ee2]  VMThread::run()+0x72
V  [libjvm.so+0x864822]  java_start(Thread*)+0xf2

VM_Operation (0x00007f328873e3c0): CollectForMetadataAllocation, mode: safepoint, requested by thread 0x00007f3244008000


---------------  P R O C E S S  ---------------

Java Threads: ( => current thread )
  0x00007f324063a000 JavaThread "Cache worker for file hash cache (/home/myworldsoftware-u/AndroidStudioProjects/Peeple/.gradle/5.1.1/fileHashes)" [_thread_blocked, id=16143, stack(0x00007f3280afc000,0x00007f3280bfd000)]
  0x00007f324013c000 JavaThread "Cache worker for journal cache (/home/myworldsoftware-u/.gradle/caches/journal-1)" [_thread_blocked, id=16142, stack(0x00007f3280dfd000,0x00007f3280efe000)]
  0x00007f3240139800 JavaThread "File lock request listener" [_thread_in_native, id=16141, stack(0x00007f3280efe000,0x00007f3280fff000)]
  0x00007f3240131800 JavaThread "Cache worker for file hash cache (/home/myworldsoftware-u/.gradle/caches/5.1.1/fileHashes)" [_thread_blocked, id=16140, stack(0x00007f3288043000,0x00007f3288144000)]
  0x00007f3240017800 JavaThread "Thread-8" [_thread_blocked, id=16139, stack(0x00007f3288344000,0x00007f3288445000)]
  0x00007f324000f000 JavaThread "Stdin handler" [_thread_blocked, id=16138, stack(0x00007f3288445000,0x00007f3288546000)]
  0x00007f324000d000 JavaThread "Asynchronous log dispatcher for DefaultDaemonConnection: socket connection from /127.0.0.1:32969 to /127.0.0.1:36314" [_thread_blocked, id=16137, stack(0x00007f3288546000,0x00007f3288647000)]
  0x00007f3244008000 JavaThread "Daemon worker" [_thread_blocked, id=16134, stack(0x00007f3288647000,0x00007f3288748000)]
  0x00007f3244006000 JavaThread "Cancel handler" [_thread_blocked, id=16133, stack(0x00007f3288748000,0x00007f3288849000)]
  0x00007f3244004000 JavaThread "Handler for socket connection from /127.0.0.1:32969 to /127.0.0.1:36314" [_thread_in_native, id=16132, stack(0x00007f3288849000,0x00007f328894a000)]
  0x00007f324c02a000 JavaThread "Daemon" [_thread_blocked, id=16131, stack(0x00007f328894a000,0x00007f3288a4b000)]
  0x00007f32a4f86800 JavaThread "Daemon periodic checks" [_thread_blocked, id=16130, stack(0x00007f3288a4b000,0x00007f3288b4c000)]
  0x00007f32a4f60800 JavaThread "Incoming local TCP Connector on port 32969" [_thread_in_native, id=16129, stack(0x00007f3288b53000,0x00007f3288c54000)]
  0x00007f32a40c9800 JavaThread "Service Thread" daemon [_thread_blocked, id=16127, stack(0x00007f3289e55000,0x00007f3289f56000)]
  0x00007f32a40be800 JavaThread "C1 CompilerThread2" daemon [_thread_blocked, id=16126, stack(0x00007f3289f57000,0x00007f328a057000)]
  0x00007f32a40bd000 JavaThread "C2 CompilerThread1" daemon [_thread_blocked, id=16125, stack(0x00007f328a058000,0x00007f328a158000)]
  0x00007f32a40ba000 JavaThread "C2 CompilerThread0" daemon [_thread_blocked, id=16124, stack(0x00007f328a159000,0x00007f328a259000)]
  0x00007f32a40b6000 JavaThread "Signal Dispatcher" daemon [_thread_blocked, id=16123, stack(0x00007f328a259000,0x00007f328a35a000)]
  0x00007f32a4085800 JavaThread "Finalizer" daemon [_thread_blocked, id=16122, stack(0x00007f328ae8c000,0x00007f328af8d000)]
  0x00007f32a4081000 JavaThread "Reference Handler" daemon [_thread_blocked, id=16120, stack(0x00007f328af8d000,0x00007f328b08e000)]
  0x00007f32a400b800 JavaThread "main" [_thread_blocked, id=16114, stack(0x00007f32aa031000,0x00007f32aa131000)]

Other Threads:
=>0x00007f32a4079000 VMThread [stack: 0x00007f328b08f000,0x00007f328b18f000] [id=16119]
  0x00007f32a40cc000 WatcherThread [stack: 0x00007f3289d55000,0x00007f3289e55000] [id=16128]

VM state:at safepoint (normal execution)

VM Mutex/Monitor currently owned by a thread:  ([mutex/lock_event])
[0x00007f32a4007ee0] Threads_lock - owner thread: 0x00007f32a4079000
[0x00007f32a40083e0] Heap_lock - owner thread: 0x00007f3244008000

Heap:
 PSYoungGen      total 67584K, used 5093K [0x00000000e0000000, 0x00000000e4700000, 0x0000000100000000)
  eden space 62464K, 0% used [0x00000000e0000000,0x00000000e0000000,0x00000000e3d00000)
  from space 5120K, 99% used [0x00000000e3d00000,0x00000000e41f95e0,0x00000000e4200000)
  to   space 5120K, 0% used [0x00000000e4200000,0x00000000e4200000,0x00000000e4700000)
 ParOldGen       total 83456K, used 10624K [0x00000000a0000000, 0x00000000a5180000, 0x00000000e0000000)
  object space 83456K, 12% used [0x00000000a0000000,0x00000000a0a60088,0x00000000a5180000)
 Metaspace       used 20708K, capacity 21182K, committed 21296K, reserved 1067008K
  class space    used 2911K, capacity 3090K, committed 3120K, reserved 1048576K

Card table byte_map: [0x00007f3294513000,0x00007f3294814000] byte_map_base: 0x00007f3294013000

Marking Bits: (ParMarkBitMap*) 0x00007f32a96f9f00
 Begin Bits: [0x00007f3290f0f000, 0x00007f329270f000)
 End Bits:   [0x00007f329270f000, 0x00007f3293f0f000)

Polling page: 0x00007f32aa152000

CodeCache: size=245760Kb used=5363Kb max_used=5363Kb free=240396Kb
 bounds [0x00007f3294bd4000, 0x00007f3295114000, 0x00007f32a3bd4000]
 total_blobs=2064 nmethods=1658 adapters=320
 compilation: enabled

Compilation events (10 events):
Event: 3,364 Thread 0x00007f32a40be800 1678       2       sun.misc.ProxyGenerator::access$700 (7 bytes)
Event: 3,364 Thread 0x00007f32a40be800 nmethod 1678 0x00007f3295111010 code [0x00007f3295111180, 0x00007f32951112e8]
Event: 3,370 Thread 0x00007f32a40be800 1680       2       java.io.UnixFileSystem::normalize (75 bytes)
Event: 3,370 Thread 0x00007f32a40be800 nmethod 1680 0x00007f3295111750 code [0x00007f32951118e0, 0x00007f3295111be8]
Event: 3,375 Thread 0x00007f32a40be800 1681       2       java.util.concurrent.locks.ReentrantLock::lockInterruptibly (9 bytes)
Event: 3,375 Thread 0x00007f32a40be800 nmethod 1681 0x00007f3295111e10 code [0x00007f3295111fa0, 0x00007f3295112238]
Event: 3,375 Thread 0x00007f32a40be800 1682       2       java.util.concurrent.locks.AbstractQueuedSynchronizer::acquireInterruptibly (28 bytes)
Event: 3,375 Thread 0x00007f32a40be800 nmethod 1682 0x00007f3295112410 code [0x00007f32951125a0, 0x00007f3295112818]
Event: 3,386 Thread 0x00007f32a40be800 1683       2       java.util.regex.Pattern$BitClass::isSatisfiedBy (22 bytes)
Event: 3,386 Thread 0x00007f32a40be800 nmethod 1683 0x00007f3295112990 code [0x00007f3295112b00, 0x00007f3295112c90]

GC Heap History (9 events):
Event: 0,833 GC heap before
{Heap before GC invocations=1 (full 0):
 PSYoungGen      total 36352K, used 31232K [0x00000000e0000000, 0x00000000e2880000, 0x0000000100000000)
  eden space 31232K, 100% used [0x00000000e0000000,0x00000000e1e80000,0x00000000e1e80000)
  from space 5120K, 0% used [0x00000000e2380000,0x00000000e2380000,0x00000000e2880000)
  to   space 5120K, 0% used [0x00000000e1e80000,0x00000000e1e80000,0x00000000e2380000)
 ParOldGen       total 83456K, used 0K [0x00000000a0000000, 0x00000000a5180000, 0x00000000e0000000)
  object space 83456K, 0% used [0x00000000a0000000,0x00000000a0000000,0x00000000a5180000)
 Metaspace       used 6831K, capacity 6968K, committed 7040K, reserved 1056768K
  class space    used 839K, capacity 877K, committed 896K, reserved 1048576K
Event: 0,840 GC heap after
Heap after GC invocations=1 (full 0):
 PSYoungGen      total 36352K, used 4123K [0x00000000e0000000, 0x00000000e2880000, 0x0000000100000000)
  eden space 31232K, 0% used [0x00000000e0000000,0x00000000e0000000,0x00000000e1e80000)
  from space 5120K, 80% used [0x00000000e1e80000,0x00000000e2286e78,0x00000000e2380000)
  to   space 5120K, 0% used [0x00000000e2380000,0x00000000e2380000,0x00000000e2880000)
 ParOldGen       total 83456K, used 8K [0x00000000a0000000, 0x00000000a5180000, 0x00000000e0000000)
  object space 83456K, 0% used [0x00000000a0000000,0x00000000a0002000,0x00000000a5180000)
 Metaspace       used 6831K, capacity 6968K, committed 7040K, reserved 1056768K
  class space    used 839K, capacity 877K, committed 896K, reserved 1048576K
}
Event: 1,198 GC heap before
{Heap before GC invocations=2 (full 0):
 PSYoungGen      total 36352K, used 35355K [0x00000000e0000000, 0x00000000e2880000, 0x0000000100000000)
  eden space 31232K, 100% used [0x00000000e0000000,0x00000000e1e80000,0x00000000e1e80000)
  from space 5120K, 80% used [0x00000000e1e80000,0x00000000e2286e78,0x00000000e2380000)
  to   space 5120K, 0% used [0x00000000e2380000,0x00000000e2380000,0x00000000e2880000)
 ParOldGen       total 83456K, used 8K [0x00000000a0000000, 0x00000000a5180000, 0x00000000e0000000)
  object space 83456K, 0% used [0x00000000a0000000,0x00000000a0002000,0x00000000a5180000)
 Metaspace       used 8755K, capacity 8980K, committed 9216K, reserved 1056768K
  class space    used 1141K, capacity 1224K, committed 1280K, reserved 1048576K
Event: 1,202 GC heap after
Heap after GC invocations=2 (full 0):
 PSYoungGen      total 36352K, used 4400K [0x00000000e0000000, 0x00000000e4700000, 0x0000000100000000)
  eden space 31232K, 0% used [0x00000000e0000000,0x00000000e0000000,0x00000000e1e80000)
  from space 5120K, 85% used [0x00000000e2380000,0x00000000e27cc1f8,0x00000000e2880000)
  to   space 5120K, 0% used [0x00000000e1e80000,0x00000000e1e80000,0x00000000e2380000)
 ParOldGen       total 83456K, used 16K [0x00000000a0000000, 0x00000000a5180000, 0x00000000e0000000)
  object space 83456K, 0% used [0x00000000a0000000,0x00000000a0004000,0x00000000a5180000)
 Metaspace       used 8755K, capacity 8980K, committed 9216K, reserved 1056768K
  class space    used 1141K, capacity 1224K, committed 1280K, reserved 1048576K
}
Event: 1,524 GC heap before
{Heap before GC invocations=3 (full 0):
 PSYoungGen      total 36352K, used 35632K [0x00000000e0000000, 0x00000000e4700000, 0x0000000100000000)
  eden space 31232K, 100% used [0x00000000e0000000,0x00000000e1e80000,0x00000000e1e80000)
  from space 5120K, 85% used [0x00000000e2380000,0x00000000e27cc1f8,0x00000000e2880000)
  to   space 5120K, 0% used [0x00000000e1e80000,0x00000000e1e80000,0x00000000e2380000)
 ParOldGen       total 83456K, used 16K [0x00000000a0000000, 0x00000000a5180000, 0x00000000e0000000)
  object space 83456K, 0% used [0x00000000a0000000,0x00000000a0004000,0x00000000a5180000)
 Metaspace       used 12705K, capacity 13048K, committed 13184K, reserved 1060864K
  class space    used 1763K, capacity 1902K, committed 1920K, reserved 1048576K
Event: 1,529 GC heap after
Heap after GC invocations=3 (full 0):
 PSYoungGen      total 36352K, used 5099K [0x00000000e0000000, 0x00000000e4700000, 0x0000000100000000)
  eden space 31232K, 0% used [0x00000000e0000000,0x00000000e0000000,0x00000000e1e80000)
  from space 5120K, 99% used [0x00000000e1e80000,0x00000000e237afa8,0x00000000e2380000)
  to   space 5120K, 0% used [0x00000000e4200000,0x00000000e4200000,0x00000000e4700000)
 ParOldGen       total 83456K, used 1624K [0x00000000a0000000, 0x00000000a5180000, 0x00000000e0000000)
  object space 83456K, 1% used [0x00000000a0000000,0x00000000a0196068,0x00000000a5180000)
 Metaspace       used 12705K, capacity 13048K, committed 13184K, reserved 1060864K
  class space    used 1763K, capacity 1902K, committed 1920K, reserved 1048576K
}
Event: 1,791 GC heap before
{Heap before GC invocations=4 (full 0):
 PSYoungGen      total 36352K, used 36331K [0x00000000e0000000, 0x00000000e4700000, 0x0000000100000000)
  eden space 31232K, 100% used [0x00000000e0000000,0x00000000e1e80000,0x00000000e1e80000)
  from space 5120K, 99% used [0x00000000e1e80000,0x00000000e237afa8,0x00000000e2380000)
  to   space 5120K, 0% used [0x00000000e4200000,0x00000000e4200000,0x00000000e4700000)
 ParOldGen       total 83456K, used 1624K [0x00000000a0000000, 0x00000000a5180000, 0x00000000e0000000)
  object space 83456K, 1% used [0x00000000a0000000,0x00000000a0196068,0x00000000a5180000)
 Metaspace       used 15413K, capacity 15752K, committed 16000K, reserved 1062912K
  class space    used 2207K, capacity 2360K, committed 2432K, reserved 1048576K
Event: 1,802 GC heap after
Heap after GC invocations=4 (full 0):
 PSYoungGen      total 67584K, used 5088K [0x00000000e0000000, 0x00000000e4700000, 0x0000000100000000)
  eden space 62464K, 0% used [0x00000000e0000000,0x00000000e0000000,0x00000000e3d00000)
  from space 5120K, 99% used [0x00000000e4200000,0x00000000e46f8030,0x00000000e4700000)
  to   space 5120K, 0% used [0x00000000e3d00000,0x00000000e3d00000,0x00000000e4200000)
 ParOldGen       total 83456K, used 4446K [0x00000000a0000000, 0x00000000a5180000, 0x00000000e0000000)
  object space 83456K, 5% used [0x00000000a0000000,0x00000000a0457850,0x00000000a5180000)
 Metaspace       used 15413K, capacity 15752K, committed 16000K, reserved 1062912K
  class space    used 2207K, capacity 2360K, committed 2432K, reserved 1048576K
}
Event: 3,426 GC heap before
{Heap before GC invocations=5 (full 0):
 PSYoungGen      total 67584K, used 52984K [0x00000000e0000000, 0x00000000e4700000, 0x0000000100000000)
  eden space 62464K, 76% used [0x00000000e0000000,0x00000000e2ec60c8,0x00000000e3d00000)
  from space 5120K, 99% used [0x00000000e4200000,0x00000000e46f8030,0x00000000e4700000)
  to   space 5120K, 0% used [0x00000000e3d00000,0x00000000e3d00000,0x00000000e4200000)
 ParOldGen       total 83456K, used 4446K [0x00000000a0000000, 0x00000000a5180000, 0x00000000e0000000)
  object space 83456K, 5% used [0x00000000a0000000,0x00000000a0457850,0x00000000a5180000)
 Metaspace       used 20708K, capacity 21182K, committed 21296K, reserved 1067008K
  class space    used 2911K, capacity 3090K, committed 3120K, reserved 1048576K

Deoptimization events (10 events):
Event: 2,361 Thread 0x00007f3244008000 Uncommon trap: reason=bimorphic action=maybe_recompile pc=0x00007f3294ff9c70 method=java.lang.ClassLoader.loadClass(Ljava/lang/String;Z)Ljava/lang/Class; @ 38
Event: 2,381 Thread 0x00007f3244008000 Uncommon trap: reason=bimorphic action=maybe_recompile pc=0x00007f3294ff9c70 method=java.lang.ClassLoader.loadClass(Ljava/lang/String;Z)Ljava/lang/Class; @ 38
Event: 2,385 Thread 0x00007f3244008000 Uncommon trap: reason=bimorphic action=maybe_recompile pc=0x00007f3294ff9c70 method=java.lang.ClassLoader.loadClass(Ljava/lang/String;Z)Ljava/lang/Class; @ 38
Event: 2,386 Thread 0x00007f3244008000 Uncommon trap: reason=bimorphic action=maybe_recompile pc=0x00007f3294ff9c70 method=java.lang.ClassLoader.loadClass(Ljava/lang/String;Z)Ljava/lang/Class; @ 38
Event: 2,825 Thread 0x00007f3244008000 Uncommon trap: reason=unstable_if action=reinterpret pc=0x00007f3294d6fdf4 method=java.lang.AbstractStringBuilder.append(Ljava/lang/String;)Ljava/lang/AbstractStringBuilder; @ 1
Event: 2,826 Thread 0x00007f3244008000 Uncommon trap: reason=unstable_if action=reinterpret pc=0x00007f3294d36df0 method=java.lang.AbstractStringBuilder.append(Ljava/lang/String;)Ljava/lang/AbstractStringBuilder; @ 1
Event: 2,878 Thread 0x00007f3244008000 Uncommon trap: reason=unstable_if action=reinterpret pc=0x00007f3294dfefdc method=java.io.UnixFileSystem.normalize(Ljava/lang/String;)Ljava/lang/String; @ 60
Event: 2,878 Thread 0x00007f3244008000 Uncommon trap: reason=class_check action=maybe_recompile pc=0x00007f3294db82e4 method=sun.misc.URLClassPath.getLoader(I)Lsun/misc/URLClassPath$Loader; @ 94
Event: 2,878 Thread 0x00007f3244008000 Uncommon trap: reason=class_check action=maybe_recompile pc=0x00007f3294eea768 method=sun.misc.URLClassPath.getResource(Ljava/lang/String;Z)Lsun/misc/Resource; @ 62
Event: 2,880 Thread 0x00007f3244008000 Uncommon trap: reason=unstable_if action=reinterpret pc=0x00007f32950c889c method=java.lang.ClassLoader.getClassLoadingLock(Ljava/lang/String;)Ljava/lang/Object; @ 6

Classes redefined (0 events):
No events

Internal exceptions (10 events):
Event: 2,546 Thread 0x00007f3244008000 Exception <a 'java/lang/NoSuchMethodError': <clinit>> (0x00000000e1cbc2f8) thrown at [/buildbot/src/googleplex-android/openjdk/out/hotspot/src/share/vm/prims/jni.cpp, line 1613]
Event: 2,547 Thread 0x00007f3244008000 Exception <a 'java/lang/NoSuchMethodError': <clinit>> (0x00000000e1cc5ad8) thrown at [/buildbot/src/googleplex-android/openjdk/out/hotspot/src/share/vm/prims/jni.cpp, line 1613]
Event: 2,547 Thread 0x00007f3244008000 Exception <a 'java/lang/NoSuchMethodError': <clinit>> (0x00000000e1ccefd0) thrown at [/buildbot/src/googleplex-android/openjdk/out/hotspot/src/share/vm/prims/jni.cpp, line 1613]
Event: 2,568 Thread 0x00007f3244008000 Exception <a 'java/lang/NoSuchMethodError': <clinit>> (0x00000000e1d9a250) thrown at [/buildbot/src/googleplex-android/openjdk/out/hotspot/src/share/vm/prims/jni.cpp, line 1613]
Event: 2,568 Thread 0x00007f3244008000 Exception <a 'java/lang/NoSuchMethodError': <clinit>> (0x00000000e1d9e198) thrown at [/buildbot/src/googleplex-android/openjdk/out/hotspot/src/share/vm/prims/jni.cpp, line 1613]
Event: 2,568 Thread 0x00007f3244008000 Exception <a 'java/lang/NoSuchMethodError': <clinit>> (0x00000000e1d9fca0) thrown at [/buildbot/src/googleplex-android/openjdk/out/hotspot/src/share/vm/prims/jni.cpp, line 1613]
Event: 2,568 Thread 0x00007f3244008000 Exception <a 'java/lang/NoSuchMethodError': <clinit>> (0x00000000e1da1470) thrown at [/buildbot/src/googleplex-android/openjdk/out/hotspot/src/share/vm/prims/jni.cpp, line 1613]
Event: 2,568 Thread 0x00007f3244008000 Exception <a 'java/lang/NoSuchMethodError': <clinit>> (0x00000000e1da2af0) thrown at [/buildbot/src/googleplex-android/openjdk/out/hotspot/src/share/vm/prims/jni.cpp, line 1613]
Event: 2,824 Thread 0x00007f3244008000 Implicit null exception at 0x00007f3294d6f9f3 to 0x00007f3294d6fde1
Event: 2,826 Thread 0x00007f3244008000 Implicit null exception at 0x00007f3294d369f6 to 0x00007f3294d36dd9

Events (10 events):
Event: 3,404 loading class org/codehaus/groovy/macro/matcher/ContextualClassCodeVisitor done
Event: 3,405 loading class org/codehaus/groovy/ast/ClassCodeVisitorSupport
Event: 3,405 loading class org/codehaus/groovy/ast/ClassCodeVisitorSupport done
Event: 3,407 loading class org/codehaus/groovy/transform/ErrorCollecting
Event: 3,407 loading class org/codehaus/groovy/transform/ErrorCollecting done
Event: 3,410 loading class org/codehaus/groovy/ast/GroovyClassVisitor
Event: 3,410 loading class org/codehaus/groovy/ast/GroovyClassVisitor done
Event: 3,414 loading class org/codehaus/groovy/ast/CodeVisitorSupport
Event: 3,414 loading class org/codehaus/groovy/ast/CodeVisitorSupport done
Event: 3,421 Executing VM operation: CollectForMetadataAllocation


Dynamic libraries:
00400000-00401000 r-xp 00000000 08:04 4327150                            /home/myworldsoftware-u/İndirilenler/android-studio/jre/bin/java
00401000-00402000 rw-p 00000000 08:04 4327150                            /home/myworldsoftware-u/İndirilenler/android-studio/jre/bin/java
01a2c000-01a4d000 rw-p 00000000 00:00 0                                  [heap]
a0000000-a5180000 rw-p 00000000 00:00 0 
a5180000-e0000000 ---p 00000000 00:00 0 
e0000000-e4700000 rw-p 00000000 00:00 0 
e9200000-100000000 ---p 00000000 00:00 0 
100000000-10030c000 rw-p 00000000 00:00 0 
10030c000-140000000 ---p 00000000 00:00 0 
7f321c000000-7f321c021000 rw-p 00000000 00:00 0 
7f321c021000-7f3220000000 ---p 00000000 00:00 0 
7f3223e00000-7f3223fc0000 rw-p 00000000 00:00 0 
7f3223fc0000-7f3224000000 ---p 00000000 00:00 0 
7f3224000000-7f3224021000 rw-p 00000000 00:00 0 
7f3224021000-7f3228000000 ---p 00000000 00:00 0 
7f3228000000-7f3228021000 rw-p 00000000 00:00 0 
7f3228021000-7f322c000000 ---p 00000000 00:00 0 
7f322c000000-7f322c021000 rw-p 00000000 00:00 0 
7f322c021000-7f3230000000 ---p 00000000 00:00 0 
7f3230000000-7f3230041000 rw-p 00000000 00:00 0 
7f3230041000-7f3234000000 ---p 00000000 00:00 0 
7f3234000000-7f3234021000 rw-p 00000000 00:00 0 
7f3234021000-7f3238000000 ---p 00000000 00:00 0 
7f3238000000-7f3238021000 rw-p 00000000 00:00 0 
7f3238021000-7f323c000000 ---p 00000000 00:00 0 
7f323c000000-7f323c021000 rw-p 00000000 00:00 0 
7f323c021000-7f3240000000 ---p 00000000 00:00 0 
7f3240000000-7f3240f2e000 rw-p 00000000 00:00 0 
7f3240f2e000-7f3244000000 ---p 00000000 00:00 0 
7f3244000000-7f3244021000 rw-p 00000000 00:00 0 
7f3244021000-7f3248000000 ---p 00000000 00:00 0 
7f3248000000-7f3248023000 rw-p 00000000 00:00 0 
7f3248023000-7f324c000000 ---p 00000000 00:00 0 
7f324c000000-7f324c069000 rw-p 00000000 00:00 0 
7f324c069000-7f3250000000 ---p 00000000 00:00 0 
7f3250000000-7f3250021000 rw-p 00000000 00:00 0 
7f3250021000-7f3254000000 ---p 00000000 00:00 0 
7f3254000000-7f3254021000 rw-p 00000000 00:00 0 
7f3254021000-7f3258000000 ---p 00000000 00:00 0 
7f3258000000-7f3258021000 rw-p 00000000 00:00 0 
7f3258021000-7f325c000000 ---p 00000000 00:00 0 
7f325c000000-7f325dca0000 rw-p 00000000 00:00 0 
7f325dca0000-7f3260000000 ---p 00000000 00:00 0 
7f3260000000-7f3260672000 rw-p 00000000 00:00 0 
7f3260672000-7f3264000000 ---p 00000000 00:00 0 
7f3264000000-7f3264021000 rw-p 00000000 00:00 0 
7f3264021000-7f3268000000 ---p 00000000 00:00 0 
7f3268000000-7f326a314000 rw-p 00000000 00:00 0 
7f326a314000-7f326c000000 ---p 00000000 00:00 0 
7f326c000000-7f326c021000 rw-p 00000000 00:00 0 
7f326c021000-7f3270000000 ---p 00000000 00:00 0 
7f3270000000-7f3270021000 rw-p 00000000 00:00 0 
7f3270021000-7f3274000000 ---p 00000000 00:00 0 
7f3274000000-7f3274021000 rw-p 00000000 00:00 0 
7f3274021000-7f3278000000 ---p 00000000 00:00 0 
7f3278000000-7f32782c9000 rw-p 00000000 00:00 0 
7f32782c9000-7f327c000000 ---p 00000000 00:00 0 
7f327c000000-7f327c021000 rw-p 00000000 00:00 0 
7f327c021000-7f3280000000 ---p 00000000 00:00 0 
7f328016e000-7f32803db000 r--s 02162000 08:04 427772                     /home/myworldsoftware-u/.gradle/caches/jars-3/c7f064d2ed28cca7a865ef395b201eae/kotlin-plugin.jar
7f32803db000-7f328064d000 r--s 01914000 08:04 4339610                    /home/myworldsoftware-u/.gradle/caches/jars-3/82369510698072463efbe6adcbe28b53/gradle-api-impldep-4.10.jar
7f328064d000-7f32806c7000 r--s 010fd000 08:04 4327110                    /home/myworldsoftware-u/İndirilenler/android-studio/jre/lib/tools.jar
7f328074a000-7f3280768000 r--p 00000000 08:04 2362274                    /usr/share/locale-langpack/tr/LC_MESSAGES/libc.mo
7f3280768000-7f328077b000 r--s 00345000 08:04 4326635                    /home/myworldsoftware-u/İndirilenler/android-studio/jre/jre/lib/resources.jar
7f328077b000-7f328078e000 r--s 00126000 08:04 427773                     /home/myworldsoftware-u/.gradle/caches/jars-3/6bce8106c2675d05346fd5e71cb57ded/kotlin-stdlib.jar
7f328078e000-7f32807a1000 r--s 0010e000 08:04 4327020                    /home/myworldsoftware-u/.gradle/caches/jars-3/3c72ff2dda231e73908c51c110a29aa6/kotlin-stdlib.jar
7f32807a1000-7f32808fc000 r--s 00bad000 08:04 4339607                    /home/myworldsoftware-u/.gradle/caches/jars-3/9f8c68e9e5f76d63aea917149b6bc9a0/gradle-api-4.10.jar
7f32808fc000-7f3280afc000 rw-p 00000000 00:00 0 
7f3280afc000-7f3280aff000 ---p 00000000 00:00 0 
7f3280aff000-7f3280dfd000 rw-p 00000000 00:00 0 
7f3280dfd000-7f3280e00000 ---p 00000000 00:00 0 
7f3280e00000-7f3280efe000 rw-p 00000000 00:00 0 
7f3280efe000-7f3280f01000 ---p 00000000 00:00 0 
7f3280f01000-7f3284000000 rw-p 00000000 00:00 0 
7f3284000000-7f3284021000 rw-p 00000000 00:00 0 
7f3284021000-7f3288000000 ---p 00000000 00:00 0 
7f328800a000-7f328800b000 r--s 00003000 08:04 427775                     /home/myworldsoftware-u/.gradle/caches/jars-3/b8c3efb9ac4d13b93b2cacd7c9aba94f/sam-with-receiver-ide-plugin.jar
7f328800b000-7f328800d000 r--s 00003000 08:04 427774                     /home/myworldsoftware-u/.gradle/caches/jars-3/564a99298613659448d30ac9808c5eeb/noarg-ide-plugin.jar
7f328800d000-7f328800e000 r--s 00003000 08:04 427771                     /home/myworldsoftware-u/.gradle/caches/jars-3/c87f085b872dbbcd7c38b116c11b4a19/allopen-ide-plugin.jar
7f328800e000-7f3288010000 r--s 00004000 08:04 427770                     /home/myworldsoftware-u/.gradle/caches/jars-3/f6a0c4b24f7058070e21065a01887b97/kapt3-idea.jar
7f3288010000-7f3288011000 r--s 00000000 08:04 4339622                    /home/myworldsoftware-u/.gradle/caches/jars-3/497c99dc43ce8fece95d0e589f2459bd/gradle-appengine-builder-model-0.1.0.jar
7f3288011000-7f3288016000 r--s 0004a000 08:04 427769                     /home/myworldsoftware-u/.gradle/caches/jars-3/143f85aa9117d9f13852e6fdf7bd8ed9/android-extensions-ide.jar
7f3288016000-7f328803e000 r--s 006f7000 08:04 4370109                    /home/myworldsoftware-u/.gradle/caches/jars-3/7501d0bdf28005a8490d1d58f5a386dc/sdk-tools.jar
7f328803e000-7f3288040000 r--s 00015000 08:04 427768                     /home/myworldsoftware-u/.gradle/caches/jars-3/1815017a72b55c4bc05484c7b94ac956/kotlin-gradle-tooling.jar
7f3288040000-7f3288041000 r--s 00003000 08:04 427767                     /home/myworldsoftware-u/.gradle/caches/jars-3/2173be8f4aecd2d53eb958ff4f752e47/external-system-rt.jar
7f3288041000-7f3288043000 r--s 0000d000 08:04 4370110                    /home/myworldsoftware-u/.gradle/caches/jars-3/053b62fb9441075a514ed43fe20841ad/gradle-tooling-extension-api.jar
7f3288043000-7f3288046000 ---p 00000000 00:00 0 
7f3288046000-7f3288344000 rw-p 00000000 00:00 0 
7f3288344000-7f3288347000 ---p 00000000 00:00 0 
7f3288347000-7f3288445000 rw-p 00000000 00:00 0 
7f3288445000-7f3288448000 ---p 00000000 00:00 0 
7f3288448000-7f3288546000 rw-p 00000000 00:00 0 
7f3288546000-7f3288549000 ---p 00000000 00:00 0 
7f3288549000-7f3288647000 rw-p 00000000 00:00 0 
7f3288647000-7f328864a000 ---p 00000000 00:00 0 
7f328864a000-7f3288748000 rw-p 00000000 00:00 0 
7f3288748000-7f328874b000 ---p 00000000 00:00 0 
7f328874b000-7f3288849000 rw-p 00000000 00:00 0 
7f3288849000-7f328884c000 ---p 00000000 00:00 0 
7f328884c000-7f328894a000 rw-p 00000000 00:00 0 
7f328894a000-7f328894d000 ---p 00000000 00:00 0 
7f328894d000-7f3288a4b000 rw-p 00000000 00:00 0 
7f3288a4b000-7f3288a4e000 ---p 00000000 00:00 0 
7f3288a4e000-7f3288b4c000 rw-p 00000000 00:00 0 
7f3288b4c000-7f3288b53000 r--s 00000000 08:04 1836838                    /usr/lib/x86_64-linux-gnu/gconv/gconv-modules.cache
7f3288b53000-7f3288b56000 ---p 00000000 00:00 0 
7f3288b56000-7f3288c54000 rw-p 00000000 00:00 0 
7f3288c54000-7f3288c59000 r--s 0009a000 08:04 4327065                    /home/myworldsoftware-u/İndirilenler/android-studio/jre/jre/lib/jsse.jar
7f3288c59000-7f3288e59000 rw-p 00000000 00:00 0 
7f3288e59000-7f3288e61000 r-xp 00000000 08:04 4326707                    /home/myworldsoftware-u/İndirilenler/android-studio/jre/jre/lib/amd64/libmanagement.so
7f3288e61000-7f3288e62000 rw-p 00007000 08:04 4326707                    /home/myworldsoftware-u/İndirilenler/android-studio/jre/jre/lib/amd64/libmanagement.so
7f3288e62000-7f3288e65000 r--s 0000e000 08:04 1054344                    /home/myworldsoftware-u/.gradle/wrapper/dists/gradle-5.1.1-all/97z1ksx6lirer3kbvdnh7jtjg/gradle-5.1.1/lib/plugins/gradle-tooling-api-builders-5.1.1.jar
7f3288e65000-7f3288e66000 r--s 00005000 08:04 1054365                    /home/myworldsoftware-u/.gradle/wrapper/dists/gradle-5.1.1-all/97z1ksx6lirer3kbvdnh7jtjg/gradle-5.1.1/lib/plugins/gradle-build-profile-5.1.1.jar
7f3288e66000-7f3288e68000 r--s 00003000 08:04 1054324                    /home/myworldsoftware-u/.gradle/wrapper/dists/gradle-5.1.1-all/97z1ksx6lirer3kbvdnh7jtjg/gradle-5.1.1/lib/plugins/gradle-tooling-native-5.1.1.jar
7f3288e68000-7f3288e6d000 r--s 0001d000 08:04 1054326                    /home/myworldsoftware-u/.gradle/wrapper/dists/gradle-5.1.1-all/97z1ksx6lirer3kbvdnh7jtjg/gradle-5.1.1/lib/plugins/gradle-testing-native-5.1.1.jar
7f3288e6d000-7f3288e6f000 r--s 0000f000 08:04 1054421                    /home/myworldsoftware-u/.gradle/wrapper/dists/gradle-5.1.1-all/97z1ksx6lirer3kbvdnh7jtjg/gradle-5.1.1/lib/plugins/jcommander-1.72.jar
7f3288e6f000-7f3288e78000 r--s 00089000 08:04 1054397                    /home/myworldsoftware-u/.gradle/wrapper/dists/gradle-5.1.1-all/97z1ksx6lirer3kbvdnh7jtjg/gradle-5.1.1/lib/plugins/testng-6.3.1.jar
7f3288e78000-7f3288e7d000 r--s 0005a000 08:04 1054401                    /home/myworldsoftware-u/.gradle/wrapper/dists/gradle-5.1.1-all/97z1ksx6lirer3kbvdnh7jtjg/gradle-5.1.1/lib/plugins/bsh-2.0b6.jar
7f3288e7d000-7f3288e81000 r--s 0001c000 08:04 1054345                    /home/myworldsoftware-u/.gradle/wrapper/dists/gradle-5.1.1-all/97z1ksx6lirer3kbvdnh7jtjg/gradle-5.1.1/lib/plugins/gradle-testing-jvm-5.1.1.jar
7f3288e81000-7f3288e84000 r--s 00011000 08:04 1054439                    /home/myworldsoftware-u/.gradle/wrapper/dists/gradle-5.1.1-all/97z1ksx6lirer3kbvdnh7jtjg/gradle-5.1.1/lib/plugins/junit-platform-commons-1.3.1.jar
7f3288e84000-7f3288e85000 r--s 00001000 08:04 1054441                    /home/myworldsoftware-u/.gradle/wrapper/dists/gradle-5.1.1-all/97z1ksx6lirer3kbvdnh7jtjg/gradle-5.1.1/lib/plugins/opentest4j-1.1.1.jar
7f3288e85000-7f3288e89000 r--s 0001d000 08:04 1054438                    /home/myworldsoftware-u/.gradle/wrapper/dists/gradle-5.1.1-all/97z1ksx6lirer3kbvdnh7jtjg/gradle-5.1.1/lib/plugins/junit-platform-engine-1.3.1.jar
7f3288e89000-7f3288e8a000 r--s 00000000 08:04 1054440                    /home/myworldsoftware-u/.gradle/wrapper/dists/gradle-5.1.1-all/97z1ksx6lirer3kbvdnh7jtjg/gradle-5.1.1/lib/plugins/apiguardian-api-1.0.0.jar
7f3288e8a000-7f3288e8d000 r--s 00015000 08:04 1054402                    /home/myworldsoftware-u/.gradle/wrapper/dists/gradle-5.1.1-all/97z1ksx6lirer3kbvdnh7jtjg/gradle-5.1.1/lib/plugins/junit-platform-launcher-1.3.1.jar
7f3288e8d000-7f3288e8f000 r--s 00009000 08:04 1054419                    /home/myworldsoftware-u/.gradle/wrapper/dists/gradle-5.1.1-all/97z1ksx6lirer3kbvdnh7jtjg/gradle-5.1.1/lib/plugins/hamcrest-core-1.3.jar
7f3288e8f000-7f3288e97000 r--s 00045000 08:04 1054400                    /home/myworldsoftware-u/.gradle/wrapper/dists/gradle-5.1.1-all/97z1ksx6lirer3kbvdnh7jtjg/gradle-5.1.1/lib/plugins/junit-4.12.jar
7f3288e97000-7f3288e98000 r--s 00003000 08:04 1054343                    /home/myworldsoftware-u/.gradle/wrapper/dists/gradle-5.1.1-all/97z1ksx6lirer3kbvdnh7jtjg/gradle-5.1.1/lib/plugins/gradle-testing-junit-platform-5.1.1.jar
7f3288e98000-7f3288ea0000 r--s 00034000 08:04 1054353                    /home/myworldsoftware-u/.gradle/wrapper/dists/gradle-5.1.1-all/97z1ksx6lirer3kbvdnh7jtjg/gradle-5.1.1/lib/plugins/gradle-testing-base-5.1.1.jar
7f3288ea0000-7f3288ea8000 r--s 00047000 08:04 1054391                    /home/myworldsoftware-u/.gradle/wrapper/dists/gradle-5.1.1-all/97z1ksx6lirer3kbvdnh7jtjg/gradle-5.1.1/lib/plugins/bcpg-jdk15on-1.60.jar
7f3288ea8000-7f3288eaa000 r--s 0000e000 08:04 1054323                    /home/myworldsoftware-u/.gradle/wrapper/dists/gradle-5.1.1-all/97z1ksx6lirer3kbvdnh7jtjg/gradle-5.1.1/lib/plugins/gradle-signing-5.1.1.jar
7f3288eaa000-7f3288eac000 r--s 00009000 08:04 1054332                    /home/myworldsoftware-u/.gradle/wrapper/dists/gradle-5.1.1-all/97z1ksx6lirer3kbvdnh7jtjg/gradle-5.1.1/lib/plugins/gradle-scala-5.1.1.jar
7f3288eac000-7f3288ead000 r--s 00004000 08:04 1054364                    /home/myworldsoftware-u/.gradle/wrapper/dists/gradle-5.1.1-all/97z1ksx6lirer3kbvdnh7jtjg/gradle-5.1.1/lib/plugins/gradle-resources-sftp-5.1.1.jar
7f3288ead000-7f3288eb6000 r--s 0005b000 08:04 1054368                    /home/myworldsoftware-u/.gradle/wrapper/dists/gradle-5.1.1-all/97z1ksx6lirer3kbvdnh7jtjg/gradle-5.1.1/lib/plugins/aws-java-sdk-kms-1.11.407.jar
7f3288eb6000-7f3288eb8000 r--s 00005000 08:04 1054408                    /home/myworldsoftware-u/.gradle/wrapper/dists/gradle-5.1.1-all/97z1ksx6lirer3kbvdnh7jtjg/gradle-5.1.1/lib/plugins/jmespath-java-1.11.407.jar
7f3288eb8000-7f3288ecb000 r--s 000ca000 08:04 1054367                    /home/myworldsoftware-u/.gradle/wrapper/dists/gradle-5.1.1-all/97z1ksx6lirer3kbvdnh7jtjg/gradle-5.1.1/lib/plugins/aws-java-sdk-s3-1.11.407.jar
7f3288ecb000-7f3288ed5000 r--s 00081000 08:04 1054437                    /home/myworldsoftware-u/.gradle/wrapper/dists/gradle-5.1.1-all/97z1ksx6lirer3kbvdnh7jtjg/gradle-5.1.1/lib/plugins/ion-java-1.0.2.jar
7f3288ed5000-7f3288eeb000 r--s 000ca000 08:04 1054369                    /home/myworldsoftware-u/.gradle/wrapper/dists/gradle-5.1.1-all/97z1ksx6lirer3kbvdnh7jtjg/gradle-5.1.1/lib/plugins/aws-java-sdk-core-1.11.407.jar
7f3288eeb000-7f3288eed000 r--s 00004000 08:04 1054360                    /home/myworldsoftware-u/.gradle/wrapper/dists/gradle-5.1.1-all/97z1ksx6lirer3kbvdnh7jtjg/gradle-5.1.1/lib/plugins/gradle-resources-s3-5.1.1.jar
7f3288eed000-7f3288efe000 r--s 0008c000 08:04 1054412                    /home/myworldsoftware-u/.gradle/wrapper/dists/gradle-5.1.1-all/97z1ksx6lirer3kbvdnh7jtjg/gradle-5.1.1/lib/plugins/joda-time-2.10.jar
7f3288efe000-7f3288f11000 r--s 00137000 08:04 1054409                    /home/myworldsoftware-u/.gradle/wrapper/dists/gradle-5.1.1-all/97z1ksx6lirer3kbvdnh7jtjg/gradle-5.1.1/lib/plugins/jackson-databind-2.9.6.jar
7f3288f11000-7f3288f14000 r--s 0000e000 08:04 1054411                    /home/myworldsoftware-u/.gradle/wrapper/dists/gradle-5.1.1-all/97z1ksx6lirer3kbvdnh7jtjg/gradle-5.1.1/lib/plugins/jackson-annotations-2.9.6.jar
7f3288f14000-7f3288f19000 r--s 0004b000 08:04 1054410                    /home/myworldsoftware-u/.gradle/wrapper/dists/gradle-5.1.1-all/97z1ksx6lirer3kbvdnh7jtjg/gradle-5.1.1/lib/plugins/jackson-core-2.9.6.jar
7f3288f19000-7f3288f1a000 r--s 00001000 08:04 1054376                    /home/myworldsoftware-u/.gradle/wrapper/dists/gradle-5.1.1-all/97z1ksx6lirer3kbvdnh7jtjg/gradle-5.1.1/lib/plugins/google-http-client-jackson2-1.25.0.jar
7f3288f1a000-7f3288f24000 r--s 00056000 08:04 1054377                    /home/myworldsoftware-u/.gradle/wrapper/dists/gradle-5.1.1-all/97z1ksx6lirer3kbvdnh7jtjg/gradle-5.1.1/lib/plugins/google-http-client-1.25.0.jar
7f3288f24000-7f3288f27000 r--s 0000d000 08:04 1054375                    /home/myworldsoftware-u/.gradle/wrapper/dists/gradle-5.1.1-all/97z1ksx6lirer3kbvdnh7jtjg/gradle-5.1.1/lib/plugins/google-oauth-client-1.25.0.jar
7f3288f27000-7f3288f2c000 r--s 0002d000 08:04 1054374                    /home/myworldsoftware-u/.gradle/wrapper/dists/gradle-5.1.1-all/97z1ksx6lirer3kbvdnh7jtjg/gradle-5.1.1/lib/plugins/google-api-client-1.25.0.jar
7f3288f2c000-7f3288f30000 r--s 0001d000 08:04 1054373                    /home/myworldsoftware-u/.gradle/wrapper/dists/gradle-5.1.1-all/97z1ksx6lirer3kbvdnh7jtjg/gradle-5.1.1/lib/plugins/google-api-services-storage-v1-rev136-1.25.0.jar
7f3288f30000-7f3288f32000 r--s 00003000 08:04 1054361                    /home/myworldsoftware-u/.gradle/wrapper/dists/gradle-5.1.1-all/97z1ksx6lirer3kbvdnh7jtjg/gradle-5.1.1/lib/plugins/gradle-resources-gcs-5.1.1.jar
7f3288f32000-7f3288f34000 r--s 00010000 08:04 1054359                    /home/myworldsoftware-u/.gradle/wrapper/dists/gradle-5.1.1-all/97z1ksx6lirer3kbvdnh7jtjg/gradle-5.1.1/lib/plugins/gradle-reporting-5.1.1.jar
7f3288f34000-7f3288f36000 r--s 00007000 08:04 1054352                    /home/myworldsoftware-u/.gradle/wrapper/dists/gradle-5.1.1-all/97z1ksx6lirer3kbvdnh7jtjg/gradle-5.1.1/lib/plugins/gradle-publish-5.1.1.jar
7f3288f36000-7f3288f38000 r--s 0000c000 08:04 1054381                    /home/myworldsoftware-u/.gradle/wrapper/dists/gradle-5.1.1-all/97z1ksx6lirer3kbvdnh7jtjg/gradle-5.1.1/lib/plugins/commons-cli-1.4.jar
7f3288f38000-7f3288f3f000 r--s 0003e000 08:04 1054340                    /home/myworldsoftware-u/.gradle/wrapper/dists/gradle-5.1.1-all/97z1ksx6lirer3kbvdnh7jtjg/gradle-5.1.1/lib/plugins/gradle-plugins-5.1.1.jar
7f3288f3f000-7f3288f41000 r--s 0000c000 08:04 1054328                    /home/myworldsoftware-u/.gradle/wrapper/dists/gradle-5.1.1-all/97z1ksx6lirer3kbvdnh7jtjg/gradle-5.1.1/lib/plugins/gradle-plugin-development-5.1.1.jar
7f3288f41000-7f3288f47000 r--s 00030000 08:04 1054335                    /home/myworldsoftware-u/.gradle/wrapper/dists/gradle-5.1.1-all/97z1ksx6lirer3kbvdnh7jtjg/gradle-5.1.1/lib/plugins/gradle-platform-play-5.1.1.jar
7f3288f47000-7f3288f4d000 r--s 0003d000 08:04 1054398                    /home/myworldsoftware-u/.gradle/wrapper/dists/gradle-5.1.1-all/97z1ksx6lirer3kbvdnh7jtjg/gradle-5.1.1/lib/plugins/snakeyaml-1.17.jar
7f3288f4d000-7f3288f5e000 r--s 00076000 08:04 1054350                    /home/myworldsoftware-u/.gradle/wrapper/dists/gradle-5.1.1-all/97z1ksx6lirer3kbvdnh7jtjg/gradle-5.1.1/lib/plugins/gradle-platform-native-5.1.1.jar
7f3288f5e000-7f3288f62000 r--s 0001b000 08:04 1054349                    /home/myworldsoftware-u/.gradle/wrapper/dists/gradle-5.1.1-all/97z1ksx6lirer3kbvdnh7jtjg/gradle-5.1.1/lib/plugins/gradle-platform-jvm-5.1.1.jar
7f3288f62000-7f3288f69000 r--s 00029000 08:04 1054354                    /home/myworldsoftware-u/.gradle/wrapper/dists/gradle-5.1.1-all/97z1ksx6lirer3kbvdnh7jtjg/gradle-5.1.1/lib/plugins/gradle-platform-base-5.1.1.jar
7f3288f69000-7f3288f96000 r--s 0025e000 08:04 1054382                    /home/myworldsoftware-u/.gradle/wrapper/dists/gradle-5.1.1-all/97z1ksx6lirer3kbvdnh7jtjg/gradle-5.1.1/lib/plugins/biz.aQute.bndlib-4.0.0.jar
7f3288f96000-7f3288f97000 r--s 00004000 08:04 1054322                    /home/myworldsoftware-u/.gradle/wrapper/dists/gradle-5.1.1-all/97z1ksx6lirer3kbvdnh7jtjg/gradle-5.1.1/lib/plugins/gradle-osgi-5.1.1.jar
7f3288f97000-7f3288f9a000 r--s 0000c000 08:04 1054387                    /home/myworldsoftware-u/.gradle/wrapper/dists/gradle-5.1.1-all/97z1ksx6lirer3kbvdnh7jtjg/gradle-5.1.1/lib/plugins/pmaven-groovy-0.8-20100325.jar
7f3288f9a000-7f3288f9b000 r--s 00004000 08:04 1054386                    /home/myworldsoftware-u/.gradle/wrapper/dists/gradle-5.1.1-all/97z1ksx6lirer3kbvdnh7jtjg/gradle-5.1.1/lib/plugins/pmaven-common-0.8-20100325.jar
7f3288f9b000-7f3288f9c000 r--s 00008000 08:04 1054372                    /home/myworldsoftware-u/.gradle/wrapper/dists/gradle-5.1.1-all/97z1ksx6lirer3kbvdnh7jtjg/gradle-5.1.1/lib/plugins/wagon-http-shared-3.0.0.jar
7f3288f9c000-7f3288f9d000 r--s 00002000 08:04 1054371                    /home/myworldsoftware-u/.gradle/wrapper/dists/gradle-5.1.1-all/97z1ksx6lirer3kbvdnh7jtjg/gradle-5.1.1/lib/plugins/wagon-http-3.0.0.jar
7f3288f9d000-7f3288f9e000 r--s 00002000 08:04 1054388                    /home/myworldsoftware-u/.gradle/wrapper/dists/gradle-5.1.1-all/97z1ksx6lirer3kbvdnh7jtjg/gradle-5.1.1/lib/plugins/wagon-file-3.0.0.jar
7f3288f9e000-7f3288fa0000 r--s 00006000 08:04 1054390                    /home/myworldsoftware-u/.gradle/wrapper/dists/gradle-5.1.1-all/97z1ksx6lirer3kbvdnh7jtjg/gradle-5.1.1/lib/plugins/aether-connector-wagon-1.13.1.jar
7f3288fa0000-7f3288fa6000 r--s 0002e000 08:04 1054329                    /home/myworldsoftware-u/.gradle/wrapper/dists/gradle-5.1.1-all/97z1ksx6lirer3kbvdnh7jtjg/gradle-5.1.1/lib/plugins/gradle-maven-5.1.1.jar
7f3288fa6000-7f3288fa9000 r--s 0000b000 08:04 1054342                    /home/myworldsoftware-u/.gradle/wrapper/dists/gradle-5.1.1-all/97z1ksx6lirer3kbvdnh7jtjg/gradle-5.1.1/lib/plugins/gradle-language-scala-5.1.1.jar
7f3288fa9000-7f3288fb5000 r--s 00059000 08:04 1054327                    /home/myworldsoftware-u/.gradle/wrapper/dists/gradle-5.1.1-all/97z1ksx6lirer3kbvdnh7jtjg/gradle-5.1.1/lib/plugins/gradle-language-native-5.1.1.jar
7f3288fb5000-7f3288fb8000 r--s 00004000 08:04 1054348                    /home/myworldsoftware-u/.gradle/wrapper/dists/gradle-5.1.1-all/97z1ksx6lirer3kbvdnh7jtjg/gradle-5.1.1/lib/plugins/gradle-language-jvm-5.1.1.jar
7f3288fb8000-7f3288fc1000 r--s 00040000 08:04 1054346                    /home/myworldsoftware-u/.gradle/wrapper/dists/gradle-5.1.1-all/97z1ksx6lirer3kbvdnh7jtjg/gradle-5.1.1/lib/plugins/gradle-language-java-5.1.1.jar
7f3288fc1000-7f3288fc3000 r--s 0000b000 08:04 1054341                    /home/myworldsoftware-u/.gradle/wrapper/dists/gradle-5.1.1-all/97z1ksx6lirer3kbvdnh7jtjg/gradle-5.1.1/lib/plugins/gradle-language-groovy-5.1.1.jar
7f3288fc3000-7f3288fca000 r--s 00035000 08:04 1054394                    /home/myworldsoftware-u/.gradle/wrapper/dists/gradle-5.1.1-all/97z1ksx6lirer3kbvdnh7jtjg/gradle-5.1.1/lib/plugins/simple-4.1.21.jar
7f3288fca000-7f3288fd7000 r--s 00125000 08:04 1054392                    /home/myworldsoftware-u/.gradle/wrapper/dists/gradle-5.1.1-all/97z1ksx6lirer3kbvdnh7jtjg/gradle-5.1.1/lib/plugins/rhino-1.7.10.jar
7f3288fd7000-7f3288fdb000 r--s 00012000 08:04 1054336                    /home/myworldsoftware-u/.gradle/wrapper/dists/gradle-5.1.1-all/97z1ksx6lirer3kbvdnh7jtjg/gradle-5.1.1/lib/plugins/gradle-javascript-5.1.1.jar
7f3288fdb000-7f3288fde000 r--s 00011000 08:04 1054338                    /home/myworldsoftware-u/.gradle/wrapper/dists/gradle-5.1.1-all/97z1ksx6lirer3kbvdnh7jtjg/gradle-5.1.1/lib/plugins/gradle-jacoco-5.1.1.jar
7f3288fde000-7f3288fe1000 r--s 00013000 08:04 1054337                    /home/myworldsoftware-u/.gradle/wrapper/dists/gradle-5.1.1-all/97z1ksx6lirer3kbvdnh7jtjg/gradle-5.1.1/lib/plugins/gradle-ivy-5.1.1.jar
7f3288fe1000-7f3288fe2000 r--s 00002000 08:04 1054330                    /home/myworldsoftware-u/.gradle/wrapper/dists/gradle-5.1.1-all/97z1ksx6lirer3kbvdnh7jtjg/gradle-5.1.1/lib/plugins/gradle-ide-play-5.1.1.jar
7f3288fe2000-7f3288fe4000 r--s 00011000 08:04 1054399                    /home/myworldsoftware-u/.gradle/wrapper/dists/gradle-5.1.1-all/97z1ksx6lirer3kbvdnh7jtjg/gradle-5.1.1/lib/plugins/dd-plist-1.21.jar
7f3288fe4000-7f3288feb000 r--s 00033000 08:04 1054325                    /home/myworldsoftware-u/.gradle/wrapper/dists/gradle-5.1.1-all/97z1ksx6lirer3kbvdnh7jtjg/gradle-5.1.1/lib/plugins/gradle-ide-native-5.1.1.jar
7f3288feb000-7f3288ff5000 r--s 0005e000 08:04 1054331                    /home/myworldsoftware-u/.gradle/wrapper/dists/gradle-5.1.1-all/97z1ksx6lirer3kbvdnh7jtjg/gradle-5.1.1/lib/plugins/gradle-ide-5.1.1.jar
7f3288ff5000-7f3288ff7000 r--s 00008000 08:04 1054334                    /home/myworldsoftware-u/.gradle/wrapper/dists/gradle-5.1.1-all/97z1ksx6lirer3kbvdnh7jtjg/gradle-5.1.1/lib/plugins/gradle-ear-5.1.1.jar
7f3288ff7000-7f3288ff9000 r--s 00006000 08:04 1054395                    /home/myworldsoftware-u/.gradle/wrapper/dists/gradle-5.1.1-all/97z1ksx6lirer3kbvdnh7jtjg/gradle-5.1.1/lib/plugins/jatl-0.2.3.jar
7f3288ff9000-7f3289000000 r--s 0003d000 08:04 1054351                    /home/myworldsoftware-u/.gradle/wrapper/dists/gradle-5.1.1-all/97z1ksx6lirer3kbvdnh7jtjg/gradle-5.1.1/lib/plugins/gradle-diagnostics-5.1.1.jar
7f3289000000-7f3289005000 r--s 00028000 08:04 1054321                    /home/myworldsoftware-u/.gradle/wrapper/dists/gradle-5.1.1-all/97z1ksx6lirer3kbvdnh7jtjg/gradle-5.1.1/lib/plugins/gradle-code-quality-5.1.1.jar
7f3289005000-7f3289007000 r--s 0000b000 08:04 1054396                    /home/myworldsoftware-u/.gradle/wrapper/dists/gradle-5.1.1-all/97z1ksx6lirer3kbvdnh7jtjg/gradle-5.1.1/lib/plugins/maven-plugin-api-3.0.4.jar
7f3289007000-7f3289009000 r--s 0000c000 08:04 1054434                    /home/myworldsoftware-u/.gradle/wrapper/dists/gradle-5.1.1-all/97z1ksx6lirer3kbvdnh7jtjg/gradle-5.1.1/lib/plugins/wagon-provider-api-3.0.0.jar
7f3289009000-7f328900f000 r--s 0003f000 08:04 1054384                    /home/myworldsoftware-u/.gradle/wrapper/dists/gradle-5.1.1-all/97z1ksx6lirer3kbvdnh7jtjg/gradle-5.1.1/lib/plugins/maven-compat-3.0.4.jar
7f328900f000-7f3289012000 r--s 0000a000 08:04 1054431                    /home/myworldsoftware-u/.gradle/wrapper/dists/gradle-5.1.1-all/97z1ksx6lirer3kbvdnh7jtjg/gradle-5.1.1/lib/plugins/plexus-classworlds-2.5.1.jar
7f3289012000-7f3289016000 r--s 00021000 08:04 1054436                    /home/myworldsoftware-u/.gradle/wrapper/dists/gradle-5.1.1-all/97z1ksx6lirer3kbvdnh7jtjg/gradle-5.1.1/lib/plugins/xbean-reflect-3.7.jar
7f3289016000-7f328901d000 r--s 00032000 08:04 1054389                    /home/myworldsoftware-u/.gradle/wrapper/dists/gradle-5.1.1-all/97z1ksx6lirer3kbvdnh7jtjg/gradle-5.1.1/lib/plugins/plexus-container-default-1.7.1.jar
7f328901d000-7f3289023000 r--s 0002e000 08:04 1054339                    /home/myworldsoftware-u/.gradle/wrapper/dists/gradle-5.1.1-all/97z1ksx6lirer3kbvdnh7jtjg/gradle-5.1.1/lib/plugins/gradle-build-init-5.1.1.jar
7f3289023000-7f3289029000 r--s 0002e000 08:04 1054333                    /home/myworldsoftware-u/.gradle/wrapper/dists/gradle-5.1.1-all/97z1ksx6lirer3kbvdnh7jtjg/gradle-5.1.1/lib/plugins/gradle-build-comparison-5.1.1.jar
7f3289029000-7f328902a000 r--s 00002000 08:04 1054362                    /home/myworldsoftware-u/.gradle/wrapper/dists/gradle-5.1.1-all/97z1ksx6lirer3kbvdnh7jtjg/gradle-5.1.1/lib/plugins/gradle-build-cache-http-5.1.1.jar
7f328902a000-7f328902c000 r--s 00009000 08:04 1054320                    /home/myworldsoftware-u/.gradle/wrapper/dists/gradle-5.1.1-all/97z1ksx6lirer3kbvdnh7jtjg/gradle-5.1.1/lib/plugins/gradle-antlr-5.1.1.jar
7f328902c000-7f328902d000 r--s 00005000 08:04 1054319                    /home/myworldsoftware-u/.gradle/wrapper/dists/gradle-5.1.1-all/97z1ksx6lirer3kbvdnh7jtjg/gradle-5.1.1/lib/plugins/gradle-announce-5.1.1.jar
7f328902d000-7f3289030000 r--s 00016000 08:04 1054240                    /home/myworldsoftware-u/.gradle/wrapper/dists/gradle-5.1.1-all/97z1ksx6lirer3kbvdnh7jtjg/gradle-5.1.1/lib/gradle-kotlin-dsl-tooling-builders-1.1.1.jar
7f3289030000-7f3289032000 r--s 00006000 08:04 1054239                    /home/myworldsoftware-u/.gradle/wrapper/dists/gradle-5.1.1-all/97z1ksx6lirer3kbvdnh7jtjg/gradle-5.1.1/lib/gradle-kotlin-dsl-provider-plugins-1.1.1.jar
7f3289032000-7f3289033000 r--s 00000000 08:04 1054253                    /home/myworldsoftware-u/.gradle/wrapper/dists/gradle-5.1.1-all/97z1ksx6lirer3kbvdnh7jtjg/gradle-5.1.1/lib/gradle-runtime-api-info-5.1.1.jar
7f3289033000-7f3289038000 r--s 00040000 08:04 1054406                    /home/myworldsoftware-u/.gradle/wrapper/dists/gradle-5.1.1-all/97z1ksx6lirer3kbvdnh7jtjg/gradle-5.1.1/lib/plugins/jsch-0.1.54.jar
7f3289038000-7f328903a000 r--s 00010000 08:04 1054422                    /home/myworldsoftware-u/.gradle/wrapper/dists/gradle-5.1.1-all/97z1ksx6lirer3kbvdnh7jtjg/gradle-5.1.1/lib/plugins/jzlib-1.1.3.jar
7f328903a000-7f328905f000 r--s 00265000 08:04 1054370                    /home/myworldsoftware-u/.gradle/wrapper/dists/gradle-5.1.1-all/97z1ksx6lirer3kbvdnh7jtjg/gradle-5.1.1/lib/plugins/org.eclipse.jgit-5.0.3.201809091024-r.jar
7f328905f000-7f3289061000 r--s 0000c000 08:04 1054356                    /home/myworldsoftware-u/.gradle/wrapper/dists/gradle-5.1.1-all/97z1ksx6lirer3kbvdnh7jtjg/gradle-5.1.1/lib/plugins/gradle-version-control-5.1.1.jar
7f3289061000-7f328907a000 r--s 0013a000 08:04 1054405                    /home/myworldsoftware-u/.gradle/wrapper/dists/gradle-5.1.1-all/97z1ksx6lirer3kbvdnh7jtjg/gradle-5.1.1/lib/plugins/xercesImpl-2.12.0.jar
7f328907a000-7f328907c000 r--s 0001d000 08:04 1054404                    /home/myworldsoftware-u/.gradle/wrapper/dists/gradle-5.1.1-all/97z1ksx6lirer3kbvdnh7jtjg/gradle-5.1.1/lib/plugins/nekohtml-1.9.22.jar
7f328907c000-7f3289082000 r--s 0005b000 08:04 1054403                    /home/myworldsoftware-u/.gradle/wrapper/dists/gradle-5.1.1-all/97z1ksx6lirer3kbvdnh7jtjg/gradle-5.1.1/lib/plugins/jcifs-1.3.17.jar
7f3289082000-7f3289089000 r--s 0004b000 08:04 1054379                    /home/myworldsoftware-u/.gradle/wrapper/dists/gradle-5.1.1-all/97z1ksx6lirer3kbvdnh7jtjg/gradle-5.1.1/lib/plugins/commons-codec-1.11.jar
7f3289089000-7f3289090000 r--s 00049000 08:04 1054420                    /home/myworldsoftware-u/.gradle/wrapper/dists/gradle-5.1.1-all/97z1ksx6lirer3kbvdnh7jtjg/gradle-5.1.1/lib/plugins/httpcore-4.4.10.jar
7f3289090000-7f328909d000 r--s 000af000 08:04 1054378                    /home/myworldsoftware-u/.gradle/wrapper/dists/gradle-5.1.1-all/97z1ksx6lirer3kbvdnh7jtjg/gradle-5.1.1/lib/plugins/httpclient-4.5.6.jar
7f328909d000-7f328909f000 r--s 0000e000 08:04 1054363                    /home/myworldsoftware-u/.gradle/wrapper/dists/gradle-5.1.1-all/97z1ksx6lirer3kbvdnh7jtjg/gradle-5.1.1/lib/plugins/gradle-resources-http-5.1.1.jar
7f328909f000-7f32890a2000 r--s 0000c000 08:04 1054355                    /home/myworldsoftware-u/.gradle/wrapper/dists/gradle-5.1.1-all/97z1ksx6lirer3kbvdnh7jtjg/gradle-5.1.1/lib/plugins/gradle-plugin-use-5.1.1.jar
7f32890a2000-7f32890a5000 r--s 0000d000 08:04 1054358                    /home/myworldsoftware-u/.gradle/wrapper/dists/gradle-5.1.1-all/97z1ksx6lirer3kbvdnh7jtjg/gradle-5.1.1/lib/plugins/gradle-composite-builds-5.1.1.jar
7f32890a5000-7f32890a6000 r--s 00000000 08:04 1054256                    /home/myworldsoftware-u/.gradle/wrapper/dists/gradle-5.1.1-all/97z1ksx6lirer3kbvdnh7jtjg/gradle-5.1.1/lib/gradle-installation-beacon-5.1.1.jar
7f32890a6000-7f32890a8000 r--s 00006000 08:04 1054426                    /home/myworldsoftware-u/.gradle/wrapper/dists/gradle-5.1.1-all/97z1ksx6lirer3kbvdnh7jtjg/gradle-5.1.1/lib/plugins/maven-repository-metadata-3.0.4.jar
7f32890a8000-7f32890aa000 r--s 0000c000 08:04 1054414                    /home/myworldsoftware-u/.gradle/wrapper/dists/gradle-5.1.1-all/97z1ksx6lirer3kbvdnh7jtjg/gradle-5.1.1/lib/plugins/maven-aether-provider-3.0.4.jar
7f32890aa000-7f32890ab000 r--s 00003000 08:04 1054416                    /home/myworldsoftware-u/.gradle/wrapper/dists/gradle-5.1.1-all/97z1ksx6lirer3kbvdnh7jtjg/gradle-5.1.1/lib/plugins/aether-spi-1.13.1.jar
7f32890ab000-7f32890ae000 r--s 0001d000 08:04 1054415                    /home/myworldsoftware-u/.gradle/wrapper/dists/gradle-5.1.1-all/97z1ksx6lirer3kbvdnh7jtjg/gradle-5.1.1/lib/plugins/aether-impl-1.13.1.jar
7f32890ae000-7f32890b2000 r--s 0001c000 08:04 1054417                    /home/myworldsoftware-u/.gradle/wrapper/dists/gradle-5.1.1-all/97z1ksx6lirer3kbvdnh7jtjg/gradle-5.1.1/lib/plugins/aether-util-1.13.1.jar
7f32890b2000-7f32890b5000 r--s 00013000 08:04 1054418                    /home/myworldsoftware-u/.gradle/wrapper/dists/gradle-5.1.1-all/97z1ksx6lirer3kbvdnh7jtjg/gradle-5.1.1/lib/plugins/aether-api-1.13.1.jar
7f32890b5000-7f32890b7000 r--s 0000b000 08:04 1054423                    /home/myworldsoftware-u/.gradle/wrapper/dists/gradle-5.1.1-all/97z1ksx6lirer3kbvdnh7jtjg/gradle-5.1.1/lib/plugins/maven-artifact-3.0.4.jar
7f32890b7000-7f32890bb000 r--s 00021000 08:04 1054424                    /home/myworldsoftware-u/.gradle/wrapper/dists/gradle-5.1.1-all/97z1ksx6lirer3kbvdnh7jtjg/gradle-5.1.1/lib/plugins/maven-model-builder-3.0.4.jar
7f32890bb000-7f32890bd000 r--s 00026000 08:04 1054425                    /home/myworldsoftware-u/.gradle/wrapper/dists/gradle-5.1.1-all/97z1ksx6lirer3kbvdnh7jtjg/gradle-5.1.1/lib/plugins/maven-model-3.0.4.jar
7f32890bd000-7f32890bf000 r--s 0000a000 08:04 1054428                    /home/myworldsoftware-u/.gradle/wrapper/dists/gradle-5.1.1-all/97z1ksx6lirer3kbvdnh7jtjg/gradle-5.1.1/lib/plugins/maven-settings-3.0.4.jar
7f32890bf000-7f32890c1000 r--s 00002000 08:04 1054430                    /home/myworldsoftware-u/.gradle/wrapper/dists/gradle-5.1.1-all/97z1ksx6lirer3kbvdnh7jtjg/gradle-5.1.1/lib/plugins/plexus-cipher-1.7.jar
7f32890c1000-7f32890c2000 r--s 00006000 08:04 1054429                    /home/myworldsoftware-u/.gradle/wrapper/dists/gradle-5.1.1-all/97z1ksx6lirer3kbvdnh7jtjg/gradle-5.1.1/lib/plugins/plexus-sec-dispatcher-1.3.jar
7f32890c2000-7f32890c4000 r--s 00000000 08:04 1054432                    /home/myworldsoftware-u/.gradle/wrapper/dists/gradle-5.1.1-all/97z1ksx6lirer3kbvdnh7jtjg/gradle-5.1.1/lib/plugins/plexus-component-annotations-1.5.5.jar
7f32890c4000-7f32890c8000 r--s 0003c000 08:04 1054435                    /home/myworldsoftware-u/.gradle/wrapper/dists/gradle-5.1.1-all/97z1ksx6lirer3kbvdnh7jtjg/gradle-5.1.1/lib/plugins/plexus-utils-3.1.0.jar
7f32890c8000-7f32890dd000 r--s 00116000 08:04 1054383                    /home/myworldsoftware-u/.gradle/wrapper/dists/gradle-5.1.1-all/97z1ksx6lirer3kbvdnh7jtjg/gradle-5.1.1/lib/plugins/ivy-2.3.0.jar
7f32890dd000-7f3289135000 r--s 003a7000 08:04 1054413                    /home/myworldsoftware-u/.gradle/wrapper/dists/gradle-5.1.1-all/97z1ksx6lirer3kbvdnh7jtjg/gradle-5.1.1/lib/plugins/bcprov-jdk15on-1.60.jar
7f3289135000-7f3289167000 r--s 001a9000 08:04 1054357                    /home/myworldsoftware-u/.gradle/wrapper/dists/gradle-5.1.1-all/97z1ksx6lirer3kbvdnh7jtjg/gradle-5.1.1/lib/plugins/gradle-dependency-management-5.1.1.jar
7f3289167000-7f328917e000 r-xp 00000000 08:04 4073109                    /lib/x86_64-linux-gnu/libgcc_s.so.1
7f328917e000-7f328937d000 ---p 00017000 08:04 4073109                    /lib/x86_64-linux-gnu/libgcc_s.so.1
7f328937d000-7f328937e000 r--p 00016000 08:04 4073109                    /lib/x86_64-linux-gnu/libgcc_s.so.1
7f328937e000-7f328937f000 rw-p 00017000 08:04 4073109                    /lib/x86_64-linux-gnu/libgcc_s.so.1
7f328937f000-7f32894f8000 r-xp 00000000 08:04 1573143                    /usr/lib/x86_64-linux-gnu/libstdc++.so.6.0.25
7f32894f8000-7f32896f8000 ---p 00179000 08:04 1573143                    /usr/lib/x86_64-linux-gnu/libstdc++.so.6.0.25
7f32896f8000-7f3289702000 r--p 00179000 08:04 1573143                    /usr/lib/x86_64-linux-gnu/libstdc++.so.6.0.25
7f3289702000-7f3289704000 rw-p 00183000 08:04 1573143                    /usr/lib/x86_64-linux-gnu/libstdc++.so.6.0.25
7f3289704000-7f3289708000 rw-p 00000000 00:00 0 
7f3289708000-7f328970a000 r--s 0000d000 08:04 1054433                    /home/myworldsoftware-u/.gradle/wrapper/dists/gradle-5.1.1-all/97z1ksx6lirer3kbvdnh7jtjg/gradle-5.1.1/lib/plugins/plexus-interpolation-1.14.jar
7f328970a000-7f328970d000 r--s 00008000 08:04 1054427                    /home/myworldsoftware-u/.gradle/wrapper/dists/gradle-5.1.1-all/97z1ksx6lirer3kbvdnh7jtjg/gradle-5.1.1/lib/plugins/maven-settings-builder-3.0.4.jar
7f328970d000-7f3289719000 r--s 0007d000 08:04 1054385                    /home/myworldsoftware-u/.gradle/wrapper/dists/gradle-5.1.1-all/97z1ksx6lirer3kbvdnh7jtjg/gradle-5.1.1/lib/plugins/maven-core-3.0.4.jar
7f3289719000-7f328971e000 r--s 00036000 08:04 1054393                    /home/myworldsoftware-u/.gradle/wrapper/dists/gradle-5.1.1-all/97z1ksx6lirer3kbvdnh7jtjg/gradle-5.1.1/lib/plugins/gson-2.8.5.jar
7f328971e000-7f328971f000 r--s 00013000 08:04 1054380                    /home/myworldsoftware-u/.gradle/wrapper/dists/gradle-5.1.1-all/97z1ksx6lirer3kbvdnh7jtjg/gradle-5.1.1/lib/plugins/asm-util-7.0.jar
7f328971f000-7f3289721000 r--s 0000f000 08:04 1054366                    /home/myworldsoftware-u/.gradle/wrapper/dists/gradle-5.1.1-all/97z1ksx6lirer3kbvdnh7jtjg/gradle-5.1.1/lib/plugins/gradle-workers-5.1.1.jar
7f3289721000-7f3289726000 r-xp 00000000 08:04 4339578                    /home/myworldsoftware-u/.gradle/native/25/linux-amd64/libnative-platform.so
7f3289726000-7f3289925000 ---p 00005000 08:04 4339578                    /home/myworldsoftware-u/.gradle/native/25/linux-amd64/libnative-platform.so
7f3289925000-7f3289926000 rw-p 00004000 08:04 4339578                    /home/myworldsoftware-u/.gradle/native/25/linux-amd64/libnative-platform.so
7f3289926000-7f3289936000 r-xp 00000000 08:04 4327036                    /home/myworldsoftware-u/İndirilenler/android-studio/jre/jre/lib/amd64/libnio.so
7f3289936000-7f3289937000 rw-p 00010000 08:04 4327036                    /home/myworldsoftware-u/İndirilenler/android-studio/jre/jre/lib/amd64/libnio.so
7f3289937000-7f328994d000 r-xp 00000000 08:04 4327045                    /home/myworldsoftware-u/İndirilenler/android-studio/jre/jre/lib/amd64/libnet.so
7f328994d000-7f328994e000 rw-p 00016000 08:04 4327045                    /home/myworldsoftware-u/İndirilenler/android-studio/jre/jre/lib/amd64/libnet.so
7f328994e000-7f3289958000 r--s 00116000 08:04 4327076                    /home/myworldsoftware-u/İndirilenler/android-studio/jre/jre/lib/ext/localedata.jar
7f3289958000-7f3289959000 r--s 00006000 08:04 1054255                    /home/myworldsoftware-u/.gradle/wrapper/dists/gradle-5.1.1-all/97z1ksx6lirer3kbvdnh7jtjg/gradle-5.1.1/lib/gradle-wrapper-5.1.1.jar
7f3289959000-7f3289968000 r--s 0004b000 08:04 1054254                    /home/myworldsoftware-u/.gradle/wrapper/dists/gradle-5.1.1-all/97z1ksx6lirer3kbvdnh7jtjg/gradle-5.1.1/lib/gradle-tooling-api-5.1.1.jar
7f3289968000-7f3289977000 r--s 00231000 08:04 1054250                    /home/myworldsoftware-u/.gradle/wrapper/dists/gradle-5.1.1-all/97z1ksx6lirer3kbvdnh7jtjg/gradle-5.1.1/lib/kotlinx-metadata-jvm-0.0.4.jar
7f3289977000-7f3289979000 r--s 00002000 08:04 1054249                    /home/myworldsoftware-u/.gradle/wrapper/dists/gradle-5.1.1-all/97z1ksx6lirer3kbvdnh7jtjg/gradle-5.1.1/lib/kotlin-stdlib-jdk8-1.3.11.jar
7f3289979000-7f328997a000 r--s 00000000 08:04 1054248                    /home/myworldsoftware-u/.gradle/wrapper/dists/gradle-5.1.1-all/97z1ksx6lirer3kbvdnh7jtjg/gradle-5.1.1/lib/kotlin-stdlib-jdk7-1.3.11.jar
7f328997a000-7f3289981000 r--s 0001e000 08:04 1054247                    /home/myworldsoftware-u/.gradle/wrapper/dists/gradle-5.1.1-all/97z1ksx6lirer3kbvdnh7jtjg/gradle-5.1.1/lib/kotlin-stdlib-common-1.3.11.jar
7f3289981000-7f3289994000 r--s 0010e000 08:04 1054246                    /home/myworldsoftware-u/.gradle/wrapper/dists/gradle-5.1.1-all/97z1ksx6lirer3kbvdnh7jtjg/gradle-5.1.1/lib/kotlin-stdlib-1.3.11.jar
7f3289994000-7f3289996000 r--s 00009000 08:04 1054245                    /home/myworldsoftware-u/.gradle/wrapper/dists/gradle-5.1.1-all/97z1ksx6lirer3kbvdnh7jtjg/gradle-5.1.1/lib/kotlin-script-runtime-1.3.11.jar
7f3289996000-7f3289997000 r--s 00002000 08:04 1054244                    /home/myworldsoftware-u/.gradle/wrapper/dists/gradle-5.1.1-all/97z1ksx6lirer3kbvdnh7jtjg/gradle-5.1.1/lib/kotlin-sam-with-receiver-compiler-plugin-1.3.11.jar
7f3289997000-7f32899cd000 r--s 00250000 08:04 1054243                    /home/myworldsoftware-u/.gradle/wrapper/dists/gradle-5.1.1-all/97z1ksx6lirer3kbvdnh7jtjg/gradle-5.1.1/lib/kotlin-reflect-1.3.11.jar
7f32899cd000-7f3289ba6000 r--s 01b06000 08:04 1054242                    /home/myworldsoftware-u/.gradle/wrapper/dists/gradle-5.1.1-all/97z1ksx6lirer3kbvdnh7jtjg/gradle-5.1.1/lib/kotlin-compiler-embeddable-1.3.11.jar
7f3289ba6000-7f3289ba7000 r--s 00001000 08:04 1054241                    /home/myworldsoftware-u/.gradle/wrapper/dists/gradle-5.1.1-all/97z1ksx6lirer3kbvdnh7jtjg/gradle-5.1.1/lib/gradle-kotlin-dsl-tooling-models-1.1.1.jar
7f3289ba7000-7f3289ba9000 r--s 00003000 08:04 1054237                    /home/myworldsoftware-u/.gradle/wrapper/dists/gradle-5.1.1-all/97z1ksx6lirer3kbvdnh7jtjg/gradle-5.1.1/lib/annotations-13.0.jar
7f3289ba9000-7f3289bc3000 r--s 0014e000 08:04 1054238                    /home/myworldsoftware-u/.gradle/wrapper/dists/gradle-5.1.1-all/97z1ksx6lirer3kbvdnh7jtjg/gradle-5.1.1/lib/gradle-kotlin-dsl-1.1.1.jar
7f3289bc3000-7f3289bc5000 r--s 00007000 08:04 1054260                    /home/myworldsoftware-u/.gradle/wrapper/dists/gradle-5.1.1-all/97z1ksx6lirer3kbvdnh7jtjg/gradle-5.1.1/lib/gradle-build-cache-packaging-5.1.1.jar
7f3289bc5000-7f3289bc8000 r--s 00010000 08:04 1054259                    /home/myworldsoftware-u/.gradle/wrapper/dists/gradle-5.1.1-all/97z1ksx6lirer3kbvdnh7jtjg/gradle-5.1.1/lib/gradle-execution-5.1.1.jar
7f3289bc8000-7f3289bcc000 r--s 0001a000 08:04 1054262                    /home/myworldsoftware-u/.gradle/wrapper/dists/gradle-5.1.1-all/97z1ksx6lirer3kbvdnh7jtjg/gradle-5.1.1/lib/gradle-files-5.1.1.jar
7f3289bcc000-7f3289bd1000 r--s 00022000 08:04 1054261                    /home/myworldsoftware-u/.gradle/wrapper/dists/gradle-5.1.1-all/97z1ksx6lirer3kbvdnh7jtjg/gradle-5.1.1/lib/gradle-snapshots-5.1.1.jar
7f3289bd1000-7f3289bd2000 r--s 00003000 08:04 1054275                    /home/myworldsoftware-u/.gradle/wrapper/dists/gradle-5.1.1-all/97z1ksx6lirer3kbvdnh7jtjg/gradle-5.1.1/lib/gradle-build-option-5.1.1.jar
7f3289bd2000-7f3289bd4000 r--s 00005000 08:04 1054276                    /home/myworldsoftware-u/.gradle/wrapper/dists/gradle-5.1.1-all/97z1ksx6lirer3kbvdnh7jtjg/gradle-5.1.1/lib/gradle-cli-5.1.1.jar
7f3289bd4000-7f3289bd6000 r--s 00004000 08:04 1054286                    /home/myworldsoftware-u/.gradle/wrapper/dists/gradle-5.1.1-all/97z1ksx6lirer3kbvdnh7jtjg/gradle-5.1.1/lib/log4j-over-slf4j-1.7.25.jar
7f3289bd6000-7f3289bd8000 r--s 00000000 08:04 1054285                    /home/myworldsoftware-u/.gradle/wrapper/dists/gradle-5.1.1-all/97z1ksx6lirer3kbvdnh7jtjg/gradle-5.1.1/lib/jul-to-slf4j-1.7.25.jar
7f3289bd8000-7f3289bda000 r--s 00003000 08:04 1054284                    /home/myworldsoftware-u/.gradle/wrapper/dists/gradle-5.1.1-all/97z1ksx6lirer3kbvdnh7jtjg/gradle-5.1.1/lib/jcl-over-slf4j-1.7.25.jar
7f3289bda000-7f3289be2000 r--s 00035000 08:04 1054268                    /home/myworldsoftware-u/.gradle/wrapper/dists/gradle-5.1.1-all/97z1ksx6lirer3kbvdnh7jtjg/gradle-5.1.1/lib/gradle-logging-5.1.1.jar
7f3289be2000-7f3289be7000 r--s 00015000 08:04 1054270                    /home/myworldsoftware-u/.gradle/wrapper/dists/gradle-5.1.1-all/97z1ksx6lirer3kbvdnh7jtjg/gradle-5.1.1/lib/gradle-resources-5.1.1.jar
7f3289be7000-7f3289bee000 r--s 00036000 08:04 1054267                    /home/myworldsoftware-u/.gradle/wrapper/dists/gradle-5.1.1-all/97z1ksx6lirer3kbvdnh7jtjg/gradle-5.1.1/lib/gradle-persistent-cache-5.1.1.jar
7f3289bee000-7f3289bf3000 r--s 00014000 08:04 1054266                    /home/myworldsoftware-u/.gradle/wrapper/dists/gradle-5.1.1-all/97z1ksx6lirer3kbvdnh7jtjg/gradle-5.1.1/lib/gradle-build-cache-5.1.1.jar
7f3289bf3000-7f3289c04000 r--s 00092000 08:04 1054264                    /home/myworldsoftware-u/.gradle/wrapper/dists/gradle-5.1.1-all/97z1ksx6lirer3kbvdnh7jtjg/gradle-5.1.1/lib/gradle-model-core-5.1.1.jar
7f3289c04000-7f3289c06000 r--s 0000d000 08:04 1054272                    /home/myworldsoftware-u/.gradle/wrapper/dists/gradle-5.1.1-all/97z1ksx6lirer3kbvdnh7jtjg/gradle-5.1.1/lib/gradle-base-services-groovy-5.1.1.jar
7f3289c06000-7f3289c08000 r--s 00007000 08:04 1054263                    /home/myworldsoftware-u/.gradle/wrapper/dists/gradle-5.1.1-all/97z1ksx6lirer3kbvdnh7jtjg/gradle-5.1.1/lib/gradle-model-groovy-5.1.1.jar
7f3289c08000-7f3289c0a000 r--s 00006000 08:04 1054277                    /home/myworldsoftware-u/.gradle/wrapper/dists/gradle-5.1.1-all/97z1ksx6lirer3kbvdnh7jtjg/gradle-5.1.1/lib/gradle-docs-5.1.1.jar
7f3289c0a000-7f3289c13000 r--s 0002d000 08:04 1054298                    /home/myworldsoftware-u/.gradle/wrapper/dists/gradle-5.1.1-all/97z1ksx6lirer3kbvdnh7jtjg/gradle-5.1.1/lib/xml-apis-1.4.01.jar
7f3289c13000-7f3289c14000 r--s 00000000 08:04 1054294                    /home/myworldsoftware-u/.gradle/wrapper/dists/gradle-5.1.1-all/97z1ksx6lirer3kbvdnh7jtjg/gradle-5.1.1/lib/javax.inject-1.jar
7f3289c14000-7f3289c99000 r--s 007a7000 08:04 1054292                    /home/myworldsoftware-u/.gradle/wrapper/dists/gradle-5.1.1-all/97z1ksx6lirer3kbvdnh7jtjg/gradle-5.1.1/lib/groovy-all-1.0-2.5.4.jar
7f3289c99000-7f3289ca4000 r--s 00086000 08:04 1054297                    /home/myworldsoftware-u/.gradle/wrapper/dists/gradle-5.1.1-all/97z1ksx6lirer3kbvdnh7jtjg/gradle-5.1.1/lib/commons-compress-1.18.jar
7f3289ca4000-7f3289cb1000 r--s 00083000 08:04 1054295                    /home/myworldsoftware-u/.gradle/wrapper/dists/gradle-5.1.1-all/97z1ksx6lirer3kbvdnh7jtjg/gradle-5.1.1/lib/commons-collections-3.2.2.jar
7f3289cb1000-7f3289cb3000 r--s 00007000 08:04 1054279                    /home/myworldsoftware-u/.gradle/wrapper/dists/gradle-5.1.1-all/97z1ksx6lirer3kbvdnh7jtjg/gradle-5.1.1/lib/asm-analysis-7.0.jar
7f3289cb3000-7f3289cb5000 r--s 0000b000 08:04 1054280                    /home/myworldsoftware-u/.gradle/wrapper/dists/gradle-5.1.1-all/97z1ksx6lirer3kbvdnh7jtjg/gradle-5.1.1/lib/asm-tree-7.0.jar
7f3289cb5000-7f3289cb7000 r--s 00012000 08:04 1054278                    /home/myworldsoftware-u/.gradle/wrapper/dists/gradle-5.1.1-all/97z1ksx6lirer3kbvdnh7jtjg/gradle-5.1.1/lib/asm-commons-7.0.jar
7f3289cb7000-7f3289cb8000 r--s 00004000 08:04 1054304                    /home/myworldsoftware-u/.gradle/wrapper/dists/gradle-5.1.1-all/97z1ksx6lirer3kbvdnh7jtjg/gradle-5.1.1/lib/native-platform-freebsd-amd64-libcpp-0.14.jar
7f3289cb8000-7f3289cb9000 r--s 00004000 08:04 1054305                    /home/myworldsoftware-u/.gradle/wrapper/dists/gradle-5.1.1-all/97z1ksx6lirer3kbvdnh7jtjg/gradle-5.1.1/lib/native-platform-freebsd-amd64-libstdcpp-0.14.jar
7f3289cb9000-7f3289cba000 r--s 00004000 08:04 1054306                    /home/myworldsoftware-u/.gradle/wrapper/dists/gradle-5.1.1-all/97z1ksx6lirer3kbvdnh7jtjg/gradle-5.1.1/lib/native-platform-freebsd-i386-libcpp-0.14.jar
7f3289cba000-7f3289cbb000 r--s 00003000 08:04 1054307                    /home/myworldsoftware-u/.gradle/wrapper/dists/gradle-5.1.1-all/97z1ksx6lirer3kbvdnh7jtjg/gradle-5.1.1/lib/native-platform-freebsd-i386-libstdcpp-0.14.jar
7f3289cbb000-7f3289cbc000 r--s 00002000 08:04 1054308                    /home/myworldsoftware-u/.gradle/wrapper/dists/gradle-5.1.1-all/97z1ksx6lirer3kbvdnh7jtjg/gradle-5.1.1/lib/native-platform-linux-amd64-0.14.jar
7f3289cbc000-7f3289cbd000 r--s 00002000 08:04 1054309                    /home/myworldsoftware-u/.gradle/wrapper/dists/gradle-5.1.1-all/97z1ksx6lirer3kbvdnh7jtjg/gradle-5.1.1/lib/native-platform-linux-i386-0.14.jar
7f3289cbd000-7f3289cbf000 r--s 00002000 08:04 1054310                    /home/myworldsoftware-u/.gradle/wrapper/dists/gradle-5.1.1-all/97z1ksx6lirer3kbvdnh7jtjg/gradle-5.1.1/lib/native-platform-osx-amd64-0.14.jar
7f3289cbf000-7f3289cc0000 r--s 00003000 08:04 1054311                    /home/myworldsoftware-u/.gradle/wrapper/dists/gradle-5.1.1-all/97z1ksx6lirer3kbvdnh7jtjg/gradle-5.1.1/lib/native-platform-osx-i386-0.14.jar
7f3289cc0000-7f3289cc2000 r--s 0000b000 08:04 1054312                    /home/myworldsoftware-u/.gradle/wrapper/dists/gradle-5.1.1-all/97z1ksx6lirer3kbvdnh7jtjg/gradle-5.1.1/lib/native-platform-windows-amd64-0.14.jar
7f3289cc2000-7f3289cc3000 r--s 0000b000 08:04 1054313                    /home/myworldsoftware-u/.gradle/wrapper/dists/gradle-5.1.1-all/97z1ksx6lirer3kbvdnh7jtjg/gradle-5.1.1/lib/native-platform-windows-i386-0.14.jar
7f3289cc3000-7f3289cc4000 r--s 00001000 08:04 1054314                    /home/myworldsoftware-u/.gradle/wrapper/dists/gradle-5.1.1-all/97z1ksx6lirer3kbvdnh7jtjg/gradle-5.1.1/lib/native-platform-linux-amd64-ncurses5-0.14.jar
7f3289cc4000-7f3289cc8000 r--s 00012000 08:04 1054296                    /home/myworldsoftware-u/.gradle/wrapper/dists/gradle-5.1.1-all/97z1ksx6lirer3kbvdnh7jtjg/gradle-5.1.1/lib/native-platform-0.14.jar
7f3289cc8000-7f3289cf8000 r--s 0024b000 08:04 1054288                    /home/myworldsoftware-u/.gradle/wrapper/dists/gradle-5.1.1-all/97z1ksx6lirer3kbvdnh7jtjg/gradle-5.1.1/lib/guava-26.0-android.jar
7f3289cf8000-7f3289d17000 r--s 001da000 08:04 1054293                    /home/myworldsoftware-u/.gradle/wrapper/dists/gradle-5.1.1-all/97z1ksx6lirer3kbvdnh7jtjg/gradle-5.1.1/lib/ant-1.9.13.jar
7f3289d17000-7f3289d54000 r--s 0020d000 08:04 1054257                    /home/myworldsoftware-u/.gradle/wrapper/dists/gradle-5.1.1-all/97z1ksx6lirer3kbvdnh7jtjg/gradle-5.1.1/lib/gradle-core-5.1.1.jar
7f3289d54000-7f3289d55000 ---p 00000000 00:00 0 
7f3289d55000-7f3289e55000 rw-p 00000000 00:00 0 
7f3289e55000-7f3289e58000 ---p 00000000 00:00 0 
7f3289e58000-7f3289f56000 rw-p 00000000 00:00 0 
7f3289f56000-7f3289f57000 ---p 00000000 00:00 0 
7f3289f57000-7f3289f5a000 ---p 00000000 00:00 0 
7f3289f5a000-7f328a057000 rw-p 00000000 00:00 0 
7f328a057000-7f328a058000 ---p 00000000 00:00 0 
7f328a058000-7f328a05b000 ---p 00000000 00:00 0 
7f328a05b000-7f328a158000 rw-p 00000000 00:00 0 
7f328a158000-7f328a159000 ---p 00000000 00:00 0 
7f328a159000-7f328a15c000 ---p 00000000 00:00 0 
7f328a15c000-7f328a259000 rw-p 00000000 00:00 0 
7f328a259000-7f328a25c000 ---p 00000000 00:00 0 
7f328a25c000-7f328a35a000 rw-p 00000000 00:00 0 
7f328a35a000-7f328ae8c000 r--p 00000000 08:04 1579718                    /usr/lib/locale/locale-archive
7f328ae8c000-7f328ae8f000 ---p 00000000 00:00 0 
7f328ae8f000-7f328af8d000 rw-p 00000000 00:00 0 
7f328af8d000-7f328af90000 ---p 00000000 00:00 0 
7f328af90000-7f328b08e000 rw-p 00000000 00:00 0 
7f328b08e000-7f328b08f000 ---p 00000000 00:00 0 
7f328b08f000-7f328c000000 rw-p 00000000 00:00 0 
7f328c000000-7f328c044000 rw-p 00000000 00:00 0 
7f328c044000-7f3290000000 ---p 00000000 00:00 0 
7f3290000000-7f3290001000 r--s 00001000 08:04 1054315                    /home/myworldsoftware-u/.gradle/wrapper/dists/gradle-5.1.1-all/97z1ksx6lirer3kbvdnh7jtjg/gradle-5.1.1/lib/native-platform-linux-amd64-ncurses6-0.14.jar
7f3290001000-7f3290002000 r--s 00001000 08:04 1054316                    /home/myworldsoftware-u/.gradle/wrapper/dists/gradle-5.1.1-all/97z1ksx6lirer3kbvdnh7jtjg/gradle-5.1.1/lib/native-platform-linux-i386-ncurses5-0.14.jar
7f3290002000-7f3290006000 r--s 00042000 08:04 1054299                    /home/myworldsoftware-u/.gradle/wrapper/dists/gradle-5.1.1-all/97z1ksx6lirer3kbvdnh7jtjg/gradle-5.1.1/lib/jansi-1.17.1.jar
7f3290006000-7f3290009000 r--s 0000c000 08:04 1054271                    /home/myworldsoftware-u/.gradle/wrapper/dists/gradle-5.1.1-all/97z1ksx6lirer3kbvdnh7jtjg/gradle-5.1.1/lib/gradle-native-5.1.1.jar
7f3290009000-7f329000b000 r--s 0000c000 08:04 1054301                    /home/myworldsoftware-u/.gradle/wrapper/dists/gradle-5.1.1-all/97z1ksx6lirer3kbvdnh7jtjg/gradle-5.1.1/lib/objenesis-2.6.jar
7f329000b000-7f329000d000 r--s 00000000 08:04 1054303                    /home/myworldsoftware-u/.gradle/wrapper/dists/gradle-5.1.1-all/97z1ksx6lirer3kbvdnh7jtjg/gradle-5.1.1/lib/minlog-1.2.jar
7f329000d000-7f3290013000 r--s 0004d000 08:04 1054300                    /home/myworldsoftware-u/.gradle/wrapper/dists/gradle-5.1.1-all/97z1ksx6lirer3kbvdnh7jtjg/gradle-5.1.1/lib/kryo-2.24.0.jar
7f3290013000-7f329001a000 r--s 00030000 08:04 1054273                    /home/myworldsoftware-u/.gradle/wrapper/dists/gradle-5.1.1-all/97z1ksx6lirer3kbvdnh7jtjg/gradle-5.1.1/lib/gradle-messaging-5.1.1.jar
7f329001a000-7f329001c000 r--s 00006000 08:04 1054269                    /home/myworldsoftware-u/.gradle/wrapper/dists/gradle-5.1.1-all/97z1ksx6lirer3kbvdnh7jtjg/gradle-5.1.1/lib/gradle-process-services-5.1.1.jar
7f329001c000-7f329001e000 r--s 00000000 08:04 1054258                    /home/myworldsoftware-u/.gradle/wrapper/dists/gradle-5.1.1-all/97z1ksx6lirer3kbvdnh7jtjg/gradle-5.1.1/lib/gradle-jvm-services-5.1.1.jar
7f329001e000-7f329016d000 rw-p 00000000 00:00 0 
7f329016d000-7f329033e000 r--s 03c8a000 08:04 4326703                    /home/myworldsoftware-u/İndirilenler/android-studio/jre/jre/lib/rt.jar
7f329033e000-7f3293f0f000 rw-p 00000000 00:00 0 
7f3293f0f000-7f3293f10000 ---p 00000000 00:00 0 
7f3293f10000-7f3294010000 rw-p 00000000 00:00 0 
7f3294010000-7f3294011000 ---p 00000000 00:00 0 
7f3294011000-7f3294111000 rw-p 00000000 00:00 0 
7f3294111000-7f3294112000 ---p 00000000 00:00 0 
7f3294112000-7f3294212000 rw-p 00000000 00:00 0 
7f3294212000-7f3294213000 ---p 00000000 00:00 0 
7f3294213000-7f329433c000 rw-p 00000000 00:00 0 
7f329433c000-7f3294513000 ---p 00000000 00:00 0 
7f3294513000-7f329453c000 rw-p 00000000 00:00 0 
7f329453c000-7f3294713000 ---p 00000000 00:00 0 
7f3294713000-7f3294737000 rw-p 00000000 00:00 0 
7f3294737000-7f3294813000 ---p 00000000 00:00 0 
7f3294813000-7f3294829000 rw-p 00000000 00:00 0 
7f3294829000-7f3294bd4000 ---p 00000000 00:00 0 
7f3294bd4000-7f3295114000 rwxp 00000000 00:00 0 
7f3295114000-7f32a3bd4000 ---p 00000000 00:00 0 
7f32a3bd4000-7f32a3bdf000 r-xp 00000000 08:04 4068566                    /lib/x86_64-linux-gnu/libnss_files-2.27.so
7f32a3bdf000-7f32a3dde000 ---p 0000b000 08:04 4068566                    /lib/x86_64-linux-gnu/libnss_files-2.27.so
7f32a3dde000-7f32a3ddf000 r--p 0000a000 08:04 4068566                    /lib/x86_64-linux-gnu/libnss_files-2.27.so
7f32a3ddf000-7f32a3de0000 rw-p 0000b000 08:04 4068566                    /lib/x86_64-linux-gnu/libnss_files-2.27.so
7f32a3de0000-7f32a3de6000 rw-p 00000000 00:00 0 
7f32a3de6000-7f32a3dfd000 r-xp 00000000 08:04 4068560                    /lib/x86_64-linux-gnu/libnsl-2.27.so
7f32a3dfd000-7f32a3ffc000 ---p 00017000 08:04 4068560                    /lib/x86_64-linux-gnu/libnsl-2.27.so
7f32a3ffc000-7f32a3ffd000 r--p 00016000 08:04 4068560                    /lib/x86_64-linux-gnu/libnsl-2.27.so
7f32a3ffd000-7f32a3ffe000 rw-p 00017000 08:04 4068560                    /lib/x86_64-linux-gnu/libnsl-2.27.so
7f32a3ffe000-7f32a4000000 rw-p 00000000 00:00 0 
7f32a4000000-7f32a4f88000 rw-p 00000000 00:00 0 
7f32a4f88000-7f32a8000000 ---p 00000000 00:00 0 
7f32a8000000-7f32a8001000 r--s 00001000 08:04 1054317                    /home/myworldsoftware-u/.gradle/wrapper/dists/gradle-5.1.1-all/97z1ksx6lirer3kbvdnh7jtjg/gradle-5.1.1/lib/native-platform-linux-i386-ncurses6-0.14.jar
7f32a8001000-7f32a8003000 r--s 00003000 08:04 1054289                    /home/myworldsoftware-u/.gradle/wrapper/dists/gradle-5.1.1-all/97z1ksx6lirer3kbvdnh7jtjg/gradle-5.1.1/lib/jsr305-3.0.2.jar
7f32a8003000-7f32a8004000 r--s 00000000 08:04 1054291                    /home/myworldsoftware-u/.gradle/wrapper/dists/gradle-5.1.1-all/97z1ksx6lirer3kbvdnh7jtjg/gradle-5.1.1/lib/jcip-annotations-1.0.jar
7f32a8004000-7f32a8007000 r--s 0001c000 08:04 1054290                    /home/myworldsoftware-u/.gradle/wrapper/dists/gradle-5.1.1-all/97z1ksx6lirer3kbvdnh7jtjg/gradle-5.1.1/lib/fastutil-8.2.1-min.jar
7f32a8007000-7f32a800c000 r--s 00041000 08:04 1054283                    /home/myworldsoftware-u/.gradle/wrapper/dists/gradle-5.1.1-all/97z1ksx6lirer3kbvdnh7jtjg/gradle-5.1.1/lib/commons-lang-2.6.jar
7f32a800c000-7f32a8010000 r--s 00031000 08:04 1054282                    /home/myworldsoftware-u/.gradle/wrapper/dists/gradle-5.1.1-all/97z1ksx6lirer3kbvdnh7jtjg/gradle-5.1.1/lib/commons-io-2.6.jar
7f32a8010000-7f32a8012000 r--s 0001a000 08:04 1054281                    /home/myworldsoftware-u/.gradle/wrapper/dists/gradle-5.1.1-all/97z1ksx6lirer3kbvdnh7jtjg/gradle-5.1.1/lib/asm-7.0.jar
7f32a8012000-7f32a8020000 r--s 0003c000 08:04 1054265                    /home/myworldsoftware-u/.gradle/wrapper/dists/gradle-5.1.1-all/97z1ksx6lirer3kbvdnh7jtjg/gradle-5.1.1/lib/gradle-core-api-5.1.1.jar
7f32a8020000-7f32a8041000 rw-p 00000000 00:00 0 
7f32a8041000-7f32a804c000 r-xp 00000000 08:04 4068577                    /lib/x86_64-linux-gnu/libnss_nis-2.27.so
7f32a804c000-7f32a824b000 ---p 0000b000 08:04 4068577                    /lib/x86_64-linux-gnu/libnss_nis-2.27.so
7f32a824b000-7f32a824c000 r--p 0000a000 08:04 4068577                    /lib/x86_64-linux-gnu/libnss_nis-2.27.so
7f32a824c000-7f32a824d000 rw-p 0000b000 08:04 4068577                    /lib/x86_64-linux-gnu/libnss_nis-2.27.so
7f32a824d000-7f32a8255000 r-xp 00000000 08:04 4068562                    /lib/x86_64-linux-gnu/libnss_compat-2.27.so
7f32a8255000-7f32a8455000 ---p 00008000 08:04 4068562                    /lib/x86_64-linux-gnu/libnss_compat-2.27.so
7f32a8455000-7f32a8456000 r--p 00008000 08:04 4068562                    /lib/x86_64-linux-gnu/libnss_compat-2.27.so
7f32a8456000-7f32a8457000 rw-p 00009000 08:04 4068562                    /lib/x86_64-linux-gnu/libnss_compat-2.27.so
7f32a8457000-7f32a845e000 r-xp 00000000 08:04 4068617                    /lib/x86_64-linux-gnu/librt-2.27.so
7f32a845e000-7f32a865d000 ---p 00007000 08:04 4068617                    /lib/x86_64-linux-gnu/librt-2.27.so
7f32a865d000-7f32a865e000 r--p 00006000 08:04 4068617                    /lib/x86_64-linux-gnu/librt-2.27.so
7f32a865e000-7f32a865f000 rw-p 00007000 08:04 4068617                    /lib/x86_64-linux-gnu/librt-2.27.so
7f32a865f000-7f32a87fc000 r-xp 00000000 08:04 4068539                    /lib/x86_64-linux-gnu/libm-2.27.so
7f32a87fc000-7f32a89fb000 ---p 0019d000 08:04 4068539                    /lib/x86_64-linux-gnu/libm-2.27.so
7f32a89fb000-7f32a89fc000 r--p 0019c000 08:04 4068539                    /lib/x86_64-linux-gnu/libm-2.27.so
7f32a89fc000-7f32a89fd000 rw-p 0019d000 08:04 4068539                    /lib/x86_64-linux-gnu/libm-2.27.so
7f32a89fd000-7f32a9615000 r-xp 00000000 08:04 4326713                    /home/myworldsoftware-u/İndirilenler/android-studio/jre/jre/lib/amd64/server/libjvm.so
7f32a9615000-7f32a96e4000 rw-p 00c18000 08:04 4326713                    /home/myworldsoftware-u/İndirilenler/android-studio/jre/jre/lib/amd64/server/libjvm.so
7f32a96e4000-7f32a9729000 rw-p 00000000 00:00 0 
7f32a9729000-7f32a9910000 r-xp 00000000 08:04 4068476                    /lib/x86_64-linux-gnu/libc-2.27.so
7f32a9910000-7f32a9b10000 ---p 001e7000 08:04 4068476                    /lib/x86_64-linux-gnu/libc-2.27.so
7f32a9b10000-7f32a9b14000 r--p 001e7000 08:04 4068476                    /lib/x86_64-linux-gnu/libc-2.27.so
7f32a9b14000-7f32a9b16000 rw-p 001eb000 08:04 4068476                    /lib/x86_64-linux-gnu/libc-2.27.so
7f32a9b16000-7f32a9b1a000 rw-p 00000000 00:00 0 
7f32a9b1a000-7f32a9b1d000 r-xp 00000000 08:04 4068499                    /lib/x86_64-linux-gnu/libdl-2.27.so
7f32a9b1d000-7f32a9d1c000 ---p 00003000 08:04 4068499                    /lib/x86_64-linux-gnu/libdl-2.27.so
7f32a9d1c000-7f32a9d1d000 r--p 00002000 08:04 4068499                    /lib/x86_64-linux-gnu/libdl-2.27.so
7f32a9d1d000-7f32a9d1e000 rw-p 00003000 08:04 4068499                    /lib/x86_64-linux-gnu/libdl-2.27.so
7f32a9d1e000-7f32a9d38000 r-xp 00000000 08:04 4068609                    /lib/x86_64-linux-gnu/libpthread-2.27.so
7f32a9d38000-7f32a9f37000 ---p 0001a000 08:04 4068609                    /lib/x86_64-linux-gnu/libpthread-2.27.so
7f32a9f37000-7f32a9f38000 r--p 00019000 08:04 4068609                    /lib/x86_64-linux-gnu/libpthread-2.27.so
7f32a9f38000-7f32a9f39000 rw-p 0001a000 08:04 4068609                    /lib/x86_64-linux-gnu/libpthread-2.27.so
7f32a9f39000-7f32a9f3d000 rw-p 00000000 00:00 0 
7f32a9f3d000-7f32a9f64000 r-xp 00000000 08:04 4068448                    /lib/x86_64-linux-gnu/ld-2.27.so
7f32a9f64000-7f32a9f66000 r--s 00009000 08:04 1054287                    /home/myworldsoftware-u/.gradle/wrapper/dists/gradle-5.1.1-all/97z1ksx6lirer3kbvdnh7jtjg/gradle-5.1.1/lib/slf4j-api-1.7.25.jar
7f32a9f66000-7f32a9f67000 r--s 00004000 08:04 1054302                    /home/myworldsoftware-u/.gradle/wrapper/dists/gradle-5.1.1-all/97z1ksx6lirer3kbvdnh7jtjg/gradle-5.1.1/lib/ant-launcher-1.9.13.jar
7f32a9f67000-7f32a9f74000 r--s 0006c000 08:04 1054274                    /home/myworldsoftware-u/.gradle/wrapper/dists/gradle-5.1.1-all/97z1ksx6lirer3kbvdnh7jtjg/gradle-5.1.1/lib/gradle-base-services-5.1.1.jar
7f32a9f74000-7f32a9f81000 r--s 0006d000 08:04 1054252                    /home/myworldsoftware-u/.gradle/wrapper/dists/gradle-5.1.1-all/97z1ksx6lirer3kbvdnh7jtjg/gradle-5.1.1/lib/gradle-launcher-5.1.1.jar
7f32a9f81000-7f32a9fe8000 rw-p 00000000 00:00 0 
7f32a9fe8000-7f32aa002000 r-xp 00000000 08:04 4327044                    /home/myworldsoftware-u/İndirilenler/android-studio/jre/jre/lib/amd64/libzip.so
7f32aa002000-7f32aa003000 rw-p 00019000 08:04 4327044                    /home/myworldsoftware-u/İndirilenler/android-studio/jre/jre/lib/amd64/libzip.so
7f32aa003000-7f32aa02e000 r-xp 00000000 08:04 4327043                    /home/myworldsoftware-u/İndirilenler/android-studio/jre/jre/lib/amd64/libjava.so
7f32aa02e000-7f32aa030000 rw-p 0002b000 08:04 4327043                    /home/myworldsoftware-u/İndirilenler/android-studio/jre/jre/lib/amd64/libjava.so
7f32aa030000-7f32aa031000 ---p 00000000 00:00 0 
7f32aa031000-7f32aa034000 ---p 00000000 00:00 0 
7f32aa034000-7f32aa133000 rw-p 00000000 00:00 0 
7f32aa133000-7f32aa148000 r-xp 00000000 08:04 4327121                    /home/myworldsoftware-u/İndirilenler/android-studio/jre/lib/amd64/jli/libjli.so
7f32aa148000-7f32aa149000 rw-p 00015000 08:04 4327121                    /home/myworldsoftware-u/İndirilenler/android-studio/jre/lib/amd64/jli/libjli.so
7f32aa149000-7f32aa151000 rw-s 00000000 08:04 1860975                    /tmp/hsperfdata_myworldsoftware-u/16111
7f32aa151000-7f32aa152000 rw-p 00000000 00:00 0 
7f32aa152000-7f32aa153000 ---p 00000000 00:00 0 
7f32aa153000-7f32aa160000 r-xp 00000000 08:04 4326913                    /home/myworldsoftware-u/İndirilenler/android-studio/jre/jre/lib/amd64/libverify.so
7f32aa160000-7f32aa162000 rw-p 0000c000 08:04 4326913                    /home/myworldsoftware-u/İndirilenler/android-studio/jre/jre/lib/amd64/libverify.so
7f32aa162000-7f32aa164000 rw-p 00000000 00:00 0 
7f32aa164000-7f32aa165000 r--p 00027000 08:04 4068448                    /lib/x86_64-linux-gnu/ld-2.27.so
7f32aa165000-7f32aa166000 rw-p 00028000 08:04 4068448                    /lib/x86_64-linux-gnu/ld-2.27.so
7f32aa166000-7f32aa167000 rw-p 00000000 00:00 0 
7ffd84deb000-7ffd84e0c000 rw-p 00000000 00:00 0                          [stack]
7ffd84f27000-7ffd84f2a000 r--p 00000000 00:00 0                          [vvar]
7ffd84f2a000-7ffd84f2c000 r-xp 00000000 00:00 0                          [vdso]
ffffffffff600000-ffffffffff601000 r-xp 00000000 00:00 0                  [vsyscall]

VM Arguments:
jvm_args: -Xmx1536m -Dfile.encoding=UTF-8 -Duser.country=TR -Duser.language=tr -Duser.variant 
java_command: org.gradle.launcher.daemon.bootstrap.GradleDaemon 5.1.1
java_class_path (initial): /home/myworldsoftware-u/.gradle/wrapper/dists/gradle-5.1.1-all/97z1ksx6lirer3kbvdnh7jtjg/gradle-5.1.1/lib/gradle-launcher-5.1.1.jar
Launcher Type: SUN_STANDARD

Environment Variables:
PATH=/usr/local/sbin:/usr/local/bin:/usr/sbin:/usr/bin:/sbin:/bin:/usr/games:/usr/local/games:/snap/bin
USERNAME=myworldsoftware-u
SHELL=/bin/bash
DISPLAY=:0

Signal Handlers:
SIGSEGV: [libjvm.so+0xa00760], sa_mask[0]=11111111011111111101111111111110, sa_flags=SA_RESTART|SA_SIGINFO
SIGBUS: [libjvm.so+0xa00760], sa_mask[0]=11111111011111111101111111111110, sa_flags=SA_RESTART|SA_SIGINFO
SIGFPE: [libjvm.so+0x863090], sa_mask[0]=11111111011111111101111111111110, sa_flags=SA_RESTART|SA_SIGINFO
SIGPIPE: [libjvm.so+0x863090], sa_mask[0]=11111111011111111101111111111110, sa_flags=SA_RESTART|SA_SIGINFO
SIGXFSZ: [libjvm.so+0x863090], sa_mask[0]=11111111011111111101111111111110, sa_flags=SA_RESTART|SA_SIGINFO
SIGILL: [libjvm.so+0x863090], sa_mask[0]=11111111011111111101111111111110, sa_flags=SA_RESTART|SA_SIGINFO
SIGUSR1: SIG_DFL, sa_mask[0]=00000000000000000000000000000000, sa_flags=none
SIGUSR2: [libjvm.so+0x862f60], sa_mask[0]=00100000000000000000000000000000, sa_flags=SA_RESTART|SA_SIGINFO
SIGHUP: [libjvm.so+0x863150], sa_mask[0]=11111111011111111101111111111110, sa_flags=SA_RESTART|SA_SIGINFO
SIGINT: [libjvm.so+0x863150], sa_mask[0]=11111111011111111101111111111110, sa_flags=SA_RESTART|SA_SIGINFO
SIGTERM: [libjvm.so+0x863150], sa_mask[0]=11111111011111111101111111111110, sa_flags=SA_RESTART|SA_SIGINFO
SIGQUIT: [libjvm.so+0x863150], sa_mask[0]=11111111011111111101111111111110, sa_flags=SA_RESTART|SA_SIGINFO


---------------  S Y S T E M  ---------------

OS:DISTRIB_ID=Ubuntu
DISTRIB_RELEASE=18.04
DISTRIB_CODENAME=bionic
DISTRIB_DESCRIPTION="Ubuntu 18.04.2 LTS"

uname:Linux 4.18.0-20-generic #21~18.04.1-Ubuntu SMP Wed May 8 08:43:37 UTC 2019 x86_64
libc:glibc 2.27 NPTL 2.27 
rlimit: STACK 8192k, CORE 0k, NPROC 30346, NOFILE 1048576, AS infinity
load average:2,45 2,00 1,81

/proc/meminfo:
MemTotal:        7878968 kB
MemFree:          125572 kB
MemAvailable:      24328 kB
Buffers:            1000 kB
Cached:           432568 kB
SwapCached:        13780 kB
Active:          6521196 kB
Inactive:         863884 kB
Active(anon):    6511588 kB
Inactive(anon):   852188 kB
Active(file):       9608 kB
Inactive(file):    11696 kB
Unevictable:          48 kB
Mlocked:              48 kB
SwapTotal:       2097148 kB
SwapFree:              0 kB
Dirty:               240 kB
Writeback:           172 kB
AnonPages:       6941576 kB
Mapped:           184484 kB
Shmem:            411364 kB
Slab:             146284 kB
SReclaimable:      58336 kB
SUnreclaim:        87948 kB
KernelStack:       18160 kB
PageTables:        86468 kB
NFS_Unstable:          0 kB
Bounce:                0 kB
WritebackTmp:          0 kB
CommitLimit:     6036632 kB
Committed_AS:   17316736 kB
VmallocTotal:   34359738367 kB
VmallocUsed:           0 kB
VmallocChunk:          0 kB
HardwareCorrupted:     0 kB
AnonHugePages:         0 kB
ShmemHugePages:        0 kB
ShmemPmdMapped:        0 kB
CmaTotal:              0 kB
CmaFree:               0 kB
HugePages_Total:       0
HugePages_Free:        0
HugePages_Rsvd:        0
HugePages_Surp:        0
Hugepagesize:       2048 kB
Hugetlb:               0 kB
DirectMap4k:      311708 kB
DirectMap2M:     6737920 kB
DirectMap1G:     2097152 kB


CPU:total 4 (initial active 4) (2 cores per cpu, 2 threads per core) family 6 model 142 stepping 9, cmov, cx8, fxsr, mmx, sse, sse2, sse3, ssse3, sse4.1, sse4.2, popcnt, avx, avx2, aes, clmul, erms, 3dnowpref, lzcnt, ht, tsc, tscinvbit, bmi1, bmi2, adx

/proc/cpuinfo:
processor	: 0
vendor_id	: GenuineIntel
cpu family	: 6
model		: 142
model name	: Intel(R) Core(TM) i7-7500U CPU @ 2.70GHz
stepping	: 9
microcode	: 0xb4
cpu MHz		: 2376.768
cache size	: 4096 KB
physical id	: 0
siblings	: 4
core id		: 0
cpu cores	: 2
apicid		: 0
initial apicid	: 0
fpu		: yes
fpu_exception	: yes
cpuid level	: 22
wp		: yes
flags		: fpu vme de pse tsc msr pae mce cx8 apic sep mtrr pge mca cmov pat pse36 clflush dts acpi mmx fxsr sse sse2 ss ht tm pbe syscall nx pdpe1gb rdtscp lm constant_tsc art arch_perfmon pebs bts rep_good nopl xtopology nonstop_tsc cpuid aperfmperf tsc_known_freq pni pclmulqdq dtes64 monitor ds_cpl vmx est tm2 ssse3 sdbg fma cx16 xtpr pdcm pcid sse4_1 sse4_2 x2apic movbe popcnt tsc_deadline_timer aes xsave avx f16c rdrand lahf_lm abm 3dnowprefetch cpuid_fault epb invpcid_single pti ssbd ibrs ibpb stibp tpr_shadow vnmi flexpriority ept vpid fsgsbase tsc_adjust bmi1 avx2 smep bmi2 erms invpcid mpx rdseed adx smap clflushopt intel_pt xsaveopt xsavec xgetbv1 xsaves dtherm ida arat pln pts hwp hwp_notify hwp_act_window hwp_epp md_clear flush_l1d
bugs		: cpu_meltdown spectre_v1 spectre_v2 spec_store_bypass l1tf mds
bogomips	: 5808.00
clflush size	: 64
cache_alignment	: 64
address sizes	: 39 bits physical, 48 bits virtual
power management:

processor	: 1
vendor_id	: GenuineIntel
cpu family	: 6
model		: 142
model name	: Intel(R) Core(TM) i7-7500U CPU @ 2.70GHz
stepping	: 9
microcode	: 0xb4
cpu MHz		: 2318.281
cache size	: 4096 KB
physical id	: 0
siblings	: 4
core id		: 1
cpu cores	: 2
apicid		: 2
initial apicid	: 2
fpu		: yes
fpu_exception	: yes
cpuid level	: 22
wp		: yes
flags		: fpu vme de pse tsc msr pae mce cx8 apic sep mtrr pge mca cmov pat pse36 clflush dts acpi mmx fxsr sse sse2 ss ht tm pbe syscall nx pdpe1gb rdtscp lm constant_tsc art arch_perfmon pebs bts rep_good nopl xtopology nonstop_tsc cpuid aperfmperf tsc_known_freq pni pclmulqdq dtes64 monitor ds_cpl vmx est tm2 ssse3 sdbg fma cx16 xtpr pdcm pcid sse4_1 sse4_2 x2apic movbe popcnt tsc_deadline_timer aes xsave avx f16c rdrand lahf_lm abm 3dnowprefetch cpuid_fault epb invpcid_single pti ssbd ibrs ibpb stibp tpr_shadow vnmi flexpriority ept vpid fsgsbase tsc_adjust bmi1 avx2 smep bmi2 erms invpcid mpx rdseed adx smap clflushopt intel_pt xsaveopt xsavec xgetbv1 xsaves dtherm ida arat pln pts hwp hwp_notify hwp_act_window hwp_epp md_clear flush_l1d
bugs		: cpu_meltdown spectre_v1 spectre_v2 spec_store_bypass l1tf mds
bogomips	: 5808.00
clflush size	: 64
cache_alignment	: 64
address sizes	: 39 bits physical, 48 bits virtual
power management:

processor	: 2
vendor_id	: GenuineIntel
cpu family	: 6
model		: 142
model name	: Intel(R) Core(TM) i7-7500U CPU @ 2.70GHz
stepping	: 9
microcode	: 0xb4
cpu MHz		: 2409.359
cache size	: 4096 KB
physical id	: 0
siblings	: 4
core id		: 0
cpu cores	: 2
apicid		: 1
initial apicid	: 1
fpu		: yes
fpu_exception	: yes
cpuid level	: 22
wp		: yes
flags		: fpu vme de pse tsc msr pae mce cx8 apic sep mtrr pge mca cmov pat pse36 clflush dts acpi mmx fxsr sse sse2 ss ht tm pbe syscall nx pdpe1gb rdtscp lm constant_tsc art arch_perfmon pebs bts rep_good nopl xtopology nonstop_tsc cpuid aperfmperf tsc_known_freq pni pclmulqdq dtes64 monitor ds_cpl vmx est tm2 ssse3 sdbg fma cx16 xtpr pdcm pcid sse4_1 sse4_2 x2apic movbe popcnt tsc_deadline_timer aes xsave avx f16c rdrand lahf_lm abm 3dnowprefetch cpuid_fault epb invpcid_single pti ssbd ibrs ibpb stibp tpr_shadow vnmi flexpriority ept vpid fsgsbase tsc_adjust bmi1 avx2 smep bmi2 erms invpcid mpx rdseed adx smap clflushopt intel_pt xsaveopt xsavec xgetbv1 xsaves dtherm ida arat pln pts hwp hwp_notify hwp_act_window hwp_epp md_clear flush_l1d
bugs		: cpu_meltdown spectre_v1 spectre_v2 spec_store_bypass l1tf mds
bogomips	: 5808.00
clflush size	: 64
cache_alignment	: 64
address sizes	: 39 bits physical, 48 bits virtual
power management:

processor	: 3
vendor_id	: GenuineIntel
cpu family	: 6
model		: 142
model name	: Intel(R) Core(TM) i7-7500U CPU @ 2.70GHz
stepping	: 9
microcode	: 0xb4
cpu MHz		: 2386.601
cache size	: 4096 KB
physical id	: 0
siblings	: 4
core id		: 1
cpu cores	: 2
apicid		: 3
initial apicid	: 3
fpu		: yes
fpu_exception	: yes
cpuid level	: 22
wp		: yes
flags		: fpu vme de pse tsc msr pae mce cx8 apic sep mtrr pge mca cmov pat pse36 clflush dts acpi mmx fxsr sse sse2 ss ht tm pbe syscall nx pdpe1gb rdtscp lm constant_tsc art arch_perfmon pebs bts rep_good nopl xtopology nonstop_tsc cpuid aperfmperf tsc_known_freq pni pclmulqdq dtes64 monitor ds_cpl vmx est tm2 ssse3 sdbg fma cx16 xtpr pdcm pcid sse4_1 sse4_2 x2apic movbe popcnt tsc_deadline_timer aes xsave avx f16c rdrand lahf_lm abm 3dnowprefetch cpuid_fault epb invpcid_single pti ssbd ibrs ibpb stibp tpr_shadow vnmi flexpriority ept vpid fsgsbase tsc_adjust bmi1 avx2 smep bmi2 erms invpcid mpx rdseed adx smap clflushopt intel_pt xsaveopt xsavec xgetbv1 xsaves dtherm ida arat pln pts hwp hwp_notify hwp_act_window hwp_epp md_clear flush_l1d
bugs		: cpu_meltdown spectre_v1 spectre_v2 spec_store_bypass l1tf mds
bogomips	: 5808.00
clflush size	: 64
cache_alignment	: 64
address sizes	: 39 bits physical, 48 bits virtual
power management:



Memory: 4k page, physical 7878968k(125572k free), swap 2097148k(0k free)

vm_info: OpenJDK 64-Bit Server VM (25.152-b16-5323222) for linux-amd64 JRE (1.8.0_152-release-1343-b16-5323222), built by "android-build" with gcc 4.8

time: Wed Sep 11 14:15:07 2019
elapsed time: 4 seconds (0d 0h 0m 4s)

